
[14:35:05 545][libnative-lib.so 0x03b41] [f0b5    ] 0x40003b40: "push {r4, r5, r6, r7, lr}" sp=0xbffff718 r4=0x0 r5=0x0 r6=0x0 r7=0x0 lr=0xffff0000 => sp=0xbffff704
[14:35:05 554][libnative-lib.so 0x03b43] [03af    ] 0x40003b42: "add r7, sp, #0xc" sp=0xbffff704 => r7=0xbffff710
[14:35:05 554][libnative-lib.so 0x03b45] [2de9000f] 0x40003b44: "push.w {r8, sb, sl, fp}" sp=0xbffff704 r8=0x0 sb=0x0 sl=0x0 fp=0x0 => sp=0xbffff6f4 r8=0x0 sb=0x0 sl=0x0 fp=0x0
[14:35:05 554][libnative-lib.so 0x03b49] [dbb0    ] 0x40003b48: "sub sp, #0x16c" sp=0xbffff6f4 => sp=0xbffff588
[14:35:05 554][libnative-lib.so 0x03b4b] [6c46    ] 0x40003b4a: "mov r4, sp" sp=0xbffff588 => r4=0xbffff588
[14:35:05 555][libnative-lib.so 0x03b4d] [6ff30304] 0x40003b4c: "bfc r4, #0, #4" r4=0xbffff588 => r4=0xbffff580
[14:35:05 555][libnative-lib.so 0x03b51] [a546    ] 0x40003b50: "mov sp, r4" r4=0xbffff580 => sp=0xbffff580
[14:35:05 555][libnative-lib.so 0x03b53] [8046    ] 0x40003b52: "mov r8, r0" r0=0xfffe12a0 => r8=0xfffe12a0
[14:35:05 555][libnative-lib.so 0x03b55] [9a48    ] 0x40003b54: "ldr r0, [pc, #0x268]" => r0=0x240c
[14:35:05 555][libnative-lib.so 0x03b57] [1e46    ] 0x40003b56: "mov r6, r3" r3=0x5b1d2887 => r6=0x5b1d2887
[14:35:05 555][libnative-lib.so 0x03b59] [7844    ] 0x40003b58: "add r0, pc" r0=0x240c => r0=0x40005f68
[14:35:05 556][libnative-lib.so 0x03b5b] [0568    ] 0x40003b5a: "ldr r5, [r0]" r0=0x40005f68 => r5=0x40120ec0
[14:35:05 556][libnative-lib.so 0x03b5d] [2868    ] 0x40003b5c: "ldr r0, [r5]" r5=0x40120ec0 => r0=0x0
[14:35:05 556][libnative-lib.so 0x03b5f] [5a90    ] 0x40003b5e: "str r0, [sp, #0x168]" r0=0x0 sp=0xbffff580
[14:35:05 556][libnative-lib.so 0x03b61] [4046    ] 0x40003b60: "mov r0, r8" r8=0xfffe12a0 => r0=0xfffe12a0
[14:35:05 556][libnative-lib.so 0x03b63] [fdf7d1ff] 0x40003b62: "bl #0x40001b08"
[14:35:05 557][libnative-lib.so 0x01b09] [f0b5    ] 0x40001b08: "push {r4, r5, r6, r7, lr}" sp=0xbffff580 r4=0xbffff580 r5=0x40120ec0 r6=0x5b1d2887 r7=0xbffff710 lr=0x40003b67 => sp=0xbffff56c
[14:35:05 557][libnative-lib.so 0x01b0b] [03af    ] 0x40001b0a: "add r7, sp, #0xc" sp=0xbffff56c => r7=0xbffff578
[14:35:05 557][libnative-lib.so 0x01b0d] [2de9c007] 0x40001b0c: "push.w {r6, r7, r8, sb, sl}" sp=0xbffff56c r6=0x5b1d2887 r7=0xbffff578 r8=0xfffe12a0 sb=0x0 sl=0x0 => sp=0xbffff558 r6=0x5b1d2887 r7=0xbffff578 r8=0xfffe12a0 sb=0x0 sl=0x0
[14:35:05 557][libnative-lib.so 0x01b11] [0446    ] 0x40001b10: "mov r4, r0" r0=0xfffe12a0 => r4=0xfffe12a0
[14:35:05 557][libnative-lib.so 0x01b13] [0068    ] 0x40001b12: "ldr r0, [r0]" r0=0xfffe12a0 => r0=0xfffe0ef0
[14:35:05 557][libnative-lib.so 0x01b15] [1546    ] 0x40001b14: "mov r5, r2" r2=0x24273305 => r5=0x24273305
[14:35:05 558][libnative-lib.so 0x01b17] [2946    ] 0x40001b16: "mov r1, r5" r5=0x24273305 => r1=0x24273305
[14:35:05 558][libnative-lib.so 0x01b19] [c26f    ] 0x40001b18: "ldr r2, [r0, #0x7c]" r0=0xfffe0ef0 => r2=0xfffe0240
[14:35:05 558][libnative-lib.so 0x01b1b] [2046    ] 0x40001b1a: "mov r0, r4" r4=0xfffe12a0 => r0=0xfffe12a0
[14:35:05 558][libnative-lib.so 0x01b1d] [9047    ] 0x40001b1c: "blx r2" r2=0xfffe0240 => lr=0x40001b1f
[14:35:05 559][libnative-lib.so 0x01b1f] [8246    ] 0x40001b1e: "mov sl, r0" r0=0xefcdea78 => sl=0xefcdea78
[14:35:05 559][libnative-lib.so 0x01b21] [2068    ] 0x40001b20: "ldr r0, [r4]" r4=0xfffe12a0 => r0=0xfffe0ef0
[14:35:05 559][libnative-lib.so 0x01b23] [5146    ] 0x40001b22: "mov r1, sl" sl=0xefcdea78 => r1=0xefcdea78
[14:35:05 559][libnative-lib.so 0x01b25] [d0f88460] 0x40001b24: "ldr.w r6, [r0, #0x84]" r0=0xfffe0ef0 => r6=0xfffe0260
[14:35:05 559][libnative-lib.so 0x01b29] [2046    ] 0x40001b28: "mov r0, r4" r4=0xfffe12a0 => r0=0xfffe12a0
[14:35:05 559][libnative-lib.so 0x01b2b] [4b4a    ] 0x40001b2a: "ldr r2, [pc, #0x12c]" => r2=0x2b59
[14:35:05 559][libnative-lib.so 0x01b2d] [4b4b    ] 0x40001b2c: "ldr r3, [pc, #0x12c]" => r3=0x2b69
[14:35:05 559][libnative-lib.so 0x01b2f] [7a44    ] 0x40001b2e: "add r2, pc" r2=0x2b59 => r2=0x4000468b
[14:35:05 560][libnative-lib.so 0x01b31] [7b44    ] 0x40001b30: "add r3, pc" r3=0x2b69 => r3=0x4000469d
[14:35:05 560][libnative-lib.so 0x01b33] [b047    ] 0x40001b32: "blx r6" r6=0xfffe0260 => lr=0x40001b35
[14:35:05 562][libnative-lib.so 0x01b35] [0246    ] 0x40001b34: "mov r2, r0" r0=0x3acc78f0 => r2=0x3acc78f0
[14:35:05 562][libnative-lib.so 0x01b37] [2068    ] 0x40001b36: "ldr r0, [r4]" r4=0xfffe12a0 => r0=0xfffe0ef0
[14:35:05 562][libnative-lib.so 0x01b39] [2946    ] 0x40001b38: "mov r1, r5" r5=0x24273305 => r1=0x24273305
[14:35:05 563][libnative-lib.so 0x01b3b] [d0f88830] 0x40001b3a: "ldr.w r3, [r0, #0x88]" r0=0xfffe0ef0 => r3=0xfffe0270
[14:35:05 563][libnative-lib.so 0x01b3f] [2046    ] 0x40001b3e: "mov r0, r4" r4=0xfffe12a0 => r0=0xfffe12a0
[14:35:05 563][libnative-lib.so 0x01b41] [9847    ] 0x40001b40: "blx r3" r3=0xfffe0270 => lr=0x40001b43
[14:35:05 566][libnative-lib.so 0x01b43] [8046    ] 0x40001b42: "mov r8, r0" r0=0x3aa9e816 => r8=0x3aa9e816
[14:35:05 566][libnative-lib.so 0x01b45] [2068    ] 0x40001b44: "ldr r0, [r4]" r4=0xfffe12a0 => r0=0xfffe0ef0
[14:35:05 566][libnative-lib.so 0x01b47] [4146    ] 0x40001b46: "mov r1, r8" r8=0x3aa9e816 => r1=0x3aa9e816
[14:35:05 566][libnative-lib.so 0x01b49] [c26f    ] 0x40001b48: "ldr r2, [r0, #0x7c]" r0=0xfffe0ef0 => r2=0xfffe0240
[14:35:05 566][libnative-lib.so 0x01b4b] [2046    ] 0x40001b4a: "mov r0, r4" r4=0xfffe12a0 => r0=0xfffe12a0
[14:35:05 566][libnative-lib.so 0x01b4d] [9047    ] 0x40001b4c: "blx r2" r2=0xfffe0240 => lr=0x40001b4f
[14:35:05 567][libnative-lib.so 0x01b4f] [0146    ] 0x40001b4e: "mov r1, r0" r0=0xdd884762 => r1=0xdd884762
[14:35:05 567][libnative-lib.so 0x01b51] [2068    ] 0x40001b50: "ldr r0, [r4]" r4=0xfffe12a0 => r0=0xfffe0ef0
[14:35:05 567][libnative-lib.so 0x01b53] [d0f88460] 0x40001b52: "ldr.w r6, [r0, #0x84]" r0=0xfffe0ef0 => r6=0xfffe0260
[14:35:05 567][libnative-lib.so 0x01b57] [2046    ] 0x40001b56: "mov r0, r4" r4=0xfffe12a0 => r0=0xfffe12a0
[14:35:05 568][libnative-lib.so 0x01b59] [414a    ] 0x40001b58: "ldr r2, [pc, #0x104]" => r2=0x2b63
[14:35:05 568][libnative-lib.so 0x01b5b] [424b    ] 0x40001b5a: "ldr r3, [pc, #0x108]" => r3=0x2b70
[14:35:05 568][libnative-lib.so 0x01b5d] [7a44    ] 0x40001b5c: "add r2, pc" r2=0x2b63 => r2=0x400046c3
[14:35:05 568][libnative-lib.so 0x01b5f] [7b44    ] 0x40001b5e: "add r3, pc" r3=0x2b70 => r3=0x400046d2
[14:35:05 568][libnative-lib.so 0x01b61] [b047    ] 0x40001b60: "blx r6" r6=0xfffe0260 => lr=0x40001b63
[14:35:05 570][libnative-lib.so 0x01b63] [8146    ] 0x40001b62: "mov sb, r0" r0=0x3bca8377 => sb=0x3bca8377
[14:35:05 570][libnative-lib.so 0x01b65] [2068    ] 0x40001b64: "ldr r0, [r4]" r4=0xfffe12a0 => r0=0xfffe0ef0
[14:35:05 570][libnative-lib.so 0x01b67] [5146    ] 0x40001b66: "mov r1, sl" sl=0xefcdea78 => r1=0xefcdea78
[14:35:05 570][libnative-lib.so 0x01b69] [d0f88460] 0x40001b68: "ldr.w r6, [r0, #0x84]" r0=0xfffe0ef0 => r6=0xfffe0260
[14:35:05 570][libnative-lib.so 0x01b6d] [2046    ] 0x40001b6c: "mov r0, r4" r4=0xfffe12a0 => r0=0xfffe12a0
[14:35:05 570][libnative-lib.so 0x01b6f] [3e4a    ] 0x40001b6e: "ldr r2, [pc, #0xf8]" => r2=0x2b92
[14:35:05 570][libnative-lib.so 0x01b71] [3e4b    ] 0x40001b70: "ldr r3, [pc, #0xf8]" => r3=0x2b9f
[14:35:05 571][libnative-lib.so 0x01b73] [7a44    ] 0x40001b72: "add r2, pc" r2=0x2b92 => r2=0x40004708
[14:35:05 571][libnative-lib.so 0x01b75] [7b44    ] 0x40001b74: "add r3, pc" r3=0x2b9f => r3=0x40004717
[14:35:05 571][libnative-lib.so 0x01b77] [b047    ] 0x40001b76: "blx r6" r6=0xfffe0260 => lr=0x40001b79
[14:35:05 572][libnative-lib.so 0x01b79] [0246    ] 0x40001b78: "mov r2, r0" r0=0xf6590850 => r2=0xf6590850
[14:35:05 572][libnative-lib.so 0x01b7b] [2068    ] 0x40001b7a: "ldr r0, [r4]" r4=0xfffe12a0 => r0=0xfffe0ef0
[14:35:05 572][libnative-lib.so 0x01b7d] [2946    ] 0x40001b7c: "mov r1, r5" r5=0x24273305 => r1=0x24273305
[14:35:05 572][libnative-lib.so 0x01b7f] [d0f88830] 0x40001b7e: "ldr.w r3, [r0, #0x88]" r0=0xfffe0ef0 => r3=0xfffe0270
[14:35:05 572][libnative-lib.so 0x01b83] [2046    ] 0x40001b82: "mov r0, r4" r4=0xfffe12a0 => r0=0xfffe12a0
[14:35:05 573][libnative-lib.so 0x01b85] [9847    ] 0x40001b84: "blx r3" r3=0xfffe0270 => lr=0x40001b87
[14:35:05 759][libnative-lib.so 0x01b87] [0646    ] 0x40001b86: "mov r6, r0" r0=0x17550481 => r6=0x17550481
[14:35:05 760][libnative-lib.so 0x01b89] [2068    ] 0x40001b88: "ldr r0, [r4]" r4=0xfffe12a0 => r0=0xfffe0ef0
[14:35:05 760][libnative-lib.so 0x01b8b] [3146    ] 0x40001b8a: "mov r1, r6" r6=0x17550481 => r1=0x17550481
[14:35:05 760][libnative-lib.so 0x01b8d] [0022    ] 0x40001b8c: "movs r2, #0" => r2=0x0
[14:35:05 760][libnative-lib.so 0x01b8f] [d0f8a432] 0x40001b8e: "ldr.w r3, [r0, #0x2a4]" r0=0xfffe0ef0 => r3=0xfffe0a90
[14:35:05 760][libnative-lib.so 0x01b93] [2046    ] 0x40001b92: "mov r0, r4" r4=0xfffe12a0 => r0=0xfffe12a0
[14:35:05 760][libnative-lib.so 0x01b95] [9847    ] 0x40001b94: "blx r3" r3=0xfffe0a90 => lr=0x40001b97
[14:35:05 762][libnative-lib.so 0x01b97] [8246    ] 0x40001b96: "mov sl, r0" r0=0x4016d000 => sl=0x4016d000
[14:35:05 762][libnative-lib.so 0x01b99] [2068    ] 0x40001b98: "ldr r0, [r4]" r4=0xfffe12a0 => r0=0xfffe0ef0
[14:35:05 763][libnative-lib.so 0x01b9b] [4146    ] 0x40001b9a: "mov r1, r8" r8=0x3aa9e816 => r1=0x3aa9e816
[14:35:05 763][libnative-lib.so 0x01b9d] [4a46    ] 0x40001b9c: "mov r2, sb" sb=0x3bca8377 => r2=0x3bca8377
[14:35:05 763][libnative-lib.so 0x01b9f] [3346    ] 0x40001b9e: "mov r3, r6" r6=0x17550481 => r3=0x17550481
[14:35:05 763][libnative-lib.so 0x01ba1] [d0f88850] 0x40001ba0: "ldr.w r5, [r0, #0x88]" r0=0xfffe0ef0 => r5=0xfffe0270
[14:35:05 763][libnative-lib.so 0x01ba5] [4020    ] 0x40001ba4: "movs r0, #0x40" => r0=0x40
[14:35:05 763][libnative-lib.so 0x01ba7] [0090    ] 0x40001ba6: "str r0, [sp]" r0=0x40 sp=0xbffff558
[14:35:05 763][libnative-lib.so 0x01ba9] [2046    ] 0x40001ba8: "mov r0, r4" r4=0xfffe12a0 => r0=0xfffe12a0
[14:35:05 764][libnative-lib.so 0x01bab] [a847    ] 0x40001baa: "blx r5" r5=0xfffe0270 => lr=0x40001bad
[14:35:05 765][libnative-lib.so 0x01bad] [0646    ] 0x40001bac: "mov r6, r0" r0=0x735f7ae5 => r6=0x735f7ae5
[14:35:05 765][libnative-lib.so 0x01baf] [2068    ] 0x40001bae: "ldr r0, [r4]" r4=0xfffe12a0 => r0=0xfffe0ef0
[14:35:05 765][libnative-lib.so 0x01bb1] [3146    ] 0x40001bb0: "mov r1, r6" r6=0x735f7ae5 => r1=0x735f7ae5
[14:35:05 765][libnative-lib.so 0x01bb3] [c26f    ] 0x40001bb2: "ldr r2, [r0, #0x7c]" r0=0xfffe0ef0 => r2=0xfffe0240
[14:35:05 766][libnative-lib.so 0x01bb5] [2046    ] 0x40001bb4: "mov r0, r4" r4=0xfffe12a0 => r0=0xfffe12a0
[14:35:05 766][libnative-lib.so 0x01bb7] [9047    ] 0x40001bb6: "blx r2" r2=0xfffe0240 => lr=0x40001bb9
[14:35:05 766][libnative-lib.so 0x01bb9] [0146    ] 0x40001bb8: "mov r1, r0" r0=0x30f944f7 => r1=0x30f944f7
[14:35:05 766][libnative-lib.so 0x01bbb] [2068    ] 0x40001bba: "ldr r0, [r4]" r4=0xfffe12a0 => r0=0xfffe0ef0
[14:35:05 766][libnative-lib.so 0x01bbd] [d0f87851] 0x40001bbc: "ldr.w r5, [r0, #0x178]" r0=0xfffe0ef0 => r5=0xfffe0630
[14:35:05 766][libnative-lib.so 0x01bc1] [2046    ] 0x40001bc0: "mov r0, r4" r4=0xfffe12a0 => r0=0xfffe12a0
[14:35:05 766][libnative-lib.so 0x01bc3] [2b4a    ] 0x40001bc2: "ldr r2, [pc, #0xac]" => r2=0x2b62
[14:35:05 767][libnative-lib.so 0x01bc5] [2b4b    ] 0x40001bc4: "ldr r3, [pc, #0xac]" => r3=0x2b6b
[14:35:05 767][libnative-lib.so 0x01bc7] [7a44    ] 0x40001bc6: "add r2, pc" r2=0x2b62 => r2=0x4000472c
[14:35:05 767][libnative-lib.so 0x01bc9] [7b44    ] 0x40001bc8: "add r3, pc" r3=0x2b6b => r3=0x40004737
[14:35:05 767][libnative-lib.so 0x01bcb] [a847    ] 0x40001bca: "blx r5" r5=0xfffe0630 => lr=0x40001bcd
[14:35:05 770][libnative-lib.so 0x01bcd] [0246    ] 0x40001bcc: "mov r2, r0" r0=0x25f17218 => r2=0x25f17218
[14:35:05 770][libnative-lib.so 0x01bcf] [2068    ] 0x40001bce: "ldr r0, [r4]" r4=0xfffe12a0 => r0=0xfffe0ef0
[14:35:05 770][libnative-lib.so 0x01bd1] [3146    ] 0x40001bd0: "mov r1, r6" r6=0x735f7ae5 => r1=0x735f7ae5
[14:35:05 770][libnative-lib.so 0x01bd3] [d0f87c31] 0x40001bd2: "ldr.w r3, [r0, #0x17c]" r0=0xfffe0ef0 => r3=0xfffe0640
[14:35:05 770][libnative-lib.so 0x01bd7] [2046    ] 0x40001bd6: "mov r0, r4" r4=0xfffe12a0 => r0=0xfffe12a0
[14:35:05 770][libnative-lib.so 0x01bd9] [9847    ] 0x40001bd8: "blx r3" r3=0xfffe0640 => lr=0x40001bdb
[14:35:05 839][libnative-lib.so 0x01bdb] [0146    ] 0x40001bda: "mov r1, r0" r0=0x1810399e => r1=0x1810399e
[14:35:05 839][libnative-lib.so 0x01bdd] [2068    ] 0x40001bdc: "ldr r0, [r4]" r4=0xfffe12a0 => r0=0xfffe0ef0
[14:35:05 839][libnative-lib.so 0x01bdf] [0022    ] 0x40001bde: "movs r2, #0" => r2=0x0
[14:35:05 840][libnative-lib.so 0x01be1] [d0f8b432] 0x40001be0: "ldr.w r3, [r0, #0x2b4]" r0=0xfffe0ef0 => r3=0xfffe0ad0
[14:35:05 840][libnative-lib.so 0x01be5] [2046    ] 0x40001be4: "mov r0, r4" r4=0xfffe12a0 => r0=0xfffe12a0
[14:35:05 840][libnative-lib.so 0x01be7] [9847    ] 0x40001be6: "blx r3" r3=0xfffe0ad0 => lr=0x40001be9
[14:35:05 841][libnative-lib.so 0x01be9] [0646    ] 0x40001be8: "mov r6, r0" r0=0x5f375618 => r6=0x5f375618
[14:35:05 841][libnative-lib.so 0x01beb] [2068    ] 0x40001bea: "ldr r0, [r4]" r4=0xfffe12a0 => r0=0xfffe0ef0
[14:35:05 841][libnative-lib.so 0x01bed] [3146    ] 0x40001bec: "mov r1, r6" r6=0x5f375618 => r1=0x5f375618
[14:35:05 842][libnative-lib.so 0x01bef] [c26f    ] 0x40001bee: "ldr r2, [r0, #0x7c]" r0=0xfffe0ef0 => r2=0xfffe0240
[14:35:05 842][libnative-lib.so 0x01bf1] [2046    ] 0x40001bf0: "mov r0, r4" r4=0xfffe12a0 => r0=0xfffe12a0
[14:35:05 842][libnative-lib.so 0x01bf3] [9047    ] 0x40001bf2: "blx r2" r2=0xfffe0240 => lr=0x40001bf5
[14:35:05 842][libnative-lib.so 0x01bf5] [0146    ] 0x40001bf4: "mov r1, r0" r0=0xdb4a449b => r1=0xdb4a449b
[14:35:05 842][libnative-lib.so 0x01bf7] [2068    ] 0x40001bf6: "ldr r0, [r4]" r4=0xfffe12a0 => r0=0xfffe0ef0
[14:35:05 842][libnative-lib.so 0x01bf9] [d0f88450] 0x40001bf8: "ldr.w r5, [r0, #0x84]" r0=0xfffe0ef0 => r5=0xfffe0260
[14:35:05 842][libnative-lib.so 0x01bfd] [2046    ] 0x40001bfc: "mov r0, r4" r4=0xfffe12a0 => r0=0xfffe12a0
[14:35:05 843][libnative-lib.so 0x01bff] [1e4a    ] 0x40001bfe: "ldr r2, [pc, #0x78]" => r2=0x2b51
[14:35:05 843][libnative-lib.so 0x01c01] [1e4b    ] 0x40001c00: "ldr r3, [pc, #0x78]" => r3=0x2b58
[14:35:05 843][libnative-lib.so 0x01c03] [7a44    ] 0x40001c02: "add r2, pc" r2=0x2b51 => r2=0x40004757
[14:35:05 843][libnative-lib.so 0x01c05] [7b44    ] 0x40001c04: "add r3, pc" r3=0x2b58 => r3=0x40004760
[14:35:05 844][libnative-lib.so 0x01c07] [a847    ] 0x40001c06: "blx r5" r5=0xfffe0260 => lr=0x40001c09
[14:35:05 845][libnative-lib.so 0x01c09] [0246    ] 0x40001c08: "mov r2, r0" r0=0xde4fcc20 => r2=0xde4fcc20
[14:35:05 845][libnative-lib.so 0x01c0b] [2068    ] 0x40001c0a: "ldr r0, [r4]" r4=0xfffe12a0 => r0=0xfffe0ef0
[14:35:05 845][libnative-lib.so 0x01c0d] [3146    ] 0x40001c0c: "mov r1, r6" r6=0x5f375618 => r1=0x5f375618
[14:35:05 845][libnative-lib.so 0x01c0f] [d0f8c430] 0x40001c0e: "ldr.w r3, [r0, #0xc4]" r0=0xfffe0ef0 => r3=0xfffe0360
[14:35:05 845][libnative-lib.so 0x01c13] [2046    ] 0x40001c12: "mov r0, r4" r4=0xfffe12a0 => r0=0xfffe12a0
[14:35:05 845][libnative-lib.so 0x01c15] [9847    ] 0x40001c14: "blx r3" r3=0xfffe0360 => lr=0x40001c17
[14:35:05 846][libnative-lib.so 0x01c17] [1a49    ] 0x40001c16: "ldr r1, [pc, #0x68]" => r1=0x2b44
[14:35:05 846][libnative-lib.so 0x01c19] [0446    ] 0x40001c18: "mov r4, r0" r0=0x40a3e5e => r4=0x40a3e5e
[14:35:05 846][libnative-lib.so 0x01c1b] [5046    ] 0x40001c1a: "mov r0, sl" sl=0x4016d000 => r0=0x4016d000
[14:35:05 846][libnative-lib.so 0x01c1d] [7944    ] 0x40001c1c: "add r1, pc" r1=0x2b44 => r1=0x40004764
[14:35:05 846][libnative-lib.so 0x01c1f] [fef780ef] 0x40001c1e: "blx #0x40000b20"
[14:35:05 847][libnative-lib.so 0x00b20] [00c68fe2] 0x40000b20: "add ip, pc, #0, #12" => ip=0x40000b28
[14:35:05 847][libnative-lib.so 0x00b24] [05ca8ce2] 0x40000b24: "add ip, ip, #0x5000" ip=0x40000b28 => ip=0x40005b28
[14:35:05 847][libnative-lib.so 0x00b28] [b0f4bce5] 0x40000b28: "ldr pc, [ip, #0x4b0]!" ip=0x40005b28
[14:35:05 847][libnative-lib.so 0x01c23] [70b1    ] 0x40001c22: "cbz r0, #0x40001c42" r0=0x0
[14:35:05 848][libnative-lib.so 0x01c43] [0449    ] 0x40001c42: "ldr r1, [pc, #0x10]" => r1=0x40a3e5e
[14:35:05 848][libnative-lib.so 0x01c45] [6ff00100] 0x40001c44: "mvn r0, #1" => r0=0xfffffffe
[14:35:05 848][libnative-lib.so 0x01c49] [8c42    ] 0x40001c48: "cmp r4, r1" r4=0x40a3e5e r1=0x40a3e5e => cpsr: N=0, Z=1, C=1, V=0
[14:35:05 848][libnative-lib.so 0x01c4b] [08bf    ] 0x40001c4a: "it eq"
[14:35:05 849][libnative-lib.so 0x01c4d] [0120    ] 0x40001c4c: "movs r0, #1" => r0=0x1
[14:35:05 849][libnative-lib.so 0x01c4f] [bde80c07] 0x40001c4e: "pop.w {r2, r3, r8, sb, sl}" sp=0xbffff558 => sp=0xbffff56c r2=0x40 r3=0xbffff578 r8=0xfffe12a0 sb=0x0 sl=0x0
[14:35:05 849][libnative-lib.so 0x01c53] [f0bd    ] 0x40001c52: "pop {r4, r5, r6, r7, pc}" sp=0xbffff56c
[14:35:05 849][libnative-lib.so 0x03b67] [0128    ] 0x40003b66: "cmp r0, #1" r0=0x1 => cpsr: N=0, Z=1, C=1, V=0
[14:35:05 850][libnative-lib.so 0x03b69] [40f0ac80] 0x40003b68: "bne.w #0x40003cc4"
[14:35:05 850][libnative-lib.so 0x03b6d] [d8f80000] 0x40003b6c: "ldr.w r0, [r8]" r8=0xfffe12a0 => r0=0xfffe0ef0
[14:35:05 850][libnative-lib.so 0x03b71] [3146    ] 0x40003b70: "mov r1, r6" r6=0x5b1d2887 => r1=0x5b1d2887
[14:35:05 850][libnative-lib.so 0x03b73] [0022    ] 0x40003b72: "movs r2, #0" => r2=0x0
[14:35:05 850][libnative-lib.so 0x03b75] [bc68    ] 0x40003b74: "ldr r4, [r7, #8]" r7=0xbffff710 => r4=0x46f5f779
[14:35:05 850][libnative-lib.so 0x03b77] [4ff00009] 0x40003b76: "mov.w sb, #0" => sb=0x0
[14:35:05 851][libnative-lib.so 0x03b7b] [d0f8a432] 0x40003b7a: "ldr.w r3, [r0, #0x2a4]" r0=0xfffe0ef0 => r3=0xfffe0a90
[14:35:05 851][libnative-lib.so 0x03b7f] [4046    ] 0x40003b7e: "mov r0, r8" r8=0xfffe12a0 => r0=0xfffe12a0
[14:35:05 851][libnative-lib.so 0x03b81] [9847    ] 0x40003b80: "blx r3" r3=0xfffe0a90 => lr=0x40003b83
[14:35:05 852][libnative-lib.so 0x03b83] [8246    ] 0x40003b82: "mov sl, r0" r0=0x4016e000 => sl=0x4016e000
[14:35:05 852][libnative-lib.so 0x03b85] [d8f80000] 0x40003b84: "ldr.w r0, [r8]" r8=0xfffe12a0 => r0=0xfffe0ef0
[14:35:05 853][libnative-lib.so 0x03b89] [2146    ] 0x40003b88: "mov r1, r4" r4=0x46f5f779 => r1=0x46f5f779
[14:35:05 853][libnative-lib.so 0x03b8b] [0022    ] 0x40003b8a: "movs r2, #0" => r2=0x0
[14:35:05 853][libnative-lib.so 0x03b8d] [d0f8a432] 0x40003b8c: "ldr.w r3, [r0, #0x2a4]" r0=0xfffe0ef0 => r3=0xfffe0a90
[14:35:05 853][libnative-lib.so 0x03b91] [4046    ] 0x40003b90: "mov r0, r8" r8=0xfffe12a0 => r0=0xfffe12a0
[14:35:05 853][libnative-lib.so 0x03b93] [9847    ] 0x40003b92: "blx r3" r3=0xfffe0a90 => lr=0x40003b95
[14:35:05 855][libnative-lib.so 0x03b95] [baf1000f] 0x40003b94: "cmp.w sl, #0" sl=0x4016e000 => cpsr: N=0, Z=0, C=1, V=0
[14:35:05 855][libnative-lib.so 0x03b99] [18bf    ] 0x40003b98: "it ne"
[14:35:05 855][libnative-lib.so 0x03b9b] [0028    ] 0x40003b9a: "cmp r0, #0" r0=0x4016f000 => cpsr: N=0, Z=0, C=1, V=0
[14:35:05 856][libnative-lib.so 0x03b9d] [00f0f280] 0x40003b9c: "beq.w #0x40003d84"
[14:35:05 856][libnative-lib.so 0x03ba1] [03a9    ] 0x40003ba0: "add r1, sp, #0xc" sp=0xbffff580 => r1=0xbffff58c
[14:35:05 856][libnative-lib.so 0x03ba3] [71c1    ] 0x40003ba2: "stm r1!, {r0, r4, r5, r6}" r1=0xbffff58c r0=0x4016f000 r4=0x46f5f779 r5=0x40120ec0 r6=0x5b1d2887 => r1=0xbffff59c
[14:35:05 856][libnative-lib.so 0x03ba5] [fcf79eef] 0x40003ba4: "blx #0x40000ae4"
[14:35:05 856][libnative-lib.so 0x00ae4] [00c68fe2] 0x40000ae4: "add ip, pc, #0, #12" => ip=0x40000aec
[14:35:05 857][libnative-lib.so 0x00ae8] [05ca8ce2] 0x40000ae8: "add ip, ip, #0x5000" ip=0x40000aec => ip=0x40005aec
[14:35:05 857][libnative-lib.so 0x00aec] [d8f4bce5] 0x40000aec: "ldr pc, [ip, #0x4d8]!" ip=0x40005aec
[14:35:05 858][libnative-lib.so 0x03ba9] [874a    ] 0x40003ba8: "ldr r2, [pc, #0x21c]" => r2=0x2534
[14:35:05 858][libnative-lib.so 0x03bab] [0130    ] 0x40003baa: "adds r0, #1" r0=0x60b3002a => r0=0x60b3002b
[14:35:05 858][libnative-lib.so 0x03bad] [0df1600b] 0x40003bac: "add.w fp, sp, #0x60" sp=0xbffff580 => fp=0xbffff5e0
[14:35:05 859][libnative-lib.so 0x03bb1] [4ff00009] 0x40003bb0: "mov.w sb, #0" => sb=0x0
[14:35:05 859][libnative-lib.so 0x03bb5] [7a44    ] 0x40003bb4: "add r2, pc" r2=0x2534 => r2=0x400060ec
[14:35:05 859][libnative-lib.so 0x03bb7] [010e    ] 0x40003bb6: "lsrs r1, r0, #0x18" r0=0x60b3002b => r1=0x60
[14:35:05 859][libnative-lib.so 0x03bb9] [1160    ] 0x40003bb8: "str r1, [r2]" r1=0x60 r2=0x400060ec
[14:35:05 859][libnative-lib.so 0x03bbb] [c0f30742] 0x40003bba: "ubfx r2, r0, #0x10, #8" r0=0x60b3002b => r2=0xb3
[14:35:05 863][libnative-lib.so 0x03bbf] [834b    ] 0x40003bbe: "ldr r3, [pc, #0x20c]" => r3=0x252c
[14:35:05 863][libnative-lib.so 0x03bc1] [7b44    ] 0x40003bc0: "add r3, pc" r3=0x252c => r3=0x400060f0
[14:35:05 863][libnative-lib.so 0x03bc3] [1a60    ] 0x40003bc2: "str r2, [r3]" r2=0xb3 r3=0x400060f0
[14:35:05 863][libnative-lib.so 0x03bc5] [c0f30722] 0x40003bc4: "ubfx r2, r0, #8, #8" r0=0x60b3002b => r2=0x0
[14:35:05 864][libnative-lib.so 0x03bc9] [814b    ] 0x40003bc8: "ldr r3, [pc, #0x204]" => r3=0x2526
[14:35:05 864][libnative-lib.so 0x03bcb] [7b44    ] 0x40003bca: "add r3, pc" r3=0x2526 => r3=0x400060f4
[14:35:05 864][libnative-lib.so 0x03bcd] [1a60    ] 0x40003bcc: "str r2, [r3]" r2=0x0 r3=0x400060f4
[14:35:05 864][libnative-lib.so 0x03bcf] [c2b2    ] 0x40003bce: "uxtb r2, r0" r0=0x60b3002b => r2=0x2b
[14:35:05 864][libnative-lib.so 0x03bd1] [804b    ] 0x40003bd0: "ldr r3, [pc, #0x200]" => r3=0x251e
[14:35:05 864][libnative-lib.so 0x03bd3] [8df86701] 0x40003bd2: "strb.w r0, [sp, #0x167]" r0=0x60b3002b sp=0xbffff580
[14:35:05 864][libnative-lib.so 0x03bd7] [7b44    ] 0x40003bd6: "add r3, pc" r3=0x251e => r3=0x400060f8
[14:35:05 864][libnative-lib.so 0x03bd9] [1a60    ] 0x40003bd8: "str r2, [r3]" r2=0x2b r3=0x400060f8
[14:35:05 864][libnative-lib.so 0x03bdb] [020a    ] 0x40003bda: "lsrs r2, r0, #8" r0=0x60b3002b => r2=0x60b300
[14:35:05 864][libnative-lib.so 0x03bdd] [000c    ] 0x40003bdc: "lsrs r0, r0, #0x10" r0=0x60b3002b => r0=0x60b3
[14:35:05 865][libnative-lib.so 0x03bdf] [8df86621] 0x40003bde: "strb.w r2, [sp, #0x166]" r2=0x60b300 sp=0xbffff580
[14:35:05 865][libnative-lib.so 0x03be3] [8df86501] 0x40003be2: "strb.w r0, [sp, #0x165]" r0=0x60b3 sp=0xbffff580
[14:35:05 865][libnative-lib.so 0x03be7] [5846    ] 0x40003be6: "mov r0, fp" fp=0xbffff5e0 => r0=0xbffff5e0
[14:35:05 865][libnative-lib.so 0x03be9] [8df86411] 0x40003be8: "strb.w r1, [sp, #0x164]" r1=0x60 sp=0xbffff580
[14:35:05 865][libnative-lib.so 0x03bed] [4ff48071] 0x40003bec: "mov.w r1, #0x100" => r1=0x100
[14:35:05 865][libnative-lib.so 0x03bf1] [cdf86091] 0x40003bf0: "str.w sb, [sp, #0x160]" sb=0x0 sp=0xbffff580
[14:35:05 865][libnative-lib.so 0x03bf5] [fcf76aef] 0x40003bf4: "blx #0x40000acc"
[14:35:05 865][libnative-lib.so 0x00acc] [00c68fe2] 0x40000acc: "add ip, pc, #0, #12" => ip=0x40000ad4
[14:35:05 865][libnative-lib.so 0x00ad0] [05ca8ce2] 0x40000ad0: "add ip, ip, #0x5000" ip=0x40000ad4 => ip=0x40005ad4
[14:35:05 866][libnative-lib.so 0x00ad4] [e8f4bce5] 0x40000ad4: "ldr pc, [ip, #0x4e8]!" ip=0x40005ad4
[14:35:05 866][libnative-lib.so 0x03bf9] [7748    ] 0x40003bf8: "ldr r0, [pc, #0x1dc]" => r0=0x236e
[14:35:05 866][libnative-lib.so 0x03bfb] [7844    ] 0x40003bfa: "add r0, pc" r0=0x236e => r0=0x40005f6c
[14:35:05 866][libnative-lib.so 0x03bfd] [0668    ] 0x40003bfc: "ldr r6, [r0]" r0=0x40005f6c => r6=0x400bec91
[14:35:05 866][libnative-lib.so 0x03bff] [5046    ] 0x40003bfe: "mov r0, sl" sl=0x4016e000 => r0=0x4016e000
[14:35:05 866][libnative-lib.so 0x03c01] [b047    ] 0x40003c00: "blx r6" r6=0x400bec91 => lr=0x40003c03
[14:35:05 867][libnative-lib.so 0x03c03] [0230    ] 0x40003c02: "adds r0, #2" r0=0x5 => r0=0x7
[14:35:05 867][libnative-lib.so 0x03c05] [0321    ] 0x40003c04: "movs r1, #3" => r1=0x3
[14:35:05 867][libnative-lib.so 0x03c07] [fff775fd] 0x40003c06: "bl #0x400036f4"
[14:35:05 867][libnative-lib.so 0x036f5] [4a1e    ] 0x400036f4: "subs r2, r1, #1" r1=0x3 => r2=0x2
[14:35:05 867][libnative-lib.so 0x036f7] [08bf    ] 0x400036f6: "it eq"
[14:35:05 867][libnative-lib.so 0x036fb] [3dd3    ] 0x400036fa: "blo #0x40003778"
[14:35:05 867][libnative-lib.so 0x036fd] [8842    ] 0x400036fc: "cmp r0, r1" r0=0x7 r1=0x3 => cpsr: N=0, Z=0, C=1, V=0
[14:35:05 868][libnative-lib.so 0x036ff] [30d9    ] 0x400036fe: "bls #0x40003762"
[14:35:05 868][libnative-lib.so 0x03701] [1142    ] 0x40003700: "tst r1, r2" r1=0x3 r2=0x2 => cpsr: N=0, Z=0, C=1, V=0
[14:35:05 868][libnative-lib.so 0x03703] [32d0    ] 0x40003702: "beq #0x4000376a"
[14:35:05 869][libnative-lib.so 0x03705] [b1fa81f3] 0x40003704: "clz r3, r1" r1=0x3 => r3=0x1e
[14:35:05 869][libnative-lib.so 0x03709] [b0fa80f2] 0x40003708: "clz r2, r0" r0=0x7 => r2=0x1d
[14:35:05 869][libnative-lib.so 0x0370d] [a3eb0202] 0x4000370c: "sub.w r2, r3, r2" r3=0x1e r2=0x1d => r2=0x1
[14:35:05 869][libnative-lib.so 0x03711] [4ff00103] 0x40003710: "mov.w r3, #1" => r3=0x1
[14:35:05 870][libnative-lib.so 0x03715] [01fa02f1] 0x40003714: "lsl.w r1, r1, r2" r1=0x3 r2=0x1 => r1=0x6
[14:35:05 870][libnative-lib.so 0x03719] [03fa02f3] 0x40003718: "lsl.w r3, r3, r2" r3=0x1 r2=0x1 => r3=0x2
[14:35:05 870][libnative-lib.so 0x0371d] [4ff00002] 0x4000371c: "mov.w r2, #0" => r2=0x0
[14:35:05 870][libnative-lib.so 0x03721] [8842    ] 0x40003720: "cmp r0, r1" r0=0x7 r1=0x6 => cpsr: N=0, Z=0, C=1, V=0
[14:35:05 871][libnative-lib.so 0x03723] [24bf    ] 0x40003722: "itt hs"
[14:35:05 871][libnative-lib.so 0x03725] [401a    ] 0x40003724: "subs r0, r0, r1" r0=0x7 r1=0x6 => r0=0x1
[14:35:05 871][libnative-lib.so 0x03727] [1a43    ] 0x40003726: "orrs r2, r3" r2=0x0 r3=0x2 => r2=0x2
[14:35:05 871][libnative-lib.so 0x03729] [b0eb510f] 0x40003728: "cmp.w r0, r1, lsr #1" r0=0x1 r1=0x6 => cpsr: N=1, Z=0, C=0, V=0
[14:35:05 871][libnative-lib.so 0x0372d] [24bf    ] 0x4000372c: "itt hs"
[14:35:05 871][libnative-lib.so 0x03737] [b0eb910f] 0x40003736: "cmp.w r0, r1, lsr #2" r0=0x1 r1=0x6 => cpsr: N=0, Z=1, C=1, V=0
[14:35:05 872][libnative-lib.so 0x0373b] [24bf    ] 0x4000373a: "itt hs"
[14:35:05 872][libnative-lib.so 0x0373d] [a0eb9100] 0x4000373c: "sub.w r0, r0, r1, lsr #2" r0=0x1 r1=0x6 => r0=0x0
[14:35:05 872][libnative-lib.so 0x03741] [42ea9302] 0x40003740: "orr.w r2, r2, r3, lsr #2" r2=0x2 r3=0x2 => r2=0x2
[14:35:05 872][libnative-lib.so 0x03745] [b0ebd10f] 0x40003744: "cmp.w r0, r1, lsr #3" r0=0x0 r1=0x6 => cpsr: N=0, Z=1, C=1, V=0
[14:35:05 872][libnative-lib.so 0x03749] [24bf    ] 0x40003748: "itt hs"
[14:35:05 872][libnative-lib.so 0x0374b] [a0ebd100] 0x4000374a: "sub.w r0, r0, r1, lsr #3" r0=0x0 r1=0x6 => r0=0x0
[14:35:05 872][libnative-lib.so 0x0374f] [42ead302] 0x4000374e: "orr.w r2, r2, r3, lsr #3" r2=0x2 r3=0x2 => r2=0x2
[14:35:05 872][libnative-lib.so 0x03753] [0028    ] 0x40003752: "cmp r0, #0" r0=0x0 => cpsr: N=0, Z=1, C=1, V=0
[14:35:05 873][libnative-lib.so 0x03755] [1cbf    ] 0x40003754: "itt ne"
[14:35:05 873][libnative-lib.so 0x0375d] [e0d1    ] 0x4000375c: "bne #0x40003720"
[14:35:05 873][libnative-lib.so 0x0375f] [1046    ] 0x4000375e: "mov r0, r2" r2=0x2 => r0=0x2
[14:35:05 873][libnative-lib.so 0x03761] [7047    ] 0x40003760: "bx lr" lr=0x40003c0b
[14:35:05 873][libnative-lib.so 0x03c0b] [8000    ] 0x40003c0a: "lsls r0, r0, #2" r0=0x2 => r0=0x8
[14:35:05 873][libnative-lib.so 0x03c0d] [0130    ] 0x40003c0c: "adds r0, #1" r0=0x8 => r0=0x9
[14:35:05 873][libnative-lib.so 0x03c0f] [fcf764ef] 0x40003c0e: "blx #0x40000ad8"
[14:35:05 874][libnative-lib.so 0x00ad8] [00c68fe2] 0x40000ad8: "add ip, pc, #0, #12" => ip=0x40000ae0
[14:35:05 874][libnative-lib.so 0x00adc] [05ca8ce2] 0x40000adc: "add ip, ip, #0x5000" ip=0x40000ae0 => ip=0x40005ae0
[14:35:05 874][libnative-lib.so 0x00ae0] [e0f4bce5] 0x40000ae0: "ldr pc, [ip, #0x4e0]!" ip=0x40005ae0
[14:35:05 874][libnative-lib.so 0x03c13] [0546    ] 0x40003c12: "mov r5, r0" r0=0x401d2000 => r5=0x401d2000
[14:35:05 874][libnative-lib.so 0x03c15] [5046    ] 0x40003c14: "mov r0, sl" sl=0x4016e000 => r0=0x4016e000
[14:35:05 874][libnative-lib.so 0x03c17] [b047    ] 0x40003c16: "blx r6" r6=0x400bec91 => lr=0x40003c19
[14:35:05 874][libnative-lib.so 0x03c19] [0146    ] 0x40003c18: "mov r1, r0" r0=0x5 => r1=0x5
[14:35:05 875][libnative-lib.so 0x03c1b] [5046    ] 0x40003c1a: "mov r0, sl" sl=0x4016e000 => r0=0x4016e000
[14:35:05 875][libnative-lib.so 0x03c1d] [2a46    ] 0x40003c1c: "mov r2, r5" r5=0x401d2000 => r2=0x401d2000
[14:35:05 875][libnative-lib.so 0x03c1f] [cdf808a0] 0x40003c1e: "str.w sl, [sp, #8]" sl=0x4016e000 sp=0xbffff580
[14:35:05 875][libnative-lib.so 0x03c23] [fef733f8] 0x40003c22: "bl #0x40001c8c"
[14:35:05 875][libnative-lib.so 0x01c8d] [f0b5    ] 0x40001c8c: "push {r4, r5, r6, r7, lr}" sp=0xbffff580 r4=0x46f5f779 r5=0x401d2000 r6=0x400bec91 r7=0xbffff710 lr=0x40003c27 => sp=0xbffff56c
[14:35:05 875][libnative-lib.so 0x01c8f] [03af    ] 0x40001c8e: "add r7, sp, #0xc" sp=0xbffff56c => r7=0xbffff578
[14:35:05 876][libnative-lib.so 0x01c91] [2de9000b] 0x40001c90: "push.w {r8, sb, fp}" sp=0xbffff56c r8=0xfffe12a0 sb=0x0 fp=0xbffff5e0 => sp=0xbffff560 r8=0xfffe12a0 sb=0x0 fp=0xbffff5e0
[14:35:05 876][libnative-lib.so 0x01c95] [9446    ] 0x40001c94: "mov ip, r2" r2=0x401d2000 => ip=0x401d2000
[14:35:05 876][libnative-lib.so 0x01c97] [2e4a    ] 0x40001c96: "ldr r2, [pc, #0xb8]" => r2=0x3008
[14:35:05 876][libnative-lib.so 0x01c99] [8646    ] 0x40001c98: "mov lr, r0" r0=0x4016e000 => lr=0x4016e000
[14:35:05 876][libnative-lib.so 0x01c9b] [0020    ] 0x40001c9a: "movs r0, #0" => r0=0x0
[14:35:05 876][libnative-lib.so 0x01c9d] [7a44    ] 0x40001c9c: "add r2, pc" r2=0x3008 => r2=0x40004ca8
[14:35:05 876][libnative-lib.so 0x01c9f] [0026    ] 0x40001c9e: "movs r6, #0" => r6=0x0
[14:35:05 877][libnative-lib.so 0x01ca1] [9046    ] 0x40001ca0: "mov r8, r2" r2=0x40004ca8 => r8=0x40004ca8
[14:35:05 877][libnative-lib.so 0x01ca3] [0022    ] 0x40001ca2: "movs r2, #0" => r2=0x0
[14:35:05 877][libnative-lib.so 0x01ca5] [79b3    ] 0x40001ca4: "cbz r1, #0x40001d06" r1=0x5
[14:35:05 877][libnative-lib.so 0x01ca7] [9ef80050] 0x40001ca6: "ldrb.w r5, [lr]" lr=0x4016e000 => r5=0x72
[14:35:05 877][libnative-lib.so 0x01cab] [022e    ] 0x40001caa: "cmp r6, #2" r6=0x0 => cpsr: N=1, Z=0, C=0, V=0
[14:35:05 878][libnative-lib.so 0x01cad] [08d0    ] 0x40001cac: "beq #0x40001cc0"
[14:35:05 878][libnative-lib.so 0x01caf] [012e    ] 0x40001cae: "cmp r6, #1" r6=0x0 => cpsr: N=1, Z=0, C=0, V=0
[14:35:05 878][libnative-lib.so 0x01cb1] [17d0    ] 0x40001cb0: "beq #0x40001ce2"
[14:35:05 878][libnative-lib.so 0x01cb3] [1ebb    ] 0x40001cb2: "cbnz r6, #0x40001cfc" r6=0x0
[14:35:05 878][libnative-lib.so 0x01cb5] [ac08    ] 0x40001cb4: "lsrs r4, r5, #2" r5=0x72 => r4=0x1c
[14:35:05 878][libnative-lib.so 0x01cb7] [4ff00109] 0x40001cb6: "mov.w sb, #1" => sb=0x1
[14:35:05 878][libnative-lib.so 0x01cbb] [0346    ] 0x40001cba: "mov r3, r0" r0=0x0 => r3=0x0
[14:35:05 879][libnative-lib.so 0x01cbd] [0126    ] 0x40001cbc: "movs r6, #1" => r6=0x1
[14:35:05 879][libnative-lib.so 0x01cbf] [17e0    ] 0x40001cbe: "b #0x40001cf0"
[14:35:05 879][libnative-lib.so 0x01cf1] [18f80440] 0x40001cf0: "ldrb.w r4, [r8, r4]" r8=0x40004ca8 r4=0x1c => r4=0x63
[14:35:05 879][libnative-lib.so 0x01cf5] [4844    ] 0x40001cf4: "add r0, sb" r0=0x0 sb=0x1 => r0=0x1
[14:35:05 879][libnative-lib.so 0x01cf7] [4246    ] 0x40001cf6: "mov r2, r8" r8=0x40004ca8 => r2=0x40004ca8
[14:35:05 879][libnative-lib.so 0x01cf9] [0cf80340] 0x40001cf8: "strb.w r4, [ip, r3]" r4=0x63 ip=0x401d2000 r3=0x0
[14:35:05 879][libnative-lib.so 0x01cfd] [0ef1010e] 0x40001cfc: "add.w lr, lr, #1" lr=0x4016e000 => lr=0x4016e001
[14:35:05 879][libnative-lib.so 0x01d01] [0139    ] 0x40001d00: "subs r1, #1" r1=0x5 => r1=0x4
[14:35:05 880][libnative-lib.so 0x01d03] [2a46    ] 0x40001d02: "mov r2, r5" r5=0x72 => r2=0x72
[14:35:05 880][libnative-lib.so 0x01d05] [cee7    ] 0x40001d04: "b #0x40001ca4"
[14:35:05 880][libnative-lib.so 0x01ca5] [79b3    ] 0x40001ca4: "cbz r1, #0x40001d06" r1=0x4
[14:35:05 880][libnative-lib.so 0x01ca7] [9ef80050] 0x40001ca6: "ldrb.w r5, [lr]" lr=0x4016e001 => r5=0x30
[14:35:05 880][libnative-lib.so 0x01cab] [022e    ] 0x40001caa: "cmp r6, #2" r6=0x1 => cpsr: N=1, Z=0, C=0, V=0
[14:35:05 880][libnative-lib.so 0x01cad] [08d0    ] 0x40001cac: "beq #0x40001cc0"
[14:35:05 880][libnative-lib.so 0x01caf] [012e    ] 0x40001cae: "cmp r6, #1" r6=0x1 => cpsr: N=0, Z=1, C=1, V=0
[14:35:05 881][libnative-lib.so 0x01cb1] [17d0    ] 0x40001cb0: "beq #0x40001ce2"
[14:35:05 881][libnative-lib.so 0x01ce3] [2c09    ] 0x40001ce2: "lsrs r4, r5, #4" r5=0x30 => r4=0x3
[14:35:05 881][libnative-lib.so 0x01ce5] [0226    ] 0x40001ce4: "movs r6, #2" => r6=0x2
[14:35:05 881][libnative-lib.so 0x01ce7] [62f30514] 0x40001ce6: "bfi r4, r2, #4, #2" r4=0x3 r2=0x72 => r4=0x23
[14:35:05 881][libnative-lib.so 0x01ceb] [4ff00109] 0x40001cea: "mov.w sb, #1" => sb=0x1
[14:35:05 881][libnative-lib.so 0x01cef] [0346    ] 0x40001cee: "mov r3, r0" r0=0x1 => r3=0x1
[14:35:05 881][libnative-lib.so 0x01cf1] [18f80440] 0x40001cf0: "ldrb.w r4, [r8, r4]" r8=0x40004ca8 r4=0x23 => r4=0x6a
[14:35:05 881][libnative-lib.so 0x01cf5] [4844    ] 0x40001cf4: "add r0, sb" r0=0x1 sb=0x1 => r0=0x2
[14:35:05 882][libnative-lib.so 0x01cf7] [4246    ] 0x40001cf6: "mov r2, r8" r8=0x40004ca8 => r2=0x40004ca8
[14:35:05 882][libnative-lib.so 0x01cf9] [0cf80340] 0x40001cf8: "strb.w r4, [ip, r3]" r4=0x6a ip=0x401d2000 r3=0x1
[14:35:05 882][libnative-lib.so 0x01cfd] [0ef1010e] 0x40001cfc: "add.w lr, lr, #1" lr=0x4016e001 => lr=0x4016e002
[14:35:05 882][libnative-lib.so 0x01d01] [0139    ] 0x40001d00: "subs r1, #1" r1=0x4 => r1=0x3
[14:35:05 882][libnative-lib.so 0x01d03] [2a46    ] 0x40001d02: "mov r2, r5" r5=0x30 => r2=0x30
[14:35:05 882][libnative-lib.so 0x01d05] [cee7    ] 0x40001d04: "b #0x40001ca4"
[14:35:05 882][libnative-lib.so 0x01ca5] [79b3    ] 0x40001ca4: "cbz r1, #0x40001d06" r1=0x3
[14:35:05 882][libnative-lib.so 0x01ca7] [9ef80050] 0x40001ca6: "ldrb.w r5, [lr]" lr=0x4016e002 => r5=0x65
[14:35:05 882][libnative-lib.so 0x01cab] [022e    ] 0x40001caa: "cmp r6, #2" r6=0x2 => cpsr: N=0, Z=1, C=1, V=0
[14:35:05 883][libnative-lib.so 0x01cad] [08d0    ] 0x40001cac: "beq #0x40001cc0"
[14:35:05 883][libnative-lib.so 0x01cc1] [02f00f02] 0x40001cc0: "and r2, r2, #0xf" r2=0x30 => r2=0x0
[14:35:05 883][libnative-lib.so 0x01cc5] [ab09    ] 0x40001cc4: "lsrs r3, r5, #6" r5=0x65 => r3=0x1
[14:35:05 883][libnative-lib.so 0x01cc7] [05f03f04] 0x40001cc6: "and r4, r5, #0x3f" r5=0x65 => r4=0x25
[14:35:05 883][libnative-lib.so 0x01ccb] [0026    ] 0x40001cca: "movs r6, #0" => r6=0x0
[14:35:05 884][libnative-lib.so 0x01ccd] [43ea8202] 0x40001ccc: "orr.w r2, r3, r2, lsl #2" r3=0x1 r2=0x0 => r2=0x1
[14:35:05 884][libnative-lib.so 0x01cd1] [4346    ] 0x40001cd0: "mov r3, r8" r8=0x40004ca8 => r3=0x40004ca8
[14:35:05 884][libnative-lib.so 0x01cd3] [431c    ] 0x40001cd2: "adds r3, r0, #1" r0=0x2 => r3=0x3
[14:35:05 884][libnative-lib.so 0x01cd5] [4ff00209] 0x40001cd4: "mov.w sb, #2" => sb=0x2
[14:35:05 884][libnative-lib.so 0x01cd9] [18f80220] 0x40001cd8: "ldrb.w r2, [r8, r2]" r8=0x40004ca8 r2=0x1 => r2=0x42
[14:35:05 884][libnative-lib.so 0x01cdd] [0cf80020] 0x40001cdc: "strb.w r2, [ip, r0]" r2=0x42 ip=0x401d2000 r0=0x2
[14:35:05 884][libnative-lib.so 0x01ce1] [06e0    ] 0x40001ce0: "b #0x40001cf0"
[14:35:05 884][libnative-lib.so 0x01cf1] [18f80440] 0x40001cf0: "ldrb.w r4, [r8, r4]" r8=0x40004ca8 r4=0x25 => r4=0x6c
[14:35:05 884][libnative-lib.so 0x01cf5] [4844    ] 0x40001cf4: "add r0, sb" r0=0x2 sb=0x2 => r0=0x4
[14:35:05 884][libnative-lib.so 0x01cf7] [4246    ] 0x40001cf6: "mov r2, r8" r8=0x40004ca8 => r2=0x40004ca8
[14:35:05 885][libnative-lib.so 0x01cf9] [0cf80340] 0x40001cf8: "strb.w r4, [ip, r3]" r4=0x6c ip=0x401d2000 r3=0x3
[14:35:05 885][libnative-lib.so 0x01cfd] [0ef1010e] 0x40001cfc: "add.w lr, lr, #1" lr=0x4016e002 => lr=0x4016e003
[14:35:05 885][libnative-lib.so 0x01d01] [0139    ] 0x40001d00: "subs r1, #1" r1=0x3 => r1=0x2
[14:35:05 885][libnative-lib.so 0x01d03] [2a46    ] 0x40001d02: "mov r2, r5" r5=0x65 => r2=0x65
[14:35:05 885][libnative-lib.so 0x01d05] [cee7    ] 0x40001d04: "b #0x40001ca4"
[14:35:05 885][libnative-lib.so 0x01ca5] [79b3    ] 0x40001ca4: "cbz r1, #0x40001d06" r1=0x2
[14:35:05 885][libnative-lib.so 0x01ca7] [9ef80050] 0x40001ca6: "ldrb.w r5, [lr]" lr=0x4016e003 => r5=0x6e
[14:35:05 885][libnative-lib.so 0x01cab] [022e    ] 0x40001caa: "cmp r6, #2" r6=0x0 => cpsr: N=1, Z=0, C=0, V=0
[14:35:05 886][libnative-lib.so 0x01cad] [08d0    ] 0x40001cac: "beq #0x40001cc0"
[14:35:05 886][libnative-lib.so 0x01caf] [012e    ] 0x40001cae: "cmp r6, #1" r6=0x0 => cpsr: N=1, Z=0, C=0, V=0
[14:35:05 886][libnative-lib.so 0x01cb1] [17d0    ] 0x40001cb0: "beq #0x40001ce2"
[14:35:05 886][libnative-lib.so 0x01cb3] [1ebb    ] 0x40001cb2: "cbnz r6, #0x40001cfc" r6=0x0
[14:35:05 886][libnative-lib.so 0x01cb5] [ac08    ] 0x40001cb4: "lsrs r4, r5, #2" r5=0x6e => r4=0x1b
[14:35:05 887][libnative-lib.so 0x01cb7] [4ff00109] 0x40001cb6: "mov.w sb, #1" => sb=0x1
[14:35:05 887][libnative-lib.so 0x01cbb] [0346    ] 0x40001cba: "mov r3, r0" r0=0x4 => r3=0x4
[14:35:05 887][libnative-lib.so 0x01cbd] [0126    ] 0x40001cbc: "movs r6, #1" => r6=0x1
[14:35:05 887][libnative-lib.so 0x01cbf] [17e0    ] 0x40001cbe: "b #0x40001cf0"
[14:35:05 887][libnative-lib.so 0x01cf1] [18f80440] 0x40001cf0: "ldrb.w r4, [r8, r4]" r8=0x40004ca8 r4=0x1b => r4=0x62
[14:35:05 887][libnative-lib.so 0x01cf5] [4844    ] 0x40001cf4: "add r0, sb" r0=0x4 sb=0x1 => r0=0x5
[14:35:05 887][libnative-lib.so 0x01cf7] [4246    ] 0x40001cf6: "mov r2, r8" r8=0x40004ca8 => r2=0x40004ca8
[14:35:05 887][libnative-lib.so 0x01cf9] [0cf80340] 0x40001cf8: "strb.w r4, [ip, r3]" r4=0x62 ip=0x401d2000 r3=0x4
[14:35:05 887][libnative-lib.so 0x01cfd] [0ef1010e] 0x40001cfc: "add.w lr, lr, #1" lr=0x4016e003 => lr=0x4016e004
[14:35:05 887][libnative-lib.so 0x01d01] [0139    ] 0x40001d00: "subs r1, #1" r1=0x2 => r1=0x1
[14:35:05 887][libnative-lib.so 0x01d03] [2a46    ] 0x40001d02: "mov r2, r5" r5=0x6e => r2=0x6e
[14:35:05 887][libnative-lib.so 0x01d05] [cee7    ] 0x40001d04: "b #0x40001ca4"
[14:35:05 887][libnative-lib.so 0x01ca5] [79b3    ] 0x40001ca4: "cbz r1, #0x40001d06" r1=0x1
[14:35:05 887][libnative-lib.so 0x01ca7] [9ef80050] 0x40001ca6: "ldrb.w r5, [lr]" lr=0x4016e004 => r5=0x76
[14:35:05 888][libnative-lib.so 0x01cab] [022e    ] 0x40001caa: "cmp r6, #2" r6=0x1 => cpsr: N=1, Z=0, C=0, V=0
[14:35:05 888][libnative-lib.so 0x01cad] [08d0    ] 0x40001cac: "beq #0x40001cc0"
[14:35:05 888][libnative-lib.so 0x01caf] [012e    ] 0x40001cae: "cmp r6, #1" r6=0x1 => cpsr: N=0, Z=1, C=1, V=0
[14:35:05 888][libnative-lib.so 0x01cb1] [17d0    ] 0x40001cb0: "beq #0x40001ce2"
[14:35:05 888][libnative-lib.so 0x01ce3] [2c09    ] 0x40001ce2: "lsrs r4, r5, #4" r5=0x76 => r4=0x7
[14:35:05 888][libnative-lib.so 0x01ce5] [0226    ] 0x40001ce4: "movs r6, #2" => r6=0x2
[14:35:05 888][libnative-lib.so 0x01ce7] [62f30514] 0x40001ce6: "bfi r4, r2, #4, #2" r4=0x7 r2=0x6e => r4=0x27
[14:35:05 888][libnative-lib.so 0x01ceb] [4ff00109] 0x40001cea: "mov.w sb, #1" => sb=0x1
[14:35:05 888][libnative-lib.so 0x01cef] [0346    ] 0x40001cee: "mov r3, r0" r0=0x5 => r3=0x5
[14:35:05 888][libnative-lib.so 0x01cf1] [18f80440] 0x40001cf0: "ldrb.w r4, [r8, r4]" r8=0x40004ca8 r4=0x27 => r4=0x6e
[14:35:05 888][libnative-lib.so 0x01cf5] [4844    ] 0x40001cf4: "add r0, sb" r0=0x5 sb=0x1 => r0=0x6
[14:35:05 888][libnative-lib.so 0x01cf7] [4246    ] 0x40001cf6: "mov r2, r8" r8=0x40004ca8 => r2=0x40004ca8
[14:35:05 888][libnative-lib.so 0x01cf9] [0cf80340] 0x40001cf8: "strb.w r4, [ip, r3]" r4=0x6e ip=0x401d2000 r3=0x5
[14:35:05 889][libnative-lib.so 0x01cfd] [0ef1010e] 0x40001cfc: "add.w lr, lr, #1" lr=0x4016e004 => lr=0x4016e005
[14:35:05 889][libnative-lib.so 0x01d01] [0139    ] 0x40001d00: "subs r1, #1" r1=0x1 => r1=0x0
[14:35:05 889][libnative-lib.so 0x01d03] [2a46    ] 0x40001d02: "mov r2, r5" r5=0x76 => r2=0x76
[14:35:05 889][libnative-lib.so 0x01d05] [cee7    ] 0x40001d04: "b #0x40001ca4"
[14:35:05 889][libnative-lib.so 0x01ca5] [79b3    ] 0x40001ca4: "cbz r1, #0x40001d06" r1=0x0
[14:35:05 889][libnative-lib.so 0x01d07] [022e    ] 0x40001d06: "cmp r6, #2" r6=0x2 => cpsr: N=0, Z=1, C=1, V=0
[14:35:05 889][libnative-lib.so 0x01d09] [0dd0    ] 0x40001d08: "beq #0x40001d26"
[14:35:05 890][libnative-lib.so 0x01d27] [02f00f01] 0x40001d26: "and r1, r2, #0xf" r2=0x76 => r1=0x6
[14:35:05 890][libnative-lib.so 0x01d2b] [0123    ] 0x40001d2a: "movs r3, #1" => r3=0x1
[14:35:05 890][libnative-lib.so 0x01d2d] [0446    ] 0x40001d2c: "mov r4, r0" r0=0x6 => r4=0x6
[14:35:05 890][libnative-lib.so 0x01d2f] [18f82120] 0x40001d2e: "ldrb.w r2, [r8, r1, lsl #2]" r8=0x40004ca8 r1=0x6 => r2=0x59
[14:35:05 890][libnative-lib.so 0x01d33] [0221    ] 0x40001d32: "movs r1, #2" => r1=0x2
[14:35:05 890][libnative-lib.so 0x01d35] [0cf80420] 0x40001d34: "strb.w r2, [ip, r4]" r2=0x59 ip=0x401d2000 r4=0x6
[14:35:05 890][libnative-lib.so 0x01d39] [c218    ] 0x40001d38: "adds r2, r0, r3" r0=0x6 r3=0x1 => r2=0x7
[14:35:05 890][libnative-lib.so 0x01d3b] [0844    ] 0x40001d3a: "add r0, r1" r0=0x6 r1=0x2 => r0=0x8
[14:35:05 890][libnative-lib.so 0x01d3d] [3d23    ] 0x40001d3c: "movs r3, #0x3d" => r3=0x3d
[14:35:05 890][libnative-lib.so 0x01d3f] [0cf80230] 0x40001d3e: "strb.w r3, [ip, r2]" r3=0x3d ip=0x401d2000 r2=0x7
[14:35:05 890][libnative-lib.so 0x01d43] [0021    ] 0x40001d42: "movs r1, #0" => r1=0x0
[14:35:05 891][libnative-lib.so 0x01d45] [0cf80010] 0x40001d44: "strb.w r1, [ip, r0]" r1=0x0 ip=0x401d2000 r0=0x8
[14:35:05 891][libnative-lib.so 0x01d49] [bde8000b] 0x40001d48: "pop.w {r8, sb, fp}" sp=0xbffff560 => sp=0xbffff56c r8=0xfffe12a0 sb=0x0 fp=0xbffff5e0
[14:35:05 891][libnative-lib.so 0x01d4d] [f0bd    ] 0x40001d4c: "pop {r4, r5, r6, r7, pc}" sp=0xbffff56c
[14:35:05 891][libnative-lib.so 0x03c27] [2846    ] 0x40003c26: "mov r0, r5" r5=0x401d2000 => r0=0x401d2000
[14:35:05 891][libnative-lib.so 0x03c29] [b047    ] 0x40003c28: "blx r6" r6=0x400bec91 => lr=0x40003c2b
[14:35:05 891][libnative-lib.so 0x03c2b] [0346    ] 0x40003c2a: "mov r3, r0" r0=0x8 => r3=0x8
[14:35:05 891][libnative-lib.so 0x03c2d] [0820    ] 0x40003c2c: "movs r0, #8" => r0=0x8
[14:35:05 891][libnative-lib.so 0x03c2f] [58aa    ] 0x40003c2e: "add r2, sp, #0x160" sp=0xbffff580 => r2=0xbffff6e0
[14:35:05 891][libnative-lib.so 0x03c31] [0090    ] 0x40003c30: "str r0, [sp]" r0=0x8 sp=0xbffff580
[14:35:05 891][libnative-lib.so 0x03c33] [5846    ] 0x40003c32: "mov r0, fp" fp=0xbffff5e0 => r0=0xbffff5e0
[14:35:05 892][libnative-lib.so 0x03c35] [2946    ] 0x40003c34: "mov r1, r5" r5=0x401d2000 => r1=0x401d2000
[14:35:06 810][libnative-lib.so 0x03c3d] [1a26    ] 0x40003c3c: "movs r6, #0x1a" => r6=0x1a
[14:35:06 810][libnative-lib.so 0x03c3f] [9df87310] 0x40003c3e: "ldrb.w r1, [sp, #0x73]" sp=0xbffff580 => r1=0xea
[14:35:06 810][libnative-lib.so 0x03c43] [0df1380a] 0x40003c42: "add.w sl, sp, #0x38" sp=0xbffff580 => sl=0xbffff5b8
[14:35:06 810][libnative-lib.so 0x03c47] [7844    ] 0x40003c46: "add r0, pc" r0=0x248e => r0=0x400060d8
[14:35:06 810][libnative-lib.so 0x03c49] [0160    ] 0x40003c48: "str r1, [r0]" r1=0xea r0=0x400060d8
[14:35:06 810][libnative-lib.so 0x03c4b] [01f00f00] 0x40003c4a: "and r0, r1, #0xf" r1=0xea => r0=0xa
[14:35:06 810][libnative-lib.so 0x03c4f] [6449    ] 0x40003c4e: "ldr r1, [pc, #0x190]" => r1=0x248c
[14:35:06 810][libnative-lib.so 0x03c51] [7944    ] 0x40003c50: "add r1, pc" r1=0x248c => r1=0x400060e0
[14:35:06 810][libnative-lib.so 0x03c53] [0860    ] 0x40003c52: "str r0, [r1]" r0=0xa r1=0x400060e0
[14:35:06 810][libnative-lib.so 0x03c55] [52a1    ] 0x40003c54: "adr r1, #0x148" => r1=0x40003da0
[14:35:06 811][libnative-lib.so 0x03c57] [5bf80000] 0x40003c56: "ldr.w r0, [fp, r0]" fp=0xbffff5e0 r0=0xa => r0=0xa04e4be1
[14:35:06 811][libnative-lib.so 0x03c5b] [0df1450b] 0x40003c5a: "add.w fp, sp, #0x45" sp=0xbffff580 => fp=0xbffff5c5
[14:35:06 811][libnative-lib.so 0x03c5f] [61f9cf0a] 0x40003c5e: "vld1.64 {d16, d17}, [r1]" r1=0x40003da0
[14:35:06 811][libnative-lib.so 0x03c63] [5946    ] 0x40003c62: "mov r1, fp" fp=0xbffff5c5 => r1=0xbffff5c5
[14:35:06 811][libnative-lib.so 0x03c65] [41f9060a] 0x40003c64: "vst1.8 {d16, d17}, [r1], r6" r1=0xbffff5c5 r6=0x1a
[14:35:06 811][libnative-lib.so 0x03c69] [81f80090] 0x40003c68: "strb.w sb, [r1]" sb=0x0 r1=0xbffff5df
[14:35:06 811][libnative-lib.so 0x03c6d] [5d49    ] 0x40003c6c: "ldr r1, [pc, #0x174]" => r1=0x246a
[14:35:06 811][libnative-lib.so 0x03c6f] [7944    ] 0x40003c6e: "add r1, pc" r1=0x246a => r1=0x400060dc
[14:35:06 811][libnative-lib.so 0x03c71] [0860    ] 0x40003c70: "str r0, [r1]" r0=0xa04e4be1 r1=0x400060dc
[14:35:06 811][libnative-lib.so 0x03c73] [00ba    ] 0x40003c72: "rev r0, r0" r0=0xa04e4be1 => r0=0xe14b4ea0
[14:35:06 811][libnative-lib.so 0x03c75] [5c49    ] 0x40003c74: "ldr r1, [pc, #0x170]" => r1=0x246a
[14:35:06 811][libnative-lib.so 0x03c77] [20f00045] 0x40003c76: "bic r5, r0, #0x80000000" r0=0xe14b4ea0 => r5=0x614b4ea0
[14:35:06 811][libnative-lib.so 0x03c7b] [7944    ] 0x40003c7a: "add r1, pc" r1=0x246a => r1=0x400060e8
[14:35:06 811][libnative-lib.so 0x03c7d] [0860    ] 0x40003c7c: "str r0, [r1]" r0=0xe14b4ea0 r1=0x400060e8
[14:35:06 811][libnative-lib.so 0x03c7f] [5b48    ] 0x40003c7e: "ldr r0, [pc, #0x16c]" => r0=0x2460
[14:35:06 811][libnative-lib.so 0x03c81] [7844    ] 0x40003c80: "add r0, pc" r0=0x2460 => r0=0x400060e4
[14:35:06 811][libnative-lib.so 0x03c83] [0446    ] 0x40003c82: "mov r4, r0" r0=0x400060e4 => r4=0x400060e4
[14:35:06 811][libnative-lib.so 0x03c85] [0560    ] 0x40003c84: "str r5, [r0]" r5=0x614b4ea0 r0=0x400060e4
[14:35:06 811][libnative-lib.so 0x03c87] [45f65810] 0x40003c86: "movw r0, #0x5958" => r0=0x5958
[14:35:06 811][libnative-lib.so 0x03c8b] [adf85d00] 0x40003c8a: "strh.w r0, [sp, #0x5d]" r0=0x5958 sp=0xbffff580
[14:35:06 811][libnative-lib.so 0x03c8f] [4848    ] 0x40003c8e: "ldr r0, [pc, #0x120]" => r0=0x57565452
[14:35:06 811][libnative-lib.so 0x03c91] [cdf85900] 0x40003c90: "str.w r0, [sp, #0x59]" r0=0x57565452 sp=0xbffff580
[14:35:06 811][libnative-lib.so 0x03c95] [4748    ] 0x40003c94: "ldr r0, [pc, #0x11c]" => r0=0x51504e4d
[14:35:06 811][libnative-lib.so 0x03c97] [cdf85500] 0x40003c96: "str.w r0, [sp, #0x55]" r0=0x51504e4d sp=0xbffff580
[14:35:06 811][libnative-lib.so 0x03c9b] [4748    ] 0x40003c9a: "ldr r0, [pc, #0x11c]" => r0=0x373635
[14:35:06 812][libnative-lib.so 0x03c9d] [0f90    ] 0x40003c9c: "str r0, [sp, #0x3c]" r0=0x373635 sp=0xbffff580
[14:35:06 812][libnative-lib.so 0x03c9f] [4748    ] 0x40003c9e: "ldr r0, [pc, #0x11c]" => r0=0x34333231
[14:35:06 812][libnative-lib.so 0x03ca1] [0e90    ] 0x40003ca0: "str r0, [sp, #0x38]" r0=0x34333231 sp=0xbffff580
[14:35:06 812][libnative-lib.so 0x03ca3] [b9f1050f] 0x40003ca2: "cmp.w sb, #5" sb=0x0 => cpsr: N=1, Z=0, C=0, V=0
[14:35:06 812][libnative-lib.so 0x03ca7] [21d0    ] 0x40003ca6: "beq #0x40003cec"
[14:35:06 812][libnative-lib.so 0x03ca9] [2846    ] 0x40003ca8: "mov r0, r5" r5=0x614b4ea0 => r0=0x614b4ea0
[14:35:06 812][libnative-lib.so 0x03cab] [1a21    ] 0x40003caa: "movs r1, #0x1a" => r1=0x1a
[14:35:06 812][libnative-lib.so 0x03cad] [fff778fd] 0x40003cac: "bl #0x400037a0"
[14:35:06 812][libnative-lib.so 0x037a1] [0029    ] 0x400037a0: "cmp r1, #0" r1=0x1a => cpsr: N=0, Z=0, C=1, V=0
[14:35:06 812][libnative-lib.so 0x037a3] [56d0    ] 0x400037a2: "beq #0x40003852"
[14:35:06 812][libnative-lib.so 0x037a5] [80ea010c] 0x400037a4: "eor.w ip, r0, r1" r0=0x614b4ea0 r1=0x1a => ip=0x614b4eba
[14:35:06 812][libnative-lib.so 0x037a9] [48bf    ] 0x400037a8: "it mi"
[14:35:06 812][libnative-lib.so 0x037ad] [4a1e    ] 0x400037ac: "subs r2, r1, #1" r1=0x1a => r2=0x19
[14:35:06 812][libnative-lib.so 0x037af] [38d0    ] 0x400037ae: "beq #0x40003822"
[14:35:06 812][libnative-lib.so 0x037b1] [0300    ] 0x400037b0: "movs r3, r0" r0=0x614b4ea0 => cpsr: N=0, Z=0, C=1, V=0 r3=0x614b4ea0
[14:35:06 812][libnative-lib.so 0x037b3] [48bf    ] 0x400037b2: "it mi"
[14:35:06 812][libnative-lib.so 0x037b7] [8b42    ] 0x400037b6: "cmp r3, r1" r3=0x614b4ea0 r1=0x1a => cpsr: N=0, Z=0, C=1, V=0
[14:35:06 812][libnative-lib.so 0x037b9] [38d9    ] 0x400037b8: "bls #0x4000382c"
[14:35:06 812][libnative-lib.so 0x037bb] [1142    ] 0x400037ba: "tst r1, r2" r1=0x1a r2=0x19 => cpsr: N=0, Z=0, C=1, V=0
[14:35:06 812][libnative-lib.so 0x037bd] [3ed0    ] 0x400037bc: "beq #0x4000383c"
[14:35:06 813][libnative-lib.so 0x037bf] [b1fa81f2] 0x400037be: "clz r2, r1" r1=0x1a => r2=0x1b
[14:35:06 813][libnative-lib.so 0x037c3] [b3fa83f0] 0x400037c2: "clz r0, r3" r3=0x614b4ea0 => r0=0x1
[14:35:06 813][libnative-lib.so 0x037c7] [a2eb0000] 0x400037c6: "sub.w r0, r2, r0" r2=0x1b r0=0x1 => r0=0x1a
[14:35:06 813][libnative-lib.so 0x037cb] [4ff00102] 0x400037ca: "mov.w r2, #1" => r2=0x1
[14:35:06 813][libnative-lib.so 0x037cf] [01fa00f1] 0x400037ce: "lsl.w r1, r1, r0" r1=0x1a r0=0x1a => r1=0x68000000
[14:35:06 813][libnative-lib.so 0x037d3] [02fa00f2] 0x400037d2: "lsl.w r2, r2, r0" r2=0x1 r0=0x1a => r2=0x4000000
[14:35:06 813][libnative-lib.so 0x037d7] [4ff00000] 0x400037d6: "mov.w r0, #0" => r0=0x0
[14:35:06 813][libnative-lib.so 0x037db] [8b42    ] 0x400037da: "cmp r3, r1" r3=0x614b4ea0 r1=0x68000000 => cpsr: N=1, Z=0, C=0, V=0
[14:35:06 813][libnative-lib.so 0x037dd] [24bf    ] 0x400037dc: "itt hs"
[14:35:06 813][libnative-lib.so 0x037e3] [b3eb510f] 0x400037e2: "cmp.w r3, r1, lsr #1" r3=0x614b4ea0 r1=0x68000000 => cpsr: N=0, Z=0, C=1, V=0
[14:35:06 813][libnative-lib.so 0x037e7] [24bf    ] 0x400037e6: "itt hs"
[14:35:06 813][libnative-lib.so 0x037e9] [a3eb5103] 0x400037e8: "sub.w r3, r3, r1, lsr #1" r3=0x614b4ea0 r1=0x68000000 => r3=0x2d4b4ea0
[14:35:06 813][libnative-lib.so 0x037ed] [40ea5200] 0x400037ec: "orr.w r0, r0, r2, lsr #1" r0=0x0 r2=0x4000000 => r0=0x2000000
[14:35:06 813][libnative-lib.so 0x037f1] [b3eb910f] 0x400037f0: "cmp.w r3, r1, lsr #2" r3=0x2d4b4ea0 r1=0x68000000 => cpsr: N=0, Z=0, C=1, V=0
[14:35:06 813][libnative-lib.so 0x037f5] [24bf    ] 0x400037f4: "itt hs"
[14:35:06 813][libnative-lib.so 0x037f7] [a3eb9103] 0x400037f6: "sub.w r3, r3, r1, lsr #2" r3=0x2d4b4ea0 r1=0x68000000 => r3=0x134b4ea0
[14:35:06 813][libnative-lib.so 0x037fb] [40ea9200] 0x400037fa: "orr.w r0, r0, r2, lsr #2" r0=0x2000000 r2=0x4000000 => r0=0x3000000
[14:35:06 813][libnative-lib.so 0x037ff] [b3ebd10f] 0x400037fe: "cmp.w r3, r1, lsr #3" r3=0x134b4ea0 r1=0x68000000 => cpsr: N=0, Z=0, C=1, V=0
[14:35:06 813][libnative-lib.so 0x03803] [24bf    ] 0x40003802: "itt hs"
[14:35:06 813][libnative-lib.so 0x03805] [a3ebd103] 0x40003804: "sub.w r3, r3, r1, lsr #3" r3=0x134b4ea0 r1=0x68000000 => r3=0x64b4ea0
[14:35:06 813][libnative-lib.so 0x03809] [40ead200] 0x40003808: "orr.w r0, r0, r2, lsr #3" r0=0x3000000 r2=0x4000000 => r0=0x3800000
[14:35:06 813][libnative-lib.so 0x0380d] [002b    ] 0x4000380c: "cmp r3, #0" r3=0x64b4ea0 => cpsr: N=0, Z=0, C=1, V=0
[14:35:06 813][libnative-lib.so 0x0380f] [1cbf    ] 0x4000380e: "itt ne"
[14:35:06 813][libnative-lib.so 0x03811] [5fea1212] 0x40003810: "lsrs.w r2, r2, #4" r2=0x4000000 => r2=0x400000
[14:35:06 813][libnative-lib.so 0x03815] [0909    ] 0x40003814: "lsrs r1, r1, #4" r1=0x68000000 => r1=0x6800000
[14:35:06 814][libnative-lib.so 0x03817] [e0d1    ] 0x40003816: "bne #0x400037da"
[14:35:06 814][libnative-lib.so 0x037db] [8b42    ] 0x400037da: "cmp r3, r1" r3=0x64b4ea0 r1=0x6800000 => cpsr: N=1, Z=0, C=0, V=0
[14:35:06 814][libnative-lib.so 0x037dd] [24bf    ] 0x400037dc: "itt hs"
[14:35:06 814][libnative-lib.so 0x037e3] [b3eb510f] 0x400037e2: "cmp.w r3, r1, lsr #1" r3=0x64b4ea0 r1=0x6800000 => cpsr: N=0, Z=0, C=1, V=0
[14:35:06 814][libnative-lib.so 0x037e7] [24bf    ] 0x400037e6: "itt hs"
[14:35:06 814][libnative-lib.so 0x037e9] [a3eb5103] 0x400037e8: "sub.w r3, r3, r1, lsr #1" r3=0x64b4ea0 r1=0x6800000 => r3=0x30b4ea0
[14:35:06 814][libnative-lib.so 0x037ed] [40ea5200] 0x400037ec: "orr.w r0, r0, r2, lsr #1" r0=0x3800000 r2=0x400000 => r0=0x3a00000
[14:35:06 814][libnative-lib.so 0x037f1] [b3eb910f] 0x400037f0: "cmp.w r3, r1, lsr #2" r3=0x30b4ea0 r1=0x6800000 => cpsr: N=0, Z=0, C=1, V=0
[14:35:06 814][libnative-lib.so 0x037f5] [24bf    ] 0x400037f4: "itt hs"
[14:35:06 814][libnative-lib.so 0x037f7] [a3eb9103] 0x400037f6: "sub.w r3, r3, r1, lsr #2" r3=0x30b4ea0 r1=0x6800000 => r3=0x16b4ea0
[14:35:06 814][libnative-lib.so 0x037fb] [40ea9200] 0x400037fa: "orr.w r0, r0, r2, lsr #2" r0=0x3a00000 r2=0x400000 => r0=0x3b00000
[14:35:06 814][libnative-lib.so 0x037ff] [b3ebd10f] 0x400037fe: "cmp.w r3, r1, lsr #3" r3=0x16b4ea0 r1=0x6800000 => cpsr: N=0, Z=0, C=1, V=0
[14:35:06 814][libnative-lib.so 0x03803] [24bf    ] 0x40003802: "itt hs"
[14:35:06 814][libnative-lib.so 0x03805] [a3ebd103] 0x40003804: "sub.w r3, r3, r1, lsr #3" r3=0x16b4ea0 r1=0x6800000 => r3=0x9b4ea0
[14:35:06 814][libnative-lib.so 0x03809] [40ead200] 0x40003808: "orr.w r0, r0, r2, lsr #3" r0=0x3b00000 r2=0x400000 => r0=0x3b80000
[14:35:06 814][libnative-lib.so 0x0380d] [002b    ] 0x4000380c: "cmp r3, #0" r3=0x9b4ea0 => cpsr: N=0, Z=0, C=1, V=0
[14:35:06 814][libnative-lib.so 0x0380f] [1cbf    ] 0x4000380e: "itt ne"
[14:35:06 814][libnative-lib.so 0x03811] [5fea1212] 0x40003810: "lsrs.w r2, r2, #4" r2=0x400000 => r2=0x40000
[14:35:06 814][libnative-lib.so 0x03815] [0909    ] 0x40003814: "lsrs r1, r1, #4" r1=0x6800000 => r1=0x680000
[14:35:06 814][libnative-lib.so 0x03817] [e0d1    ] 0x40003816: "bne #0x400037da"
[14:35:06 814][libnative-lib.so 0x037db] [8b42    ] 0x400037da: "cmp r3, r1" r3=0x9b4ea0 r1=0x680000 => cpsr: N=0, Z=0, C=1, V=0
[14:35:06 814][libnative-lib.so 0x037dd] [24bf    ] 0x400037dc: "itt hs"
[14:35:06 814][libnative-lib.so 0x037df] [5b1a    ] 0x400037de: "subs r3, r3, r1" r3=0x9b4ea0 r1=0x680000 => r3=0x334ea0
[14:35:06 814][libnative-lib.so 0x037e1] [1043    ] 0x400037e0: "orrs r0, r2" r0=0x3b80000 r2=0x40000 => r0=0x3bc0000
[14:35:06 814][libnative-lib.so 0x037e3] [b3eb510f] 0x400037e2: "cmp.w r3, r1, lsr #1" r3=0x334ea0 r1=0x680000 => cpsr: N=1, Z=0, C=0, V=0
[14:35:06 814][libnative-lib.so 0x037e7] [24bf    ] 0x400037e6: "itt hs"
[14:35:06 814][libnative-lib.so 0x037f1] [b3eb910f] 0x400037f0: "cmp.w r3, r1, lsr #2" r3=0x334ea0 r1=0x680000 => cpsr: N=0, Z=0, C=1, V=0
[14:35:06 814][libnative-lib.so 0x037f5] [24bf    ] 0x400037f4: "itt hs"
[14:35:06 814][libnative-lib.so 0x037f7] [a3eb9103] 0x400037f6: "sub.w r3, r3, r1, lsr #2" r3=0x334ea0 r1=0x680000 => r3=0x194ea0
[14:35:06 815][libnative-lib.so 0x037fb] [40ea9200] 0x400037fa: "orr.w r0, r0, r2, lsr #2" r0=0x3bc0000 r2=0x40000 => r0=0x3bd0000
[14:35:06 815][libnative-lib.so 0x037ff] [b3ebd10f] 0x400037fe: "cmp.w r3, r1, lsr #3" r3=0x194ea0 r1=0x680000 => cpsr: N=0, Z=0, C=1, V=0
[14:35:06 815][libnative-lib.so 0x03803] [24bf    ] 0x40003802: "itt hs"
[14:35:06 815][libnative-lib.so 0x03805] [a3ebd103] 0x40003804: "sub.w r3, r3, r1, lsr #3" r3=0x194ea0 r1=0x680000 => r3=0xc4ea0
[14:35:06 815][libnative-lib.so 0x03809] [40ead200] 0x40003808: "orr.w r0, r0, r2, lsr #3" r0=0x3bd0000 r2=0x40000 => r0=0x3bd8000
[14:35:06 815][libnative-lib.so 0x0380d] [002b    ] 0x4000380c: "cmp r3, #0" r3=0xc4ea0 => cpsr: N=0, Z=0, C=1, V=0
[14:35:06 815][libnative-lib.so 0x0380f] [1cbf    ] 0x4000380e: "itt ne"
[14:35:06 815][libnative-lib.so 0x03811] [5fea1212] 0x40003810: "lsrs.w r2, r2, #4" r2=0x40000 => r2=0x4000
[14:35:06 815][libnative-lib.so 0x03815] [0909    ] 0x40003814: "lsrs r1, r1, #4" r1=0x680000 => r1=0x68000
[14:35:06 815][libnative-lib.so 0x03817] [e0d1    ] 0x40003816: "bne #0x400037da"
[14:35:06 815][libnative-lib.so 0x037db] [8b42    ] 0x400037da: "cmp r3, r1" r3=0xc4ea0 r1=0x68000 => cpsr: N=0, Z=0, C=1, V=0
[14:35:06 815][libnative-lib.so 0x037dd] [24bf    ] 0x400037dc: "itt hs"
[14:35:06 815][libnative-lib.so 0x037df] [5b1a    ] 0x400037de: "subs r3, r3, r1" r3=0xc4ea0 r1=0x68000 => r3=0x5cea0
[14:35:06 815][libnative-lib.so 0x037e1] [1043    ] 0x400037e0: "orrs r0, r2" r0=0x3bd8000 r2=0x4000 => r0=0x3bdc000
[14:35:06 815][libnative-lib.so 0x037e3] [b3eb510f] 0x400037e2: "cmp.w r3, r1, lsr #1" r3=0x5cea0 r1=0x68000 => cpsr: N=0, Z=0, C=1, V=0
[14:35:06 815][libnative-lib.so 0x037e7] [24bf    ] 0x400037e6: "itt hs"
[14:35:06 815][libnative-lib.so 0x037e9] [a3eb5103] 0x400037e8: "sub.w r3, r3, r1, lsr #1" r3=0x5cea0 r1=0x68000 => r3=0x28ea0
[14:35:06 815][libnative-lib.so 0x037ed] [40ea5200] 0x400037ec: "orr.w r0, r0, r2, lsr #1" r0=0x3bdc000 r2=0x4000 => r0=0x3bde000
[14:35:06 815][libnative-lib.so 0x037f1] [b3eb910f] 0x400037f0: "cmp.w r3, r1, lsr #2" r3=0x28ea0 r1=0x68000 => cpsr: N=0, Z=0, C=1, V=0
[14:35:06 815][libnative-lib.so 0x037f5] [24bf    ] 0x400037f4: "itt hs"
[14:35:06 815][libnative-lib.so 0x037f7] [a3eb9103] 0x400037f6: "sub.w r3, r3, r1, lsr #2" r3=0x28ea0 r1=0x68000 => r3=0xeea0
[14:35:06 815][libnative-lib.so 0x037fb] [40ea9200] 0x400037fa: "orr.w r0, r0, r2, lsr #2" r0=0x3bde000 r2=0x4000 => r0=0x3bdf000
[14:35:06 815][libnative-lib.so 0x037ff] [b3ebd10f] 0x400037fe: "cmp.w r3, r1, lsr #3" r3=0xeea0 r1=0x68000 => cpsr: N=0, Z=0, C=1, V=0
[14:35:06 815][libnative-lib.so 0x03803] [24bf    ] 0x40003802: "itt hs"
[14:35:06 815][libnative-lib.so 0x03805] [a3ebd103] 0x40003804: "sub.w r3, r3, r1, lsr #3" r3=0xeea0 r1=0x68000 => r3=0x1ea0
[14:35:06 815][libnative-lib.so 0x03809] [40ead200] 0x40003808: "orr.w r0, r0, r2, lsr #3" r0=0x3bdf000 r2=0x4000 => r0=0x3bdf800
[14:35:06 815][libnative-lib.so 0x0380d] [002b    ] 0x4000380c: "cmp r3, #0" r3=0x1ea0 => cpsr: N=0, Z=0, C=1, V=0
[14:35:06 815][libnative-lib.so 0x0380f] [1cbf    ] 0x4000380e: "itt ne"
[14:35:06 815][libnative-lib.so 0x03811] [5fea1212] 0x40003810: "lsrs.w r2, r2, #4" r2=0x4000 => r2=0x400
[14:35:06 816][libnative-lib.so 0x03815] [0909    ] 0x40003814: "lsrs r1, r1, #4" r1=0x68000 => r1=0x6800
[14:35:06 816][libnative-lib.so 0x03817] [e0d1    ] 0x40003816: "bne #0x400037da"
[14:35:06 816][libnative-lib.so 0x037db] [8b42    ] 0x400037da: "cmp r3, r1" r3=0x1ea0 r1=0x6800 => cpsr: N=1, Z=0, C=0, V=0
[14:35:06 816][libnative-lib.so 0x037dd] [24bf    ] 0x400037dc: "itt hs"
[14:35:06 816][libnative-lib.so 0x037e3] [b3eb510f] 0x400037e2: "cmp.w r3, r1, lsr #1" r3=0x1ea0 r1=0x6800 => cpsr: N=1, Z=0, C=0, V=0
[14:35:06 816][libnative-lib.so 0x037e7] [24bf    ] 0x400037e6: "itt hs"
[14:35:06 816][libnative-lib.so 0x037f1] [b3eb910f] 0x400037f0: "cmp.w r3, r1, lsr #2" r3=0x1ea0 r1=0x6800 => cpsr: N=0, Z=0, C=1, V=0
[14:35:06 816][libnative-lib.so 0x037f5] [24bf    ] 0x400037f4: "itt hs"
[14:35:06 816][libnative-lib.so 0x037f7] [a3eb9103] 0x400037f6: "sub.w r3, r3, r1, lsr #2" r3=0x1ea0 r1=0x6800 => r3=0x4a0
[14:35:06 816][libnative-lib.so 0x037fb] [40ea9200] 0x400037fa: "orr.w r0, r0, r2, lsr #2" r0=0x3bdf800 r2=0x400 => r0=0x3bdf900
[14:35:06 816][libnative-lib.so 0x037ff] [b3ebd10f] 0x400037fe: "cmp.w r3, r1, lsr #3" r3=0x4a0 r1=0x6800 => cpsr: N=1, Z=0, C=0, V=0
[14:35:06 816][libnative-lib.so 0x03803] [24bf    ] 0x40003802: "itt hs"
[14:35:06 816][libnative-lib.so 0x0380d] [002b    ] 0x4000380c: "cmp r3, #0" r3=0x4a0 => cpsr: N=0, Z=0, C=1, V=0
[14:35:06 816][libnative-lib.so 0x0380f] [1cbf    ] 0x4000380e: "itt ne"
[14:35:06 816][libnative-lib.so 0x03811] [5fea1212] 0x40003810: "lsrs.w r2, r2, #4" r2=0x400 => r2=0x40
[14:35:06 816][libnative-lib.so 0x03815] [0909    ] 0x40003814: "lsrs r1, r1, #4" r1=0x6800 => r1=0x680
[14:35:06 816][libnative-lib.so 0x03817] [e0d1    ] 0x40003816: "bne #0x400037da"
[14:35:06 816][libnative-lib.so 0x037db] [8b42    ] 0x400037da: "cmp r3, r1" r3=0x4a0 r1=0x680 => cpsr: N=1, Z=0, C=0, V=0
[14:35:06 816][libnative-lib.so 0x037dd] [24bf    ] 0x400037dc: "itt hs"
[14:35:06 817][libnative-lib.so 0x037e3] [b3eb510f] 0x400037e2: "cmp.w r3, r1, lsr #1" r3=0x4a0 r1=0x680 => cpsr: N=0, Z=0, C=1, V=0
[14:35:06 817][libnative-lib.so 0x037e7] [24bf    ] 0x400037e6: "itt hs"
[14:35:06 817][libnative-lib.so 0x037e9] [a3eb5103] 0x400037e8: "sub.w r3, r3, r1, lsr #1" r3=0x4a0 r1=0x680 => r3=0x160
[14:35:06 817][libnative-lib.so 0x037ed] [40ea5200] 0x400037ec: "orr.w r0, r0, r2, lsr #1" r0=0x3bdf900 r2=0x40 => r0=0x3bdf920
[14:35:06 817][libnative-lib.so 0x037f1] [b3eb910f] 0x400037f0: "cmp.w r3, r1, lsr #2" r3=0x160 r1=0x680 => cpsr: N=1, Z=0, C=0, V=0
[14:35:06 817][libnative-lib.so 0x037f5] [24bf    ] 0x400037f4: "itt hs"
[14:35:06 817][libnative-lib.so 0x037ff] [b3ebd10f] 0x400037fe: "cmp.w r3, r1, lsr #3" r3=0x160 r1=0x680 => cpsr: N=0, Z=0, C=1, V=0
[14:35:06 817][libnative-lib.so 0x03803] [24bf    ] 0x40003802: "itt hs"
[14:35:06 817][libnative-lib.so 0x03805] [a3ebd103] 0x40003804: "sub.w r3, r3, r1, lsr #3" r3=0x160 r1=0x680 => r3=0x90
[14:35:06 817][libnative-lib.so 0x03809] [40ead200] 0x40003808: "orr.w r0, r0, r2, lsr #3" r0=0x3bdf920 r2=0x40 => r0=0x3bdf928
[14:35:06 817][libnative-lib.so 0x0380d] [002b    ] 0x4000380c: "cmp r3, #0" r3=0x90 => cpsr: N=0, Z=0, C=1, V=0
[14:35:06 817][libnative-lib.so 0x0380f] [1cbf    ] 0x4000380e: "itt ne"
[14:35:06 817][libnative-lib.so 0x03811] [5fea1212] 0x40003810: "lsrs.w r2, r2, #4" r2=0x40 => r2=0x4
[14:35:06 817][libnative-lib.so 0x03815] [0909    ] 0x40003814: "lsrs r1, r1, #4" r1=0x680 => r1=0x68
[14:35:06 817][libnative-lib.so 0x03817] [e0d1    ] 0x40003816: "bne #0x400037da"
[14:35:06 817][libnative-lib.so 0x037db] [8b42    ] 0x400037da: "cmp r3, r1" r3=0x90 r1=0x68 => cpsr: N=0, Z=0, C=1, V=0
[14:35:06 817][libnative-lib.so 0x037dd] [24bf    ] 0x400037dc: "itt hs"
[14:35:06 818][libnative-lib.so 0x037df] [5b1a    ] 0x400037de: "subs r3, r3, r1" r3=0x90 r1=0x68 => r3=0x28
[14:35:06 818][libnative-lib.so 0x037e1] [1043    ] 0x400037e0: "orrs r0, r2" r0=0x3bdf928 r2=0x4 => r0=0x3bdf92c
[14:35:06 818][libnative-lib.so 0x037e3] [b3eb510f] 0x400037e2: "cmp.w r3, r1, lsr #1" r3=0x28 r1=0x68 => cpsr: N=1, Z=0, C=0, V=0
[14:35:06 818][libnative-lib.so 0x037e7] [24bf    ] 0x400037e6: "itt hs"
[14:35:06 818][libnative-lib.so 0x037f1] [b3eb910f] 0x400037f0: "cmp.w r3, r1, lsr #2" r3=0x28 r1=0x68 => cpsr: N=0, Z=0, C=1, V=0
[14:35:06 818][libnative-lib.so 0x037f5] [24bf    ] 0x400037f4: "itt hs"
[14:35:06 818][libnative-lib.so 0x037f7] [a3eb9103] 0x400037f6: "sub.w r3, r3, r1, lsr #2" r3=0x28 r1=0x68 => r3=0xe
[14:35:06 818][libnative-lib.so 0x037fb] [40ea9200] 0x400037fa: "orr.w r0, r0, r2, lsr #2" r0=0x3bdf92c r2=0x4 => r0=0x3bdf92d
[14:35:06 818][libnative-lib.so 0x037ff] [b3ebd10f] 0x400037fe: "cmp.w r3, r1, lsr #3" r3=0xe r1=0x68 => cpsr: N=0, Z=0, C=1, V=0
[14:35:06 818][libnative-lib.so 0x03803] [24bf    ] 0x40003802: "itt hs"
[14:35:06 818][libnative-lib.so 0x03805] [a3ebd103] 0x40003804: "sub.w r3, r3, r1, lsr #3" r3=0xe r1=0x68 => r3=0x1
[14:35:06 818][libnative-lib.so 0x03809] [40ead200] 0x40003808: "orr.w r0, r0, r2, lsr #3" r0=0x3bdf92d r2=0x4 => r0=0x3bdf92d
[14:35:06 818][libnative-lib.so 0x0380d] [002b    ] 0x4000380c: "cmp r3, #0" r3=0x1 => cpsr: N=0, Z=0, C=1, V=0
[14:35:06 818][libnative-lib.so 0x0380f] [1cbf    ] 0x4000380e: "itt ne"
[14:35:06 818][libnative-lib.so 0x03811] [5fea1212] 0x40003810: "lsrs.w r2, r2, #4" r2=0x4
[14:35:06 818][libnative-lib.so 0x03817] [e0d1    ] 0x40003816: "bne #0x400037da"
[14:35:06 818][libnative-lib.so 0x03819] [bcf1000f] 0x40003818: "cmp.w ip, #0" ip=0x614b4eba => cpsr: N=0, Z=0, C=1, V=0
[14:35:06 818][libnative-lib.so 0x0381d] [48bf    ] 0x4000381c: "it mi"
[14:35:06 818][libnative-lib.so 0x03821] [7047    ] 0x40003820: "bx lr" lr=0x40003cb1
[14:35:06 819][libnative-lib.so 0x03cb1] [00fb1651] 0x40003cb0: "mls r1, r0, r6, r5" r0=0x3bdf92d r6=0x1a r5=0x614b4ea0 => r1=0xe
[14:35:06 819][libnative-lib.so 0x03cb5] [0546    ] 0x40003cb4: "mov r5, r0" r0=0x3bdf92d => r5=0x3bdf92d
[14:35:06 819][libnative-lib.so 0x03cb7] [1bf80110] 0x40003cb6: "ldrb.w r1, [fp, r1]" fp=0xbffff5c5 r1=0xe => r1=0x4a
[14:35:06 819][libnative-lib.so 0x03cbb] [0af80910] 0x40003cba: "strb.w r1, [sl, sb]" r1=0x4a sl=0xbffff5b8 sb=0x0
[14:35:06 819][libnative-lib.so 0x03cbf] [09f10109] 0x40003cbe: "add.w sb, sb, #1" sb=0x0 => sb=0x1
[14:35:06 819][libnative-lib.so 0x03cc3] [eee7    ] 0x40003cc2: "b #0x40003ca2"
[14:35:06 819][libnative-lib.so 0x03ca3] [b9f1050f] 0x40003ca2: "cmp.w sb, #5" sb=0x1 => cpsr: N=1, Z=0, C=0, V=0
[14:35:06 819][libnative-lib.so 0x03ca7] [21d0    ] 0x40003ca6: "beq #0x40003cec"
[14:35:06 819][libnative-lib.so 0x03ca9] [2846    ] 0x40003ca8: "mov r0, r5" r5=0x3bdf92d => r0=0x3bdf92d
[14:35:06 819][libnative-lib.so 0x03cab] [1a21    ] 0x40003caa: "movs r1, #0x1a" => r1=0x1a
[14:35:06 819][libnative-lib.so 0x03cad] [fff778fd] 0x40003cac: "bl #0x400037a0"
[14:35:06 819][libnative-lib.so 0x037a1] [0029    ] 0x400037a0: "cmp r1, #0" r1=0x1a => cpsr: N=0, Z=0, C=1, V=0
[14:35:06 819][libnative-lib.so 0x037a3] [56d0    ] 0x400037a2: "beq #0x40003852"
[14:35:06 819][libnative-lib.so 0x037a5] [80ea010c] 0x400037a4: "eor.w ip, r0, r1" r0=0x3bdf92d r1=0x1a => ip=0x3bdf937
[14:35:06 819][libnative-lib.so 0x037a9] [48bf    ] 0x400037a8: "it mi"
[14:35:06 819][libnative-lib.so 0x037ad] [4a1e    ] 0x400037ac: "subs r2, r1, #1" r1=0x1a => r2=0x19
[14:35:06 819][libnative-lib.so 0x037af] [38d0    ] 0x400037ae: "beq #0x40003822"
[14:35:06 819][libnative-lib.so 0x037b1] [0300    ] 0x400037b0: "movs r3, r0" r0=0x3bdf92d => cpsr: N=0, Z=0, C=1, V=0 r3=0x3bdf92d
[14:35:06 819][libnative-lib.so 0x037b3] [48bf    ] 0x400037b2: "it mi"
[14:35:06 819][libnative-lib.so 0x037b7] [8b42    ] 0x400037b6: "cmp r3, r1" r3=0x3bdf92d r1=0x1a => cpsr: N=0, Z=0, C=1, V=0
[14:35:06 819][libnative-lib.so 0x037b9] [38d9    ] 0x400037b8: "bls #0x4000382c"
[14:35:06 819][libnative-lib.so 0x037bb] [1142    ] 0x400037ba: "tst r1, r2" r1=0x1a r2=0x19 => cpsr: N=0, Z=0, C=1, V=0
[14:35:06 819][libnative-lib.so 0x037bd] [3ed0    ] 0x400037bc: "beq #0x4000383c"
[14:35:06 819][libnative-lib.so 0x037bf] [b1fa81f2] 0x400037be: "clz r2, r1" r1=0x1a => r2=0x1b
[14:35:06 819][libnative-lib.so 0x037c3] [b3fa83f0] 0x400037c2: "clz r0, r3" r3=0x3bdf92d => r0=0x6
[14:35:06 820][libnative-lib.so 0x037c7] [a2eb0000] 0x400037c6: "sub.w r0, r2, r0" r2=0x1b r0=0x6 => r0=0x15
[14:35:06 820][libnative-lib.so 0x037cb] [4ff00102] 0x400037ca: "mov.w r2, #1" => r2=0x1
[14:35:06 820][libnative-lib.so 0x037cf] [01fa00f1] 0x400037ce: "lsl.w r1, r1, r0" r1=0x1a r0=0x15 => r1=0x3400000
[14:35:06 820][libnative-lib.so 0x037d3] [02fa00f2] 0x400037d2: "lsl.w r2, r2, r0" r2=0x1 r0=0x15 => r2=0x200000
[14:35:06 820][libnative-lib.so 0x037d7] [4ff00000] 0x400037d6: "mov.w r0, #0" => r0=0x0
[14:35:06 820][libnative-lib.so 0x037db] [8b42    ] 0x400037da: "cmp r3, r1" r3=0x3bdf92d r1=0x3400000 => cpsr: N=0, Z=0, C=1, V=0
[14:35:06 820][libnative-lib.so 0x037dd] [24bf    ] 0x400037dc: "itt hs"
[14:35:06 820][libnative-lib.so 0x037df] [5b1a    ] 0x400037de: "subs r3, r3, r1" r3=0x3bdf92d r1=0x3400000 => r3=0x7df92d
[14:35:06 820][libnative-lib.so 0x037e1] [1043    ] 0x400037e0: "orrs r0, r2" r0=0x0 r2=0x200000 => r0=0x200000
[14:35:06 820][libnative-lib.so 0x037e3] [b3eb510f] 0x400037e2: "cmp.w r3, r1, lsr #1" r3=0x7df92d r1=0x3400000 => cpsr: N=1, Z=0, C=0, V=0
[14:35:06 820][libnative-lib.so 0x037e7] [24bf    ] 0x400037e6: "itt hs"
[14:35:06 820][libnative-lib.so 0x037f1] [b3eb910f] 0x400037f0: "cmp.w r3, r1, lsr #2" r3=0x7df92d r1=0x3400000 => cpsr: N=1, Z=0, C=0, V=0
[14:35:06 820][libnative-lib.so 0x037f5] [24bf    ] 0x400037f4: "itt hs"
[14:35:06 820][libnative-lib.so 0x037ff] [b3ebd10f] 0x400037fe: "cmp.w r3, r1, lsr #3" r3=0x7df92d r1=0x3400000 => cpsr: N=0, Z=0, C=1, V=0
[14:35:06 820][libnative-lib.so 0x03803] [24bf    ] 0x40003802: "itt hs"
[14:35:06 820][libnative-lib.so 0x03805] [a3ebd103] 0x40003804: "sub.w r3, r3, r1, lsr #3" r3=0x7df92d r1=0x3400000 => r3=0x15f92d
[14:35:06 820][libnative-lib.so 0x03809] [40ead200] 0x40003808: "orr.w r0, r0, r2, lsr #3" r0=0x200000 r2=0x200000 => r0=0x240000
[14:35:06 820][libnative-lib.so 0x0380d] [002b    ] 0x4000380c: "cmp r3, #0" r3=0x15f92d => cpsr: N=0, Z=0, C=1, V=0
[14:35:06 820][libnative-lib.so 0x0380f] [1cbf    ] 0x4000380e: "itt ne"
[14:35:06 820][libnative-lib.so 0x03811] [5fea1212] 0x40003810: "lsrs.w r2, r2, #4" r2=0x200000 => r2=0x20000
[14:35:06 820][libnative-lib.so 0x03815] [0909    ] 0x40003814: "lsrs r1, r1, #4" r1=0x3400000 => r1=0x340000
[14:35:06 820][libnative-lib.so 0x03817] [e0d1    ] 0x40003816: "bne #0x400037da"
[14:35:06 820][libnative-lib.so 0x037db] [8b42    ] 0x400037da: "cmp r3, r1" r3=0x15f92d r1=0x340000 => cpsr: N=1, Z=0, C=0, V=0
[14:35:06 820][libnative-lib.so 0x037dd] [24bf    ] 0x400037dc: "itt hs"
[14:35:06 820][libnative-lib.so 0x037e3] [b3eb510f] 0x400037e2: "cmp.w r3, r1, lsr #1" r3=0x15f92d r1=0x340000 => cpsr: N=1, Z=0, C=0, V=0
[14:35:06 820][libnative-lib.so 0x037e7] [24bf    ] 0x400037e6: "itt hs"
[14:35:06 820][libnative-lib.so 0x037f1] [b3eb910f] 0x400037f0: "cmp.w r3, r1, lsr #2" r3=0x15f92d r1=0x340000 => cpsr: N=0, Z=0, C=1, V=0
[14:35:06 820][libnative-lib.so 0x037f5] [24bf    ] 0x400037f4: "itt hs"
[14:35:06 820][libnative-lib.so 0x037f7] [a3eb9103] 0x400037f6: "sub.w r3, r3, r1, lsr #2" r3=0x15f92d r1=0x340000 => r3=0x8f92d
[14:35:06 820][libnative-lib.so 0x037fb] [40ea9200] 0x400037fa: "orr.w r0, r0, r2, lsr #2" r0=0x240000 r2=0x20000 => r0=0x248000
[14:35:06 820][libnative-lib.so 0x037ff] [b3ebd10f] 0x400037fe: "cmp.w r3, r1, lsr #3" r3=0x8f92d r1=0x340000 => cpsr: N=0, Z=0, C=1, V=0
[14:35:06 820][libnative-lib.so 0x03803] [24bf    ] 0x40003802: "itt hs"
[14:35:06 821][libnative-lib.so 0x03805] [a3ebd103] 0x40003804: "sub.w r3, r3, r1, lsr #3" r3=0x8f92d r1=0x340000 => r3=0x2792d
[14:35:06 821][libnative-lib.so 0x03809] [40ead200] 0x40003808: "orr.w r0, r0, r2, lsr #3" r0=0x248000 r2=0x20000 => r0=0x24c000
[14:35:06 821][libnative-lib.so 0x0380d] [002b    ] 0x4000380c: "cmp r3, #0" r3=0x2792d => cpsr: N=0, Z=0, C=1, V=0
[14:35:06 821][libnative-lib.so 0x0380f] [1cbf    ] 0x4000380e: "itt ne"
[14:35:06 821][libnative-lib.so 0x03811] [5fea1212] 0x40003810: "lsrs.w r2, r2, #4" r2=0x20000 => r2=0x2000
[14:35:06 821][libnative-lib.so 0x03815] [0909    ] 0x40003814: "lsrs r1, r1, #4" r1=0x340000 => r1=0x34000
[14:35:06 821][libnative-lib.so 0x03817] [e0d1    ] 0x40003816: "bne #0x400037da"
[14:35:06 821][libnative-lib.so 0x037db] [8b42    ] 0x400037da: "cmp r3, r1" r3=0x2792d r1=0x34000 => cpsr: N=1, Z=0, C=0, V=0
[14:35:06 821][libnative-lib.so 0x037dd] [24bf    ] 0x400037dc: "itt hs"
[14:35:06 821][libnative-lib.so 0x037e3] [b3eb510f] 0x400037e2: "cmp.w r3, r1, lsr #1" r3=0x2792d r1=0x34000 => cpsr: N=0, Z=0, C=1, V=0
[14:35:06 821][libnative-lib.so 0x037e7] [24bf    ] 0x400037e6: "itt hs"
[14:35:06 821][libnative-lib.so 0x037e9] [a3eb5103] 0x400037e8: "sub.w r3, r3, r1, lsr #1" r3=0x2792d r1=0x34000 => r3=0xd92d
[14:35:06 821][libnative-lib.so 0x037ed] [40ea5200] 0x400037ec: "orr.w r0, r0, r2, lsr #1" r0=0x24c000 r2=0x2000 => r0=0x24d000
[14:35:06 821][libnative-lib.so 0x037f1] [b3eb910f] 0x400037f0: "cmp.w r3, r1, lsr #2" r3=0xd92d r1=0x34000 => cpsr: N=0, Z=0, C=1, V=0
[14:35:06 821][libnative-lib.so 0x037f5] [24bf    ] 0x400037f4: "itt hs"
[14:35:06 821][libnative-lib.so 0x037f7] [a3eb9103] 0x400037f6: "sub.w r3, r3, r1, lsr #2" r3=0xd92d r1=0x34000 => r3=0x92d
[14:35:06 821][libnative-lib.so 0x037fb] [40ea9200] 0x400037fa: "orr.w r0, r0, r2, lsr #2" r0=0x24d000 r2=0x2000 => r0=0x24d800
[14:35:06 821][libnative-lib.so 0x037ff] [b3ebd10f] 0x400037fe: "cmp.w r3, r1, lsr #3" r3=0x92d r1=0x34000 => cpsr: N=1, Z=0, C=0, V=0
[14:35:06 821][libnative-lib.so 0x03803] [24bf    ] 0x40003802: "itt hs"
[14:35:06 821][libnative-lib.so 0x0380d] [002b    ] 0x4000380c: "cmp r3, #0" r3=0x92d => cpsr: N=0, Z=0, C=1, V=0
[14:35:06 821][libnative-lib.so 0x0380f] [1cbf    ] 0x4000380e: "itt ne"
[14:35:06 821][libnative-lib.so 0x03811] [5fea1212] 0x40003810: "lsrs.w r2, r2, #4" r2=0x2000 => r2=0x200
[14:35:06 821][libnative-lib.so 0x03815] [0909    ] 0x40003814: "lsrs r1, r1, #4" r1=0x34000 => r1=0x3400
[14:35:06 821][libnative-lib.so 0x03817] [e0d1    ] 0x40003816: "bne #0x400037da"
[14:35:06 821][libnative-lib.so 0x037db] [8b42    ] 0x400037da: "cmp r3, r1" r3=0x92d r1=0x3400 => cpsr: N=1, Z=0, C=0, V=0
[14:35:06 821][libnative-lib.so 0x037dd] [24bf    ] 0x400037dc: "itt hs"
[14:35:06 821][libnative-lib.so 0x037e3] [b3eb510f] 0x400037e2: "cmp.w r3, r1, lsr #1" r3=0x92d r1=0x3400 => cpsr: N=1, Z=0, C=0, V=0
[14:35:06 821][libnative-lib.so 0x037e7] [24bf    ] 0x400037e6: "itt hs"
[14:35:06 821][libnative-lib.so 0x037f1] [b3eb910f] 0x400037f0: "cmp.w r3, r1, lsr #2" r3=0x92d r1=0x3400 => cpsr: N=1, Z=0, C=0, V=0
[14:35:06 821][libnative-lib.so 0x037f5] [24bf    ] 0x400037f4: "itt hs"
[14:35:06 821][libnative-lib.so 0x037ff] [b3ebd10f] 0x400037fe: "cmp.w r3, r1, lsr #3" r3=0x92d r1=0x3400 => cpsr: N=0, Z=0, C=1, V=0
[14:35:06 821][libnative-lib.so 0x03803] [24bf    ] 0x40003802: "itt hs"
[14:35:06 821][libnative-lib.so 0x03805] [a3ebd103] 0x40003804: "sub.w r3, r3, r1, lsr #3" r3=0x92d r1=0x3400 => r3=0x2ad
[14:35:06 822][libnative-lib.so 0x03809] [40ead200] 0x40003808: "orr.w r0, r0, r2, lsr #3" r0=0x24d800 r2=0x200 => r0=0x24d840
[14:35:06 822][libnative-lib.so 0x0380d] [002b    ] 0x4000380c: "cmp r3, #0" r3=0x2ad => cpsr: N=0, Z=0, C=1, V=0
[14:35:06 822][libnative-lib.so 0x0380f] [1cbf    ] 0x4000380e: "itt ne"
[14:35:06 822][libnative-lib.so 0x03811] [5fea1212] 0x40003810: "lsrs.w r2, r2, #4" r2=0x200 => r2=0x20
[14:35:06 822][libnative-lib.so 0x03815] [0909    ] 0x40003814: "lsrs r1, r1, #4" r1=0x3400 => r1=0x340
[14:35:06 822][libnative-lib.so 0x03817] [e0d1    ] 0x40003816: "bne #0x400037da"
[14:35:06 822][libnative-lib.so 0x037db] [8b42    ] 0x400037da: "cmp r3, r1" r3=0x2ad r1=0x340 => cpsr: N=1, Z=0, C=0, V=0
[14:35:06 822][libnative-lib.so 0x037dd] [24bf    ] 0x400037dc: "itt hs"
[14:35:06 822][libnative-lib.so 0x037e3] [b3eb510f] 0x400037e2: "cmp.w r3, r1, lsr #1" r3=0x2ad r1=0x340 => cpsr: N=0, Z=0, C=1, V=0
[14:35:06 822][libnative-lib.so 0x037e7] [24bf    ] 0x400037e6: "itt hs"
[14:35:06 822][libnative-lib.so 0x037e9] [a3eb5103] 0x400037e8: "sub.w r3, r3, r1, lsr #1" r3=0x2ad r1=0x340 => r3=0x10d
[14:35:06 822][libnative-lib.so 0x037ed] [40ea5200] 0x400037ec: "orr.w r0, r0, r2, lsr #1" r0=0x24d840 r2=0x20 => r0=0x24d850
[14:35:06 822][libnative-lib.so 0x037f1] [b3eb910f] 0x400037f0: "cmp.w r3, r1, lsr #2" r3=0x10d r1=0x340 => cpsr: N=0, Z=0, C=1, V=0
[14:35:06 822][libnative-lib.so 0x037f5] [24bf    ] 0x400037f4: "itt hs"
[14:35:06 822][libnative-lib.so 0x037f7] [a3eb9103] 0x400037f6: "sub.w r3, r3, r1, lsr #2" r3=0x10d r1=0x340 => r3=0x3d
[14:35:06 822][libnative-lib.so 0x037fb] [40ea9200] 0x400037fa: "orr.w r0, r0, r2, lsr #2" r0=0x24d850 r2=0x20 => r0=0x24d858
[14:35:06 822][libnative-lib.so 0x037ff] [b3ebd10f] 0x400037fe: "cmp.w r3, r1, lsr #3" r3=0x3d r1=0x340 => cpsr: N=1, Z=0, C=0, V=0
[14:35:06 822][libnative-lib.so 0x03803] [24bf    ] 0x40003802: "itt hs"
[14:35:06 822][libnative-lib.so 0x0380d] [002b    ] 0x4000380c: "cmp r3, #0" r3=0x3d => cpsr: N=0, Z=0, C=1, V=0
[14:35:06 822][libnative-lib.so 0x0380f] [1cbf    ] 0x4000380e: "itt ne"
[14:35:06 822][libnative-lib.so 0x03811] [5fea1212] 0x40003810: "lsrs.w r2, r2, #4" r2=0x20 => r2=0x2
[14:35:06 822][libnative-lib.so 0x03815] [0909    ] 0x40003814: "lsrs r1, r1, #4" r1=0x340 => r1=0x34
[14:35:06 822][libnative-lib.so 0x03817] [e0d1    ] 0x40003816: "bne #0x400037da"
[14:35:06 822][libnative-lib.so 0x037db] [8b42    ] 0x400037da: "cmp r3, r1" r3=0x3d r1=0x34 => cpsr: N=0, Z=0, C=1, V=0
[14:35:06 822][libnative-lib.so 0x037dd] [24bf    ] 0x400037dc: "itt hs"
[14:35:06 822][libnative-lib.so 0x037df] [5b1a    ] 0x400037de: "subs r3, r3, r1" r3=0x3d r1=0x34 => r3=0x9
[14:35:06 822][libnative-lib.so 0x037e1] [1043    ] 0x400037e0: "orrs r0, r2" r0=0x24d858 r2=0x2 => r0=0x24d85a
[14:35:06 822][libnative-lib.so 0x037e3] [b3eb510f] 0x400037e2: "cmp.w r3, r1, lsr #1" r3=0x9 r1=0x34 => cpsr: N=1, Z=0, C=0, V=0
[14:35:06 822][libnative-lib.so 0x037e7] [24bf    ] 0x400037e6: "itt hs"
[14:35:06 823][libnative-lib.so 0x037f1] [b3eb910f] 0x400037f0: "cmp.w r3, r1, lsr #2" r3=0x9 r1=0x34 => cpsr: N=1, Z=0, C=0, V=0
[14:35:06 823][libnative-lib.so 0x037f5] [24bf    ] 0x400037f4: "itt hs"
[14:35:06 823][libnative-lib.so 0x037ff] [b3ebd10f] 0x400037fe: "cmp.w r3, r1, lsr #3" r3=0x9 r1=0x34 => cpsr: N=0, Z=0, C=1, V=0
[14:35:06 823][libnative-lib.so 0x03803] [24bf    ] 0x40003802: "itt hs"
[14:35:06 823][libnative-lib.so 0x03805] [a3ebd103] 0x40003804: "sub.w r3, r3, r1, lsr #3" r3=0x9 r1=0x34 => r3=0x3
[14:35:06 823][libnative-lib.so 0x03809] [40ead200] 0x40003808: "orr.w r0, r0, r2, lsr #3" r0=0x24d85a r2=0x2 => r0=0x24d85a
[14:35:06 823][libnative-lib.so 0x0380d] [002b    ] 0x4000380c: "cmp r3, #0" r3=0x3 => cpsr: N=0, Z=0, C=1, V=0
[14:35:06 823][libnative-lib.so 0x0380f] [1cbf    ] 0x4000380e: "itt ne"
[14:35:06 823][libnative-lib.so 0x03811] [5fea1212] 0x40003810: "lsrs.w r2, r2, #4" r2=0x2
[14:35:06 823][libnative-lib.so 0x03817] [e0d1    ] 0x40003816: "bne #0x400037da"
[14:35:06 823][libnative-lib.so 0x03819] [bcf1000f] 0x40003818: "cmp.w ip, #0" ip=0x3bdf937 => cpsr: N=0, Z=0, C=1, V=0
[14:35:06 823][libnative-lib.so 0x0381d] [48bf    ] 0x4000381c: "it mi"
[14:35:06 823][libnative-lib.so 0x03821] [7047    ] 0x40003820: "bx lr" lr=0x40003cb1
[14:35:06 823][libnative-lib.so 0x03cb1] [00fb1651] 0x40003cb0: "mls r1, r0, r6, r5" r0=0x24d85a r6=0x1a r5=0x3bdf92d => r1=0x9
[14:35:06 823][libnative-lib.so 0x03cb5] [0546    ] 0x40003cb4: "mov r5, r0" r0=0x24d85a => r5=0x24d85a
[14:35:06 823][libnative-lib.so 0x03cb7] [1bf80110] 0x40003cb6: "ldrb.w r1, [fp, r1]" fp=0xbffff5c5 r1=0x9 => r1=0x43
[14:35:06 823][libnative-lib.so 0x03cbb] [0af80910] 0x40003cba: "strb.w r1, [sl, sb]" r1=0x43 sl=0xbffff5b8 sb=0x1
[14:35:06 823][libnative-lib.so 0x03cbf] [09f10109] 0x40003cbe: "add.w sb, sb, #1" sb=0x1 => sb=0x2
[14:35:06 823][libnative-lib.so 0x03cc3] [eee7    ] 0x40003cc2: "b #0x40003ca2"
[14:35:06 823][libnative-lib.so 0x03ca3] [b9f1050f] 0x40003ca2: "cmp.w sb, #5" sb=0x2 => cpsr: N=1, Z=0, C=0, V=0
[14:35:06 823][libnative-lib.so 0x03ca7] [21d0    ] 0x40003ca6: "beq #0x40003cec"
[14:35:06 823][libnative-lib.so 0x03ca9] [2846    ] 0x40003ca8: "mov r0, r5" r5=0x24d85a => r0=0x24d85a
[14:35:06 823][libnative-lib.so 0x03cab] [1a21    ] 0x40003caa: "movs r1, #0x1a" => r1=0x1a
[14:35:06 823][libnative-lib.so 0x03cad] [fff778fd] 0x40003cac: "bl #0x400037a0"
[14:35:06 823][libnative-lib.so 0x037a1] [0029    ] 0x400037a0: "cmp r1, #0" r1=0x1a => cpsr: N=0, Z=0, C=1, V=0
[14:35:06 823][libnative-lib.so 0x037a3] [56d0    ] 0x400037a2: "beq #0x40003852"
[14:35:06 823][libnative-lib.so 0x037a5] [80ea010c] 0x400037a4: "eor.w ip, r0, r1" r0=0x24d85a r1=0x1a => ip=0x24d840
[14:35:06 823][libnative-lib.so 0x037a9] [48bf    ] 0x400037a8: "it mi"
[14:35:06 823][libnative-lib.so 0x037ad] [4a1e    ] 0x400037ac: "subs r2, r1, #1" r1=0x1a => r2=0x19
[14:35:06 823][libnative-lib.so 0x037af] [38d0    ] 0x400037ae: "beq #0x40003822"
[14:35:06 823][libnative-lib.so 0x037b1] [0300    ] 0x400037b0: "movs r3, r0" r0=0x24d85a => cpsr: N=0, Z=0, C=1, V=0 r3=0x24d85a
[14:35:06 823][libnative-lib.so 0x037b3] [48bf    ] 0x400037b2: "it mi"
[14:35:06 823][libnative-lib.so 0x037b7] [8b42    ] 0x400037b6: "cmp r3, r1" r3=0x24d85a r1=0x1a => cpsr: N=0, Z=0, C=1, V=0
[14:35:06 823][libnative-lib.so 0x037b9] [38d9    ] 0x400037b8: "bls #0x4000382c"
[14:35:06 824][libnative-lib.so 0x037bb] [1142    ] 0x400037ba: "tst r1, r2" r1=0x1a r2=0x19 => cpsr: N=0, Z=0, C=1, V=0
[14:35:06 824][libnative-lib.so 0x037bd] [3ed0    ] 0x400037bc: "beq #0x4000383c"
[14:35:06 824][libnative-lib.so 0x037bf] [b1fa81f2] 0x400037be: "clz r2, r1" r1=0x1a => r2=0x1b
[14:35:06 824][libnative-lib.so 0x037c3] [b3fa83f0] 0x400037c2: "clz r0, r3" r3=0x24d85a => r0=0xa
[14:35:06 824][libnative-lib.so 0x037c7] [a2eb0000] 0x400037c6: "sub.w r0, r2, r0" r2=0x1b r0=0xa => r0=0x11
[14:35:06 824][libnative-lib.so 0x037cb] [4ff00102] 0x400037ca: "mov.w r2, #1" => r2=0x1
[14:35:06 824][libnative-lib.so 0x037cf] [01fa00f1] 0x400037ce: "lsl.w r1, r1, r0" r1=0x1a r0=0x11 => r1=0x340000
[14:35:06 824][libnative-lib.so 0x037d3] [02fa00f2] 0x400037d2: "lsl.w r2, r2, r0" r2=0x1 r0=0x11 => r2=0x20000
[14:35:06 824][libnative-lib.so 0x037d7] [4ff00000] 0x400037d6: "mov.w r0, #0" => r0=0x0
[14:35:06 824][libnative-lib.so 0x037db] [8b42    ] 0x400037da: "cmp r3, r1" r3=0x24d85a r1=0x340000 => cpsr: N=1, Z=0, C=0, V=0
[14:35:06 824][libnative-lib.so 0x037dd] [24bf    ] 0x400037dc: "itt hs"
[14:35:06 824][libnative-lib.so 0x037e3] [b3eb510f] 0x400037e2: "cmp.w r3, r1, lsr #1" r3=0x24d85a r1=0x340000 => cpsr: N=0, Z=0, C=1, V=0
[14:35:06 824][libnative-lib.so 0x037e7] [24bf    ] 0x400037e6: "itt hs"
[14:35:06 824][libnative-lib.so 0x037e9] [a3eb5103] 0x400037e8: "sub.w r3, r3, r1, lsr #1" r3=0x24d85a r1=0x340000 => r3=0xad85a
[14:35:06 824][libnative-lib.so 0x037ed] [40ea5200] 0x400037ec: "orr.w r0, r0, r2, lsr #1" r0=0x0 r2=0x20000 => r0=0x10000
[14:35:06 824][libnative-lib.so 0x037f1] [b3eb910f] 0x400037f0: "cmp.w r3, r1, lsr #2" r3=0xad85a r1=0x340000 => cpsr: N=1, Z=0, C=0, V=0
[14:35:06 824][libnative-lib.so 0x037f5] [24bf    ] 0x400037f4: "itt hs"
[14:35:06 824][libnative-lib.so 0x037ff] [b3ebd10f] 0x400037fe: "cmp.w r3, r1, lsr #3" r3=0xad85a r1=0x340000 => cpsr: N=0, Z=0, C=1, V=0
[14:35:06 824][libnative-lib.so 0x03803] [24bf    ] 0x40003802: "itt hs"
[14:35:06 824][libnative-lib.so 0x03805] [a3ebd103] 0x40003804: "sub.w r3, r3, r1, lsr #3" r3=0xad85a r1=0x340000 => r3=0x4585a
[14:35:06 824][libnative-lib.so 0x03809] [40ead200] 0x40003808: "orr.w r0, r0, r2, lsr #3" r0=0x10000 r2=0x20000 => r0=0x14000
[14:35:06 824][libnative-lib.so 0x0380d] [002b    ] 0x4000380c: "cmp r3, #0" r3=0x4585a => cpsr: N=0, Z=0, C=1, V=0
[14:35:06 824][libnative-lib.so 0x0380f] [1cbf    ] 0x4000380e: "itt ne"
[14:35:06 824][libnative-lib.so 0x03811] [5fea1212] 0x40003810: "lsrs.w r2, r2, #4" r2=0x20000 => r2=0x2000
[14:35:06 824][libnative-lib.so 0x03815] [0909    ] 0x40003814: "lsrs r1, r1, #4" r1=0x340000 => r1=0x34000
[14:35:06 824][libnative-lib.so 0x03817] [e0d1    ] 0x40003816: "bne #0x400037da"
[14:35:06 824][libnative-lib.so 0x037db] [8b42    ] 0x400037da: "cmp r3, r1" r3=0x4585a r1=0x34000 => cpsr: N=0, Z=0, C=1, V=0
[14:35:06 824][libnative-lib.so 0x037dd] [24bf    ] 0x400037dc: "itt hs"
[14:35:06 824][libnative-lib.so 0x037df] [5b1a    ] 0x400037de: "subs r3, r3, r1" r3=0x4585a r1=0x34000 => r3=0x1185a
[14:35:06 824][libnative-lib.so 0x037e1] [1043    ] 0x400037e0: "orrs r0, r2" r0=0x14000 r2=0x2000 => r0=0x16000
[14:35:06 824][libnative-lib.so 0x037e3] [b3eb510f] 0x400037e2: "cmp.w r3, r1, lsr #1" r3=0x1185a r1=0x34000 => cpsr: N=1, Z=0, C=0, V=0
[14:35:06 824][libnative-lib.so 0x037e7] [24bf    ] 0x400037e6: "itt hs"
[14:35:06 825][libnative-lib.so 0x037f1] [b3eb910f] 0x400037f0: "cmp.w r3, r1, lsr #2" r3=0x1185a r1=0x34000 => cpsr: N=0, Z=0, C=1, V=0
[14:35:06 825][libnative-lib.so 0x037f5] [24bf    ] 0x400037f4: "itt hs"
[14:35:06 825][libnative-lib.so 0x037f7] [a3eb9103] 0x400037f6: "sub.w r3, r3, r1, lsr #2" r3=0x1185a r1=0x34000 => r3=0x485a
[14:35:06 825][libnative-lib.so 0x037fb] [40ea9200] 0x400037fa: "orr.w r0, r0, r2, lsr #2" r0=0x16000 r2=0x2000 => r0=0x16800
[14:35:06 825][libnative-lib.so 0x037ff] [b3ebd10f] 0x400037fe: "cmp.w r3, r1, lsr #3" r3=0x485a r1=0x34000 => cpsr: N=1, Z=0, C=0, V=0
[14:35:06 825][libnative-lib.so 0x03803] [24bf    ] 0x40003802: "itt hs"
[14:35:06 825][libnative-lib.so 0x0380d] [002b    ] 0x4000380c: "cmp r3, #0" r3=0x485a => cpsr: N=0, Z=0, C=1, V=0
[14:35:06 825][libnative-lib.so 0x0380f] [1cbf    ] 0x4000380e: "itt ne"
[14:35:06 825][libnative-lib.so 0x03811] [5fea1212] 0x40003810: "lsrs.w r2, r2, #4" r2=0x2000 => r2=0x200
[14:35:06 825][libnative-lib.so 0x03815] [0909    ] 0x40003814: "lsrs r1, r1, #4" r1=0x34000 => r1=0x3400
[14:35:06 825][libnative-lib.so 0x03817] [e0d1    ] 0x40003816: "bne #0x400037da"
[14:35:06 825][libnative-lib.so 0x037db] [8b42    ] 0x400037da: "cmp r3, r1" r3=0x485a r1=0x3400 => cpsr: N=0, Z=0, C=1, V=0
[14:35:06 825][libnative-lib.so 0x037dd] [24bf    ] 0x400037dc: "itt hs"
[14:35:06 825][libnative-lib.so 0x037df] [5b1a    ] 0x400037de: "subs r3, r3, r1" r3=0x485a r1=0x3400 => r3=0x145a
[14:35:06 825][libnative-lib.so 0x037e1] [1043    ] 0x400037e0: "orrs r0, r2" r0=0x16800 r2=0x200 => r0=0x16a00
[14:35:06 825][libnative-lib.so 0x037e3] [b3eb510f] 0x400037e2: "cmp.w r3, r1, lsr #1" r3=0x145a r1=0x3400 => cpsr: N=1, Z=0, C=0, V=0
[14:35:06 825][libnative-lib.so 0x037e7] [24bf    ] 0x400037e6: "itt hs"
[14:35:06 825][libnative-lib.so 0x037f1] [b3eb910f] 0x400037f0: "cmp.w r3, r1, lsr #2" r3=0x145a r1=0x3400 => cpsr: N=0, Z=0, C=1, V=0
[14:35:06 825][libnative-lib.so 0x037f5] [24bf    ] 0x400037f4: "itt hs"
[14:35:06 825][libnative-lib.so 0x037f7] [a3eb9103] 0x400037f6: "sub.w r3, r3, r1, lsr #2" r3=0x145a r1=0x3400 => r3=0x75a
[14:35:06 825][libnative-lib.so 0x037fb] [40ea9200] 0x400037fa: "orr.w r0, r0, r2, lsr #2" r0=0x16a00 r2=0x200 => r0=0x16a80
[14:35:06 825][libnative-lib.so 0x037ff] [b3ebd10f] 0x400037fe: "cmp.w r3, r1, lsr #3" r3=0x75a r1=0x3400 => cpsr: N=0, Z=0, C=1, V=0
[14:35:06 825][libnative-lib.so 0x03803] [24bf    ] 0x40003802: "itt hs"
[14:35:06 825][libnative-lib.so 0x03805] [a3ebd103] 0x40003804: "sub.w r3, r3, r1, lsr #3" r3=0x75a r1=0x3400 => r3=0xda
[14:35:06 825][libnative-lib.so 0x03809] [40ead200] 0x40003808: "orr.w r0, r0, r2, lsr #3" r0=0x16a80 r2=0x200 => r0=0x16ac0
[14:35:06 825][libnative-lib.so 0x0380d] [002b    ] 0x4000380c: "cmp r3, #0" r3=0xda => cpsr: N=0, Z=0, C=1, V=0
[14:35:06 825][libnative-lib.so 0x0380f] [1cbf    ] 0x4000380e: "itt ne"
[14:35:06 825][libnative-lib.so 0x03811] [5fea1212] 0x40003810: "lsrs.w r2, r2, #4" r2=0x200 => r2=0x20
[14:35:06 825][libnative-lib.so 0x03815] [0909    ] 0x40003814: "lsrs r1, r1, #4" r1=0x3400 => r1=0x340
[14:35:06 825][libnative-lib.so 0x03817] [e0d1    ] 0x40003816: "bne #0x400037da"
[14:35:06 825][libnative-lib.so 0x037db] [8b42    ] 0x400037da: "cmp r3, r1" r3=0xda r1=0x340 => cpsr: N=1, Z=0, C=0, V=0
[14:35:06 825][libnative-lib.so 0x037dd] [24bf    ] 0x400037dc: "itt hs"
[14:35:06 825][libnative-lib.so 0x037e3] [b3eb510f] 0x400037e2: "cmp.w r3, r1, lsr #1" r3=0xda r1=0x340 => cpsr: N=1, Z=0, C=0, V=0
[14:35:06 826][libnative-lib.so 0x037e7] [24bf    ] 0x400037e6: "itt hs"
[14:35:06 826][libnative-lib.so 0x037f1] [b3eb910f] 0x400037f0: "cmp.w r3, r1, lsr #2" r3=0xda r1=0x340 => cpsr: N=0, Z=0, C=1, V=0
[14:35:06 826][libnative-lib.so 0x037f5] [24bf    ] 0x400037f4: "itt hs"
[14:35:06 826][libnative-lib.so 0x037f7] [a3eb9103] 0x400037f6: "sub.w r3, r3, r1, lsr #2" r3=0xda r1=0x340 => r3=0xa
[14:35:06 826][libnative-lib.so 0x037fb] [40ea9200] 0x400037fa: "orr.w r0, r0, r2, lsr #2" r0=0x16ac0 r2=0x20 => r0=0x16ac8
[14:35:06 826][libnative-lib.so 0x037ff] [b3ebd10f] 0x400037fe: "cmp.w r3, r1, lsr #3" r3=0xa r1=0x340 => cpsr: N=1, Z=0, C=0, V=0
[14:35:06 826][libnative-lib.so 0x03803] [24bf    ] 0x40003802: "itt hs"
[14:35:06 826][libnative-lib.so 0x0380d] [002b    ] 0x4000380c: "cmp r3, #0" r3=0xa => cpsr: N=0, Z=0, C=1, V=0
[14:35:06 826][libnative-lib.so 0x0380f] [1cbf    ] 0x4000380e: "itt ne"
[14:35:06 826][libnative-lib.so 0x03811] [5fea1212] 0x40003810: "lsrs.w r2, r2, #4" r2=0x20 => r2=0x2
[14:35:06 826][libnative-lib.so 0x03815] [0909    ] 0x40003814: "lsrs r1, r1, #4" r1=0x340 => r1=0x34
[14:35:06 826][libnative-lib.so 0x03817] [e0d1    ] 0x40003816: "bne #0x400037da"
[14:35:06 826][libnative-lib.so 0x037db] [8b42    ] 0x400037da: "cmp r3, r1" r3=0xa r1=0x34 => cpsr: N=1, Z=0, C=0, V=0
[14:35:06 826][libnative-lib.so 0x037dd] [24bf    ] 0x400037dc: "itt hs"
[14:35:06 826][libnative-lib.so 0x037e3] [b3eb510f] 0x400037e2: "cmp.w r3, r1, lsr #1" r3=0xa r1=0x34 => cpsr: N=1, Z=0, C=0, V=0
[14:35:06 826][libnative-lib.so 0x037e7] [24bf    ] 0x400037e6: "itt hs"
[14:35:06 826][libnative-lib.so 0x037f1] [b3eb910f] 0x400037f0: "cmp.w r3, r1, lsr #2" r3=0xa r1=0x34 => cpsr: N=1, Z=0, C=0, V=0
[14:35:06 826][libnative-lib.so 0x037f5] [24bf    ] 0x400037f4: "itt hs"
[14:35:06 826][libnative-lib.so 0x037ff] [b3ebd10f] 0x400037fe: "cmp.w r3, r1, lsr #3" r3=0xa r1=0x34 => cpsr: N=0, Z=0, C=1, V=0
[14:35:06 826][libnative-lib.so 0x03803] [24bf    ] 0x40003802: "itt hs"
[14:35:06 826][libnative-lib.so 0x03805] [a3ebd103] 0x40003804: "sub.w r3, r3, r1, lsr #3" r3=0xa r1=0x34 => r3=0x4
[14:35:06 826][libnative-lib.so 0x03809] [40ead200] 0x40003808: "orr.w r0, r0, r2, lsr #3" r0=0x16ac8 r2=0x2 => r0=0x16ac8
[14:35:06 826][libnative-lib.so 0x0380d] [002b    ] 0x4000380c: "cmp r3, #0" r3=0x4 => cpsr: N=0, Z=0, C=1, V=0
[14:35:06 826][libnative-lib.so 0x0380f] [1cbf    ] 0x4000380e: "itt ne"
[14:35:06 827][libnative-lib.so 0x03811] [5fea1212] 0x40003810: "lsrs.w r2, r2, #4" r2=0x2
[14:35:06 827][libnative-lib.so 0x03817] [e0d1    ] 0x40003816: "bne #0x400037da"
[14:35:06 827][libnative-lib.so 0x03819] [bcf1000f] 0x40003818: "cmp.w ip, #0" ip=0x24d840 => cpsr: N=0, Z=0, C=1, V=0
[14:35:06 827][libnative-lib.so 0x0381d] [48bf    ] 0x4000381c: "it mi"
[14:35:06 827][libnative-lib.so 0x03821] [7047    ] 0x40003820: "bx lr" lr=0x40003cb1
[14:35:06 827][libnative-lib.so 0x03cb1] [00fb1651] 0x40003cb0: "mls r1, r0, r6, r5" r0=0x16ac8 r6=0x1a r5=0x24d85a => r1=0xa
[14:35:06 827][libnative-lib.so 0x03cb5] [0546    ] 0x40003cb4: "mov r5, r0" r0=0x16ac8 => r5=0x16ac8
[14:35:06 827][libnative-lib.so 0x03cb7] [1bf80110] 0x40003cb6: "ldrb.w r1, [fp, r1]" fp=0xbffff5c5 r1=0xa => r1=0x44
[14:35:06 827][libnative-lib.so 0x03cbb] [0af80910] 0x40003cba: "strb.w r1, [sl, sb]" r1=0x44 sl=0xbffff5b8 sb=0x2
[14:35:06 827][libnative-lib.so 0x03cbf] [09f10109] 0x40003cbe: "add.w sb, sb, #1" sb=0x2 => sb=0x3
[14:35:06 827][libnative-lib.so 0x03cc3] [eee7    ] 0x40003cc2: "b #0x40003ca2"
[14:35:06 827][libnative-lib.so 0x03ca3] [b9f1050f] 0x40003ca2: "cmp.w sb, #5" sb=0x3 => cpsr: N=1, Z=0, C=0, V=0
[14:35:06 827][libnative-lib.so 0x03ca7] [21d0    ] 0x40003ca6: "beq #0x40003cec"
[14:35:06 827][libnative-lib.so 0x03ca9] [2846    ] 0x40003ca8: "mov r0, r5" r5=0x16ac8 => r0=0x16ac8
[14:35:06 827][libnative-lib.so 0x03cab] [1a21    ] 0x40003caa: "movs r1, #0x1a" => r1=0x1a
[14:35:06 827][libnative-lib.so 0x03cad] [fff778fd] 0x40003cac: "bl #0x400037a0"
[14:35:06 827][libnative-lib.so 0x037a1] [0029    ] 0x400037a0: "cmp r1, #0" r1=0x1a => cpsr: N=0, Z=0, C=1, V=0
[14:35:06 827][libnative-lib.so 0x037a3] [56d0    ] 0x400037a2: "beq #0x40003852"
[14:35:06 827][libnative-lib.so 0x037a5] [80ea010c] 0x400037a4: "eor.w ip, r0, r1" r0=0x16ac8 r1=0x1a => ip=0x16ad2
[14:35:06 827][libnative-lib.so 0x037a9] [48bf    ] 0x400037a8: "it mi"
[14:35:06 827][libnative-lib.so 0x037ad] [4a1e    ] 0x400037ac: "subs r2, r1, #1" r1=0x1a => r2=0x19
[14:35:06 827][libnative-lib.so 0x037af] [38d0    ] 0x400037ae: "beq #0x40003822"
[14:35:06 827][libnative-lib.so 0x037b1] [0300    ] 0x400037b0: "movs r3, r0" r0=0x16ac8 => cpsr: N=0, Z=0, C=1, V=0 r3=0x16ac8
[14:35:06 827][libnative-lib.so 0x037b3] [48bf    ] 0x400037b2: "it mi"
[14:35:06 827][libnative-lib.so 0x037b7] [8b42    ] 0x400037b6: "cmp r3, r1" r3=0x16ac8 r1=0x1a => cpsr: N=0, Z=0, C=1, V=0
[14:35:06 827][libnative-lib.so 0x037b9] [38d9    ] 0x400037b8: "bls #0x4000382c"
[14:35:06 827][libnative-lib.so 0x037bb] [1142    ] 0x400037ba: "tst r1, r2" r1=0x1a r2=0x19 => cpsr: N=0, Z=0, C=1, V=0
[14:35:06 827][libnative-lib.so 0x037bd] [3ed0    ] 0x400037bc: "beq #0x4000383c"
[14:35:06 827][libnative-lib.so 0x037bf] [b1fa81f2] 0x400037be: "clz r2, r1" r1=0x1a => r2=0x1b
[14:35:06 827][libnative-lib.so 0x037c3] [b3fa83f0] 0x400037c2: "clz r0, r3" r3=0x16ac8 => r0=0xf
[14:35:06 827][libnative-lib.so 0x037c7] [a2eb0000] 0x400037c6: "sub.w r0, r2, r0" r2=0x1b r0=0xf => r0=0xc
[14:35:06 827][libnative-lib.so 0x037cb] [4ff00102] 0x400037ca: "mov.w r2, #1" => r2=0x1
[14:35:06 827][libnative-lib.so 0x037cf] [01fa00f1] 0x400037ce: "lsl.w r1, r1, r0" r1=0x1a r0=0xc => r1=0x1a000
[14:35:06 828][libnative-lib.so 0x037d3] [02fa00f2] 0x400037d2: "lsl.w r2, r2, r0" r2=0x1 r0=0xc => r2=0x1000
[14:35:06 828][libnative-lib.so 0x037d7] [4ff00000] 0x400037d6: "mov.w r0, #0" => r0=0x0
[14:35:06 828][libnative-lib.so 0x037db] [8b42    ] 0x400037da: "cmp r3, r1" r3=0x16ac8 r1=0x1a000 => cpsr: N=1, Z=0, C=0, V=0
[14:35:06 828][libnative-lib.so 0x037dd] [24bf    ] 0x400037dc: "itt hs"
[14:35:06 828][libnative-lib.so 0x037e3] [b3eb510f] 0x400037e2: "cmp.w r3, r1, lsr #1" r3=0x16ac8 r1=0x1a000 => cpsr: N=0, Z=0, C=1, V=0
[14:35:06 828][libnative-lib.so 0x037e7] [24bf    ] 0x400037e6: "itt hs"
[14:35:06 828][libnative-lib.so 0x037e9] [a3eb5103] 0x400037e8: "sub.w r3, r3, r1, lsr #1" r3=0x16ac8 r1=0x1a000 => r3=0x9ac8
[14:35:06 828][libnative-lib.so 0x037ed] [40ea5200] 0x400037ec: "orr.w r0, r0, r2, lsr #1" r0=0x0 r2=0x1000 => r0=0x800
[14:35:06 828][libnative-lib.so 0x037f1] [b3eb910f] 0x400037f0: "cmp.w r3, r1, lsr #2" r3=0x9ac8 r1=0x1a000 => cpsr: N=0, Z=0, C=1, V=0
[14:35:06 828][libnative-lib.so 0x037f5] [24bf    ] 0x400037f4: "itt hs"
[14:35:06 828][libnative-lib.so 0x037f7] [a3eb9103] 0x400037f6: "sub.w r3, r3, r1, lsr #2" r3=0x9ac8 r1=0x1a000 => r3=0x32c8
[14:35:06 828][libnative-lib.so 0x037fb] [40ea9200] 0x400037fa: "orr.w r0, r0, r2, lsr #2" r0=0x800 r2=0x1000 => r0=0xc00
[14:35:06 828][libnative-lib.so 0x037ff] [b3ebd10f] 0x400037fe: "cmp.w r3, r1, lsr #3" r3=0x32c8 r1=0x1a000 => cpsr: N=1, Z=0, C=0, V=0
[14:35:06 828][libnative-lib.so 0x03803] [24bf    ] 0x40003802: "itt hs"
[14:35:06 828][libnative-lib.so 0x0380d] [002b    ] 0x4000380c: "cmp r3, #0" r3=0x32c8 => cpsr: N=0, Z=0, C=1, V=0
[14:35:06 828][libnative-lib.so 0x0380f] [1cbf    ] 0x4000380e: "itt ne"
[14:35:06 828][libnative-lib.so 0x03811] [5fea1212] 0x40003810: "lsrs.w r2, r2, #4" r2=0x1000 => r2=0x100
[14:35:06 828][libnative-lib.so 0x03815] [0909    ] 0x40003814: "lsrs r1, r1, #4" r1=0x1a000 => r1=0x1a00
[14:35:06 828][libnative-lib.so 0x03817] [e0d1    ] 0x40003816: "bne #0x400037da"
[14:35:06 828][libnative-lib.so 0x037db] [8b42    ] 0x400037da: "cmp r3, r1" r3=0x32c8 r1=0x1a00 => cpsr: N=0, Z=0, C=1, V=0
[14:35:06 828][libnative-lib.so 0x037dd] [24bf    ] 0x400037dc: "itt hs"
[14:35:06 828][libnative-lib.so 0x037df] [5b1a    ] 0x400037de: "subs r3, r3, r1" r3=0x32c8 r1=0x1a00 => r3=0x18c8
[14:35:06 828][libnative-lib.so 0x037e1] [1043    ] 0x400037e0: "orrs r0, r2" r0=0xc00 r2=0x100 => r0=0xd00
[14:35:06 828][libnative-lib.so 0x037e3] [b3eb510f] 0x400037e2: "cmp.w r3, r1, lsr #1" r3=0x18c8 r1=0x1a00 => cpsr: N=0, Z=0, C=1, V=0
[14:35:06 828][libnative-lib.so 0x037e7] [24bf    ] 0x400037e6: "itt hs"
[14:35:06 828][libnative-lib.so 0x037e9] [a3eb5103] 0x400037e8: "sub.w r3, r3, r1, lsr #1" r3=0x18c8 r1=0x1a00 => r3=0xbc8
[14:35:06 828][libnative-lib.so 0x037ed] [40ea5200] 0x400037ec: "orr.w r0, r0, r2, lsr #1" r0=0xd00 r2=0x100 => r0=0xd80
[14:35:06 828][libnative-lib.so 0x037f1] [b3eb910f] 0x400037f0: "cmp.w r3, r1, lsr #2" r3=0xbc8 r1=0x1a00 => cpsr: N=0, Z=0, C=1, V=0
[14:35:06 828][libnative-lib.so 0x037f5] [24bf    ] 0x400037f4: "itt hs"
[14:35:06 828][libnative-lib.so 0x037f7] [a3eb9103] 0x400037f6: "sub.w r3, r3, r1, lsr #2" r3=0xbc8 r1=0x1a00 => r3=0x548
[14:35:06 828][libnative-lib.so 0x037fb] [40ea9200] 0x400037fa: "orr.w r0, r0, r2, lsr #2" r0=0xd80 r2=0x100 => r0=0xdc0
[14:35:06 828][libnative-lib.so 0x037ff] [b3ebd10f] 0x400037fe: "cmp.w r3, r1, lsr #3" r3=0x548 r1=0x1a00 => cpsr: N=0, Z=0, C=1, V=0
[14:35:06 828][libnative-lib.so 0x03803] [24bf    ] 0x40003802: "itt hs"
[14:35:06 829][libnative-lib.so 0x03805] [a3ebd103] 0x40003804: "sub.w r3, r3, r1, lsr #3" r3=0x548 r1=0x1a00 => r3=0x208
[14:35:06 829][libnative-lib.so 0x03809] [40ead200] 0x40003808: "orr.w r0, r0, r2, lsr #3" r0=0xdc0 r2=0x100 => r0=0xde0
[14:35:06 829][libnative-lib.so 0x0380d] [002b    ] 0x4000380c: "cmp r3, #0" r3=0x208 => cpsr: N=0, Z=0, C=1, V=0
[14:35:06 829][libnative-lib.so 0x0380f] [1cbf    ] 0x4000380e: "itt ne"
[14:35:06 829][libnative-lib.so 0x03811] [5fea1212] 0x40003810: "lsrs.w r2, r2, #4" r2=0x100 => r2=0x10
[14:35:06 829][libnative-lib.so 0x03815] [0909    ] 0x40003814: "lsrs r1, r1, #4" r1=0x1a00 => r1=0x1a0
[14:35:06 829][libnative-lib.so 0x03817] [e0d1    ] 0x40003816: "bne #0x400037da"
[14:35:06 829][libnative-lib.so 0x037db] [8b42    ] 0x400037da: "cmp r3, r1" r3=0x208 r1=0x1a0 => cpsr: N=0, Z=0, C=1, V=0
[14:35:06 829][libnative-lib.so 0x037dd] [24bf    ] 0x400037dc: "itt hs"
[14:35:06 829][libnative-lib.so 0x037df] [5b1a    ] 0x400037de: "subs r3, r3, r1" r3=0x208 r1=0x1a0 => r3=0x68
[14:35:06 829][libnative-lib.so 0x037e1] [1043    ] 0x400037e0: "orrs r0, r2" r0=0xde0 r2=0x10 => r0=0xdf0
[14:35:06 829][libnative-lib.so 0x037e3] [b3eb510f] 0x400037e2: "cmp.w r3, r1, lsr #1" r3=0x68 r1=0x1a0 => cpsr: N=1, Z=0, C=0, V=0
[14:35:06 829][libnative-lib.so 0x037e7] [24bf    ] 0x400037e6: "itt hs"
[14:35:06 829][libnative-lib.so 0x037f1] [b3eb910f] 0x400037f0: "cmp.w r3, r1, lsr #2" r3=0x68 r1=0x1a0 => cpsr: N=0, Z=1, C=1, V=0
[14:35:06 829][libnative-lib.so 0x037f5] [24bf    ] 0x400037f4: "itt hs"
[14:35:06 829][libnative-lib.so 0x037f7] [a3eb9103] 0x400037f6: "sub.w r3, r3, r1, lsr #2" r3=0x68 r1=0x1a0 => r3=0x0
[14:35:06 829][libnative-lib.so 0x037fb] [40ea9200] 0x400037fa: "orr.w r0, r0, r2, lsr #2" r0=0xdf0 r2=0x10 => r0=0xdf4
[14:35:06 829][libnative-lib.so 0x037ff] [b3ebd10f] 0x400037fe: "cmp.w r3, r1, lsr #3" r3=0x0 r1=0x1a0 => cpsr: N=1, Z=0, C=0, V=0
[14:35:06 829][libnative-lib.so 0x03803] [24bf    ] 0x40003802: "itt hs"
[14:35:06 829][libnative-lib.so 0x0380d] [002b    ] 0x4000380c: "cmp r3, #0" r3=0x0 => cpsr: N=0, Z=1, C=1, V=0
[14:35:06 829][libnative-lib.so 0x0380f] [1cbf    ] 0x4000380e: "itt ne"
[14:35:06 829][libnative-lib.so 0x03817] [e0d1    ] 0x40003816: "bne #0x400037da"
[14:35:06 829][libnative-lib.so 0x03819] [bcf1000f] 0x40003818: "cmp.w ip, #0" ip=0x16ad2 => cpsr: N=0, Z=0, C=1, V=0
[14:35:06 829][libnative-lib.so 0x0381d] [48bf    ] 0x4000381c: "it mi"
[14:35:06 829][libnative-lib.so 0x03821] [7047    ] 0x40003820: "bx lr" lr=0x40003cb1
[14:35:06 829][libnative-lib.so 0x03cb1] [00fb1651] 0x40003cb0: "mls r1, r0, r6, r5" r0=0xdf4 r6=0x1a r5=0x16ac8 => r1=0x0
[14:35:06 829][libnative-lib.so 0x03cb5] [0546    ] 0x40003cb4: "mov r5, r0" r0=0xdf4 => r5=0xdf4
[14:35:06 829][libnative-lib.so 0x03cb7] [1bf80110] 0x40003cb6: "ldrb.w r1, [fp, r1]" fp=0xbffff5c5 r1=0x0 => r1=0x32
[14:35:06 829][libnative-lib.so 0x03cbb] [0af80910] 0x40003cba: "strb.w r1, [sl, sb]" r1=0x32 sl=0xbffff5b8 sb=0x3
[14:35:06 829][libnative-lib.so 0x03cbf] [09f10109] 0x40003cbe: "add.w sb, sb, #1" sb=0x3 => sb=0x4
[14:35:06 829][libnative-lib.so 0x03cc3] [eee7    ] 0x40003cc2: "b #0x40003ca2"
[14:35:06 829][libnative-lib.so 0x03ca3] [b9f1050f] 0x40003ca2: "cmp.w sb, #5" sb=0x4 => cpsr: N=1, Z=0, C=0, V=0
[14:35:06 829][libnative-lib.so 0x03ca7] [21d0    ] 0x40003ca6: "beq #0x40003cec"
[14:35:06 830][libnative-lib.so 0x03ca9] [2846    ] 0x40003ca8: "mov r0, r5" r5=0xdf4 => r0=0xdf4
[14:35:06 830][libnative-lib.so 0x03cab] [1a21    ] 0x40003caa: "movs r1, #0x1a" => r1=0x1a
[14:35:06 830][libnative-lib.so 0x03cad] [fff778fd] 0x40003cac: "bl #0x400037a0"
[14:35:06 830][libnative-lib.so 0x037a1] [0029    ] 0x400037a0: "cmp r1, #0" r1=0x1a => cpsr: N=0, Z=0, C=1, V=0
[14:35:06 830][libnative-lib.so 0x037a3] [56d0    ] 0x400037a2: "beq #0x40003852"
[14:35:06 830][libnative-lib.so 0x037a5] [80ea010c] 0x400037a4: "eor.w ip, r0, r1" r0=0xdf4 r1=0x1a => ip=0xdee
[14:35:06 830][libnative-lib.so 0x037a9] [48bf    ] 0x400037a8: "it mi"
[14:35:06 830][libnative-lib.so 0x037ad] [4a1e    ] 0x400037ac: "subs r2, r1, #1" r1=0x1a => r2=0x19
[14:35:06 830][libnative-lib.so 0x037af] [38d0    ] 0x400037ae: "beq #0x40003822"
[14:35:06 830][libnative-lib.so 0x037b1] [0300    ] 0x400037b0: "movs r3, r0" r0=0xdf4 => cpsr: N=0, Z=0, C=1, V=0 r3=0xdf4
[14:35:06 830][libnative-lib.so 0x037b3] [48bf    ] 0x400037b2: "it mi"
[14:35:06 830][libnative-lib.so 0x037b7] [8b42    ] 0x400037b6: "cmp r3, r1" r3=0xdf4 r1=0x1a => cpsr: N=0, Z=0, C=1, V=0
[14:35:06 830][libnative-lib.so 0x037b9] [38d9    ] 0x400037b8: "bls #0x4000382c"
[14:35:06 830][libnative-lib.so 0x037bb] [1142    ] 0x400037ba: "tst r1, r2" r1=0x1a r2=0x19 => cpsr: N=0, Z=0, C=1, V=0
[14:35:06 830][libnative-lib.so 0x037bd] [3ed0    ] 0x400037bc: "beq #0x4000383c"
[14:35:06 830][libnative-lib.so 0x037bf] [b1fa81f2] 0x400037be: "clz r2, r1" r1=0x1a => r2=0x1b
[14:35:06 830][libnative-lib.so 0x037c3] [b3fa83f0] 0x400037c2: "clz r0, r3" r3=0xdf4 => r0=0x14
[14:35:06 830][libnative-lib.so 0x037c7] [a2eb0000] 0x400037c6: "sub.w r0, r2, r0" r2=0x1b r0=0x14 => r0=0x7
[14:35:06 830][libnative-lib.so 0x037cb] [4ff00102] 0x400037ca: "mov.w r2, #1" => r2=0x1
[14:35:06 830][libnative-lib.so 0x037cf] [01fa00f1] 0x400037ce: "lsl.w r1, r1, r0" r1=0x1a r0=0x7 => r1=0xd00
[14:35:06 830][libnative-lib.so 0x037d3] [02fa00f2] 0x400037d2: "lsl.w r2, r2, r0" r2=0x1 r0=0x7 => r2=0x80
[14:35:06 830][libnative-lib.so 0x037d7] [4ff00000] 0x400037d6: "mov.w r0, #0" => r0=0x0
[14:35:06 830][libnative-lib.so 0x037db] [8b42    ] 0x400037da: "cmp r3, r1" r3=0xdf4 r1=0xd00 => cpsr: N=0, Z=0, C=1, V=0
[14:35:06 830][libnative-lib.so 0x037dd] [24bf    ] 0x400037dc: "itt hs"
[14:35:06 830][libnative-lib.so 0x037df] [5b1a    ] 0x400037de: "subs r3, r3, r1" r3=0xdf4 r1=0xd00 => r3=0xf4
[14:35:06 830][libnative-lib.so 0x037e1] [1043    ] 0x400037e0: "orrs r0, r2" r0=0x0 r2=0x80 => r0=0x80
[14:35:06 830][libnative-lib.so 0x037e3] [b3eb510f] 0x400037e2: "cmp.w r3, r1, lsr #1" r3=0xf4 r1=0xd00 => cpsr: N=1, Z=0, C=0, V=0
[14:35:06 830][libnative-lib.so 0x037e7] [24bf    ] 0x400037e6: "itt hs"
[14:35:06 830][libnative-lib.so 0x037f1] [b3eb910f] 0x400037f0: "cmp.w r3, r1, lsr #2" r3=0xf4 r1=0xd00 => cpsr: N=1, Z=0, C=0, V=0
[14:35:06 830][libnative-lib.so 0x037f5] [24bf    ] 0x400037f4: "itt hs"
[14:35:06 830][libnative-lib.so 0x037ff] [b3ebd10f] 0x400037fe: "cmp.w r3, r1, lsr #3" r3=0xf4 r1=0xd00 => cpsr: N=1, Z=0, C=0, V=0
[14:35:06 830][libnative-lib.so 0x03803] [24bf    ] 0x40003802: "itt hs"
[14:35:06 830][libnative-lib.so 0x0380d] [002b    ] 0x4000380c: "cmp r3, #0" r3=0xf4 => cpsr: N=0, Z=0, C=1, V=0
[14:35:06 830][libnative-lib.so 0x0380f] [1cbf    ] 0x4000380e: "itt ne"
[14:35:06 831][libnative-lib.so 0x03811] [5fea1212] 0x40003810: "lsrs.w r2, r2, #4" r2=0x80 => r2=0x8
[14:35:06 831][libnative-lib.so 0x03815] [0909    ] 0x40003814: "lsrs r1, r1, #4" r1=0xd00 => r1=0xd0
[14:35:06 831][libnative-lib.so 0x03817] [e0d1    ] 0x40003816: "bne #0x400037da"
[14:35:06 831][libnative-lib.so 0x037db] [8b42    ] 0x400037da: "cmp r3, r1" r3=0xf4 r1=0xd0 => cpsr: N=0, Z=0, C=1, V=0
[14:35:06 831][libnative-lib.so 0x037dd] [24bf    ] 0x400037dc: "itt hs"
[14:35:06 831][libnative-lib.so 0x037df] [5b1a    ] 0x400037de: "subs r3, r3, r1" r3=0xf4 r1=0xd0 => r3=0x24
[14:35:06 831][libnative-lib.so 0x037e1] [1043    ] 0x400037e0: "orrs r0, r2" r0=0x80 r2=0x8 => r0=0x88
[14:35:06 831][libnative-lib.so 0x037e3] [b3eb510f] 0x400037e2: "cmp.w r3, r1, lsr #1" r3=0x24 r1=0xd0 => cpsr: N=1, Z=0, C=0, V=0
[14:35:06 831][libnative-lib.so 0x037e7] [24bf    ] 0x400037e6: "itt hs"
[14:35:06 831][libnative-lib.so 0x037f1] [b3eb910f] 0x400037f0: "cmp.w r3, r1, lsr #2" r3=0x24 r1=0xd0 => cpsr: N=1, Z=0, C=0, V=0
[14:35:06 831][libnative-lib.so 0x037f5] [24bf    ] 0x400037f4: "itt hs"
[14:35:06 831][libnative-lib.so 0x037ff] [b3ebd10f] 0x400037fe: "cmp.w r3, r1, lsr #3" r3=0x24 r1=0xd0 => cpsr: N=0, Z=0, C=1, V=0
[14:35:06 831][libnative-lib.so 0x03803] [24bf    ] 0x40003802: "itt hs"
[14:35:06 831][libnative-lib.so 0x03805] [a3ebd103] 0x40003804: "sub.w r3, r3, r1, lsr #3" r3=0x24 r1=0xd0 => r3=0xa
[14:35:06 831][libnative-lib.so 0x03809] [40ead200] 0x40003808: "orr.w r0, r0, r2, lsr #3" r0=0x88 r2=0x8 => r0=0x89
[14:35:06 831][libnative-lib.so 0x0380d] [002b    ] 0x4000380c: "cmp r3, #0" r3=0xa => cpsr: N=0, Z=0, C=1, V=0
[14:35:06 831][libnative-lib.so 0x0380f] [1cbf    ] 0x4000380e: "itt ne"
[14:35:06 831][libnative-lib.so 0x03811] [5fea1212] 0x40003810: "lsrs.w r2, r2, #4" r2=0x8
[14:35:06 831][libnative-lib.so 0x03817] [e0d1    ] 0x40003816: "bne #0x400037da"
[14:35:06 831][libnative-lib.so 0x03819] [bcf1000f] 0x40003818: "cmp.w ip, #0" ip=0xdee => cpsr: N=0, Z=0, C=1, V=0
[14:35:06 831][libnative-lib.so 0x0381d] [48bf    ] 0x4000381c: "it mi"
[14:35:06 831][libnative-lib.so 0x03821] [7047    ] 0x40003820: "bx lr" lr=0x40003cb1
[14:35:06 831][libnative-lib.so 0x03cb1] [00fb1651] 0x40003cb0: "mls r1, r0, r6, r5" r0=0x89 r6=0x1a r5=0xdf4 => r1=0xa
[14:35:06 831][libnative-lib.so 0x03cb5] [0546    ] 0x40003cb4: "mov r5, r0" r0=0x89 => r5=0x89
[14:35:06 831][libnative-lib.so 0x03cb7] [1bf80110] 0x40003cb6: "ldrb.w r1, [fp, r1]" fp=0xbffff5c5 r1=0xa => r1=0x44
[14:35:06 831][libnative-lib.so 0x03cbb] [0af80910] 0x40003cba: "strb.w r1, [sl, sb]" r1=0x44 sl=0xbffff5b8 sb=0x4
[14:35:06 831][libnative-lib.so 0x03cbf] [09f10109] 0x40003cbe: "add.w sb, sb, #1" sb=0x4 => sb=0x5
[14:35:06 831][libnative-lib.so 0x03cc3] [eee7    ] 0x40003cc2: "b #0x40003ca2"
[14:35:06 831][libnative-lib.so 0x03ca3] [b9f1050f] 0x40003ca2: "cmp.w sb, #5" sb=0x5 => cpsr: N=0, Z=1, C=1, V=0
[14:35:06 831][libnative-lib.so 0x03ca7] [21d0    ] 0x40003ca6: "beq #0x40003cec"
[14:35:06 832][libnative-lib.so 0x03ced] [ddf83900] 0x40003cec: "ldr.w r0, [sp, #0x39]" sp=0xbffff580 => r0=0x44324443
[14:35:06 832][libnative-lib.so 0x03cf1] [2560    ] 0x40003cf0: "str r5, [r4]" r5=0x89 r4=0x400060e4
[14:35:06 832][libnative-lib.so 0x03cf3] [0790    ] 0x40003cf2: "str r0, [sp, #0x1c]" r0=0x44324443 sp=0xbffff580
[14:35:06 832][libnative-lib.so 0x03cf5] [07a8    ] 0x40003cf4: "add r0, sp, #0x1c" sp=0xbffff580 => r0=0xbffff59c
[14:35:06 832][libnative-lib.so 0x03cf7] [e0f93f08] 0x40003cf6: "vld1.32 {d16[0]}, [r0:0x20]" r0=0xbffff59c
[14:35:06 832][libnative-lib.so 0x03cfb] [08a8    ] 0x40003cfa: "add r0, sp, #0x20" sp=0xbffff580 => r0=0xbffff5a0
[14:35:06 832][libnative-lib.so 0x03cfd] [c8ff300a] 0x40003cfc: "vmovl.u8 q8, d16"
[14:35:06 832][libnative-lib.so 0x03d01] [d0ff300a] 0x40003d00: "vmovl.u16 q8, d16"
[14:35:06 832][libnative-lib.so 0x03d05] [40f9ef0a] 0x40003d04: "vst1.64 {d16, d17}, [r0:0x80]" r0=0xbffff5a0
[14:35:06 832][libnative-lib.so 0x03d09] [fdf720fe] 0x40003d08: "bl #0x4000194c"
[14:35:06 832][libnative-lib.so 0x0194d] [f0b5    ] 0x4000194c: "push {r4, r5, r6, r7, lr}" sp=0xbffff580 r4=0x400060e4 r5=0x89 r6=0x1a r7=0xbffff710 lr=0x40003d0d => sp=0xbffff56c
[14:35:06 832][libnative-lib.so 0x0194f] [03af    ] 0x4000194e: "add r7, sp, #0xc" sp=0xbffff56c => r7=0xbffff578
[14:35:06 832][libnative-lib.so 0x01951] [2de9000f] 0x40001950: "push.w {r8, sb, sl, fp}" sp=0xbffff56c r8=0xfffe12a0 sb=0x5 sl=0xbffff5b8 fp=0xbffff5c5 => sp=0xbffff55c r8=0xfffe12a0 sb=0x5 sl=0xbffff5b8 fp=0xbffff5c5
[14:35:06 832][libnative-lib.so 0x01955] [8bb0    ] 0x40001954: "sub sp, #0x2c" sp=0xbffff55c => sp=0xbffff530
[14:35:06 832][libnative-lib.so 0x01957] [0568    ] 0x40001956: "ldr r5, [r0]" r0=0xbffff5a0 => r5=0x43
[14:35:06 832][libnative-lib.so 0x01959] [0446    ] 0x40001958: "mov r4, r0" r0=0xbffff5a0 => r4=0xbffff5a0
[14:35:06 832][libnative-lib.so 0x0195b] [4249    ] 0x4000195a: "ldr r1, [pc, #0x108]" => r1=0xffffffbf
[14:35:06 832][libnative-lib.so 0x0195d] [7944    ] 0x4000195c: "add r1, pc" r1=0xffffffbf => r1=0x4000191f
[14:35:06 832][libnative-lib.so 0x0195f] [2846    ] 0x4000195e: "mov r0, r5" r5=0x43 => r0=0x43
[14:35:06 832][libnative-lib.so 0x01961] [0a91    ] 0x40001960: "str r1, [sp, #0x28]" r1=0x4000191f sp=0xbffff530
[14:35:06 832][libnative-lib.so 0x01963] [8847    ] 0x40001962: "blx r1" r1=0x4000191f
[14:35:06 832][libnative-lib.so 0x0191f] [b0b5    ] 0x4000191e: "push {r4, r5, r7, lr}" sp=0xbffff530 r4=0xbffff5a0 r5=0x43 r7=0xbffff578 lr=0x40001965 => sp=0xbffff520
[14:35:06 833][libnative-lib.so 0x01921] [02af    ] 0x40001920: "add r7, sp, #8" sp=0xbffff520 => r7=0xbffff528
[14:35:06 833][libnative-lib.so 0x01923] [0446    ] 0x40001922: "mov r4, r0" r0=0x43 => r4=0x43
[14:35:06 833][libnative-lib.so 0x01925] [0006    ] 0x40001924: "lsls r0, r0, #0x18" r0=0x43 => r0=0x43000000
[14:35:06 833][libnative-lib.so 0x01927] [4fea4400] 0x40001926: "lsl.w r0, r4, #1" r4=0x43 => r0=0x86
[14:35:06 833][libnative-lib.so 0x0192b] [c0b2    ] 0x4000192a: "uxtb r0, r0" r0=0x86 => r0=0x86
[14:35:06 833][libnative-lib.so 0x0192d] [80f01b00] 0x4000192c: "eor r0, r0, #0x1b" r0=0x86 => r0=0x9d
[14:35:06 833][libnative-lib.so 0x01931] [58bf    ] 0x40001930: "it pl"
[14:35:06 833][libnative-lib.so 0x01933] [6000    ] 0x40001932: "lsls r0, r4, #1" r4=0x43 => r0=0x86
[14:35:06 833][libnative-lib.so 0x01935] [80ea0405] 0x40001934: "eor.w r5, r0, r4" r0=0x86 r4=0x43 => r5=0xc5
[14:35:06 833][libnative-lib.so 0x01939] [2046    ] 0x40001938: "mov r0, r4" r4=0x43 => r0=0x43
[14:35:06 833][libnative-lib.so 0x0193b] [fff7ddff] 0x4000193a: "bl #0x400018f8"
[14:35:06 833][libnative-lib.so 0x018f9] [0106    ] 0x400018f8: "lsls r1, r0, #0x18" r0=0x43 => r1=0x43000000
[14:35:06 833][libnative-lib.so 0x018fb] [4fea4001] 0x400018fa: "lsl.w r1, r0, #1" r0=0x43 => r1=0x86
[14:35:06 833][libnative-lib.so 0x018ff] [c9b2    ] 0x400018fe: "uxtb r1, r1" r1=0x86 => r1=0x86
[14:35:06 833][libnative-lib.so 0x01901] [81f01b01] 0x40001900: "eor r1, r1, #0x1b" r1=0x86 => r1=0x9d
[14:35:06 833][libnative-lib.so 0x01905] [58bf    ] 0x40001904: "it pl"
[14:35:06 833][libnative-lib.so 0x01907] [4100    ] 0x40001906: "lsls r1, r0, #1" r0=0x43 => r1=0x86
[14:35:06 833][libnative-lib.so 0x01909] [0806    ] 0x40001908: "lsls r0, r1, #0x18" r1=0x86 => r0=0x86000000
[14:35:06 833][libnative-lib.so 0x0190b] [4fea4100] 0x4000190a: "lsl.w r0, r1, #1" r1=0x86 => r0=0x10c
[14:35:06 833][libnative-lib.so 0x0190f] [c0b2    ] 0x4000190e: "uxtb r0, r0" r0=0x10c => r0=0xc
[14:35:06 833][libnative-lib.so 0x01911] [80f01b00] 0x40001910: "eor r0, r0, #0x1b" r0=0xc => r0=0x17
[14:35:06 833][libnative-lib.so 0x01915] [58bf    ] 0x40001914: "it pl"
[14:35:06 833][libnative-lib.so 0x01919] [4840    ] 0x40001918: "eors r0, r1" r0=0x17 r1=0x86 => r0=0x91
[14:35:06 833][libnative-lib.so 0x0191b] [fff7dbbf] 0x4000191a: "b.w #0x400018d4"
[14:35:06 834][libnative-lib.so 0x018d5] [0106    ] 0x400018d4: "lsls r1, r0, #0x18" r0=0x91 => r1=0x91000000
[14:35:06 834][libnative-lib.so 0x018d7] [4fea4001] 0x400018d6: "lsl.w r1, r0, #1" r0=0x91 => r1=0x122
[14:35:06 834][libnative-lib.so 0x018db] [c9b2    ] 0x400018da: "uxtb r1, r1" r1=0x122 => r1=0x22
[14:35:06 834][libnative-lib.so 0x018dd] [81f01b01] 0x400018dc: "eor r1, r1, #0x1b" r1=0x22 => r1=0x39
[14:35:06 834][libnative-lib.so 0x018e1] [58bf    ] 0x400018e0: "it pl"
[14:35:06 834][libnative-lib.so 0x018e5] [0806    ] 0x400018e4: "lsls r0, r1, #0x18" r1=0x39 => r0=0x39000000
[14:35:06 834][libnative-lib.so 0x018e7] [4fea4100] 0x400018e6: "lsl.w r0, r1, #1" r1=0x39 => r0=0x72
[14:35:06 834][libnative-lib.so 0x018eb] [c0b2    ] 0x400018ea: "uxtb r0, r0" r0=0x72 => r0=0x72
[14:35:06 834][libnative-lib.so 0x018ed] [80f01b00] 0x400018ec: "eor r0, r0, #0x1b" r0=0x72 => r0=0x69
[14:35:06 834][libnative-lib.so 0x018f1] [58bf    ] 0x400018f0: "it pl"
[14:35:06 834][libnative-lib.so 0x018f3] [4800    ] 0x400018f2: "lsls r0, r1, #1" r1=0x39 => r0=0x72
[14:35:06 834][libnative-lib.so 0x018f5] [4840    ] 0x400018f4: "eors r0, r1" r0=0x72 r1=0x39 => r0=0x4b
[14:35:06 834][libnative-lib.so 0x018f7] [7047    ] 0x400018f6: "bx lr" lr=0x4000193f
[14:35:06 834][libnative-lib.so 0x0193f] [4540    ] 0x4000193e: "eors r5, r0" r5=0xc5 r0=0x4b => r5=0x8e
[14:35:06 834][libnative-lib.so 0x01941] [2046    ] 0x40001940: "mov r0, r4" r4=0x43 => r0=0x43
[14:35:06 834][libnative-lib.so 0x01943] [fff7c7ff] 0x40001942: "bl #0x400018d4"
[14:35:06 835][libnative-lib.so 0x018d5] [0106    ] 0x400018d4: "lsls r1, r0, #0x18" r0=0x43 => r1=0x43000000
[14:35:06 835][libnative-lib.so 0x018d7] [4fea4001] 0x400018d6: "lsl.w r1, r0, #1" r0=0x43 => r1=0x86
[14:35:06 835][libnative-lib.so 0x018db] [c9b2    ] 0x400018da: "uxtb r1, r1" r1=0x86 => r1=0x86
[14:35:06 835][libnative-lib.so 0x018dd] [81f01b01] 0x400018dc: "eor r1, r1, #0x1b" r1=0x86 => r1=0x9d
[14:35:06 835][libnative-lib.so 0x018e1] [58bf    ] 0x400018e0: "it pl"
[14:35:06 835][libnative-lib.so 0x018e3] [4100    ] 0x400018e2: "lsls r1, r0, #1" r0=0x43 => r1=0x86
[14:35:06 835][libnative-lib.so 0x018e5] [0806    ] 0x400018e4: "lsls r0, r1, #0x18" r1=0x86 => r0=0x86000000
[14:35:06 835][libnative-lib.so 0x018e7] [4fea4100] 0x400018e6: "lsl.w r0, r1, #1" r1=0x86 => r0=0x10c
[14:35:06 835][libnative-lib.so 0x018eb] [c0b2    ] 0x400018ea: "uxtb r0, r0" r0=0x10c => r0=0xc
[14:35:06 835][libnative-lib.so 0x018ed] [80f01b00] 0x400018ec: "eor r0, r0, #0x1b" r0=0xc => r0=0x17
[14:35:06 835][libnative-lib.so 0x018f1] [58bf    ] 0x400018f0: "it pl"
[14:35:06 835][libnative-lib.so 0x018f5] [4840    ] 0x400018f4: "eors r0, r1" r0=0x17 r1=0x86 => r0=0x91
[14:35:06 835][libnative-lib.so 0x018f7] [7047    ] 0x400018f6: "bx lr" lr=0x40001947
[14:35:06 835][libnative-lib.so 0x01947] [6840    ] 0x40001946: "eors r0, r5" r0=0x91 r5=0x8e => r0=0x1f
[14:35:06 835][libnative-lib.so 0x01949] [b0bd    ] 0x40001948: "pop {r4, r5, r7, pc}" sp=0xbffff520
[14:35:06 835][libnative-lib.so 0x01965] [d4f80480] 0x40001964: "ldr.w r8, [r4, #4]" r4=0xbffff5a0 => r8=0x44
[14:35:06 835][libnative-lib.so 0x01969] [0990    ] 0x40001968: "str r0, [sp, #0x24]" r0=0x1f sp=0xbffff530
[14:35:06 835][libnative-lib.so 0x0196b] [5fea0860] 0x4000196a: "lsls.w r0, r8, #0x18" r8=0x44 => r0=0x44000000
[14:35:06 835][libnative-lib.so 0x0196f] [4fea4800] 0x4000196e: "lsl.w r0, r8, #1" r8=0x44 => r0=0x88
[14:35:06 835][libnative-lib.so 0x01973] [c0b2    ] 0x40001972: "uxtb r0, r0" r0=0x88 => r0=0x88
[14:35:06 835][libnative-lib.so 0x01975] [80f01b00] 0x40001974: "eor r0, r0, #0x1b" r0=0x88 => r0=0x93
[14:35:06 835][libnative-lib.so 0x01979] [58bf    ] 0x40001978: "it pl"
[14:35:06 835][libnative-lib.so 0x0197b] [4fea4800] 0x4000197a: "lsl.w r0, r8, #1" r8=0x44 => r0=0x88
[14:35:06 835][libnative-lib.so 0x0197f] [80ea0800] 0x4000197e: "eor.w r0, r0, r8" r0=0x88 r8=0x44 => r0=0xcc
[14:35:06 835][libnative-lib.so 0x01983] [0390    ] 0x40001982: "str r0, [sp, #0xc]" r0=0xcc sp=0xbffff530
[14:35:06 836][libnative-lib.so 0x01985] [384e    ] 0x40001984: "ldr r6, [pc, #0xe0]" => r6=0xffffff6d
[14:35:06 836][libnative-lib.so 0x01987] [4046    ] 0x40001986: "mov r0, r8" r8=0x44 => r0=0x44
[14:35:06 836][libnative-lib.so 0x01989] [7e44    ] 0x40001988: "add r6, pc" r6=0xffffff6d => r6=0x400018f9
[14:35:06 836][libnative-lib.so 0x0198b] [b047    ] 0x4000198a: "blx r6" r6=0x400018f9
[14:35:06 836][libnative-lib.so 0x018f9] [0106    ] 0x400018f8: "lsls r1, r0, #0x18" r0=0x44 => r1=0x44000000
[14:35:06 836][libnative-lib.so 0x018fb] [4fea4001] 0x400018fa: "lsl.w r1, r0, #1" r0=0x44 => r1=0x88
[14:35:06 836][libnative-lib.so 0x018ff] [c9b2    ] 0x400018fe: "uxtb r1, r1" r1=0x88 => r1=0x88
[14:35:06 836][libnative-lib.so 0x01901] [81f01b01] 0x40001900: "eor r1, r1, #0x1b" r1=0x88 => r1=0x93
[14:35:06 836][libnative-lib.so 0x01905] [58bf    ] 0x40001904: "it pl"
[14:35:06 836][libnative-lib.so 0x01907] [4100    ] 0x40001906: "lsls r1, r0, #1" r0=0x44 => r1=0x88
[14:35:06 836][libnative-lib.so 0x01909] [0806    ] 0x40001908: "lsls r0, r1, #0x18" r1=0x88 => r0=0x88000000
[14:35:06 836][libnative-lib.so 0x0190b] [4fea4100] 0x4000190a: "lsl.w r0, r1, #1" r1=0x88 => r0=0x110
[14:35:06 836][libnative-lib.so 0x0190f] [c0b2    ] 0x4000190e: "uxtb r0, r0" r0=0x110 => r0=0x10
[14:35:06 836][libnative-lib.so 0x01911] [80f01b00] 0x40001910: "eor r0, r0, #0x1b" r0=0x10 => r0=0xb
[14:35:06 836][libnative-lib.so 0x01915] [58bf    ] 0x40001914: "it pl"
[14:35:06 836][libnative-lib.so 0x01919] [4840    ] 0x40001918: "eors r0, r1" r0=0xb r1=0x88 => r0=0x83
[14:35:06 836][libnative-lib.so 0x0191b] [fff7dbbf] 0x4000191a: "b.w #0x400018d4"
[14:35:06 836][libnative-lib.so 0x018d5] [0106    ] 0x400018d4: "lsls r1, r0, #0x18" r0=0x83 => r1=0x83000000
[14:35:06 836][libnative-lib.so 0x018d7] [4fea4001] 0x400018d6: "lsl.w r1, r0, #1" r0=0x83 => r1=0x106
[14:35:06 836][libnative-lib.so 0x018db] [c9b2    ] 0x400018da: "uxtb r1, r1" r1=0x106 => r1=0x6
[14:35:06 836][libnative-lib.so 0x018dd] [81f01b01] 0x400018dc: "eor r1, r1, #0x1b" r1=0x6 => r1=0x1d
[14:35:06 836][libnative-lib.so 0x018e1] [58bf    ] 0x400018e0: "it pl"
[14:35:06 836][libnative-lib.so 0x018e5] [0806    ] 0x400018e4: "lsls r0, r1, #0x18" r1=0x1d => r0=0x1d000000
[14:35:06 836][libnative-lib.so 0x018e7] [4fea4100] 0x400018e6: "lsl.w r0, r1, #1" r1=0x1d => r0=0x3a
[14:35:06 836][libnative-lib.so 0x018eb] [c0b2    ] 0x400018ea: "uxtb r0, r0" r0=0x3a => r0=0x3a
[14:35:06 836][libnative-lib.so 0x018ed] [80f01b00] 0x400018ec: "eor r0, r0, #0x1b" r0=0x3a => r0=0x21
[14:35:06 836][libnative-lib.so 0x018f1] [58bf    ] 0x400018f0: "it pl"
[14:35:06 836][libnative-lib.so 0x018f3] [4800    ] 0x400018f2: "lsls r0, r1, #1" r1=0x1d => r0=0x3a
[14:35:06 836][libnative-lib.so 0x018f5] [4840    ] 0x400018f4: "eors r0, r1" r0=0x3a r1=0x1d => r0=0x27
[14:35:06 836][libnative-lib.so 0x018f7] [7047    ] 0x400018f6: "bx lr" lr=0x4000198d
[14:35:06 836][libnative-lib.so 0x0198d] [0196    ] 0x4000198c: "str r6, [sp, #4]" r6=0x400018f9 sp=0xbffff530
[14:35:06 837][libnative-lib.so 0x0198f] [b146    ] 0x4000198e: "mov sb, r6" r6=0x400018f9 => sb=0x400018f9
[14:35:06 837][libnative-lib.so 0x01991] [0890    ] 0x40001990: "str r0, [sp, #0x20]" r0=0x27 sp=0xbffff530
[14:35:06 837][libnative-lib.so 0x01993] [d4f808b0] 0x40001992: "ldr.w fp, [r4, #8]" r4=0xbffff5a0 => fp=0x32
[14:35:06 837][libnative-lib.so 0x01997] [354e    ] 0x40001996: "ldr r6, [pc, #0xd4]" => r6=0xffffff39
[14:35:06 837][libnative-lib.so 0x01999] [7e44    ] 0x40001998: "add r6, pc" r6=0xffffff39 => r6=0x400018d5
[14:35:06 837][libnative-lib.so 0x0199b] [5846    ] 0x4000199a: "mov r0, fp" fp=0x32 => r0=0x32
[14:35:06 837][libnative-lib.so 0x0199d] [b047    ] 0x4000199c: "blx r6" r6=0x400018d5
[14:35:06 837][libnative-lib.so 0x018d5] [0106    ] 0x400018d4: "lsls r1, r0, #0x18" r0=0x32 => r1=0x32000000
[14:35:06 837][libnative-lib.so 0x018d7] [4fea4001] 0x400018d6: "lsl.w r1, r0, #1" r0=0x32 => r1=0x64
[14:35:06 837][libnative-lib.so 0x018db] [c9b2    ] 0x400018da: "uxtb r1, r1" r1=0x64 => r1=0x64
[14:35:06 837][libnative-lib.so 0x018dd] [81f01b01] 0x400018dc: "eor r1, r1, #0x1b" r1=0x64 => r1=0x7f
[14:35:06 837][libnative-lib.so 0x018e1] [58bf    ] 0x400018e0: "it pl"
[14:35:06 837][libnative-lib.so 0x018e3] [4100    ] 0x400018e2: "lsls r1, r0, #1" r0=0x32 => r1=0x64
[14:35:06 837][libnative-lib.so 0x018e5] [0806    ] 0x400018e4: "lsls r0, r1, #0x18" r1=0x64 => r0=0x64000000
[14:35:06 837][libnative-lib.so 0x018e7] [4fea4100] 0x400018e6: "lsl.w r0, r1, #1" r1=0x64 => r0=0xc8
[14:35:06 837][libnative-lib.so 0x018eb] [c0b2    ] 0x400018ea: "uxtb r0, r0" r0=0xc8 => r0=0xc8
[14:35:06 837][libnative-lib.so 0x018ed] [80f01b00] 0x400018ec: "eor r0, r0, #0x1b" r0=0xc8 => r0=0xd3
[14:35:06 837][libnative-lib.so 0x018f1] [58bf    ] 0x400018f0: "it pl"
[14:35:06 837][libnative-lib.so 0x018f3] [4800    ] 0x400018f2: "lsls r0, r1, #1" r1=0x64 => r0=0xc8
[14:35:06 837][libnative-lib.so 0x018f5] [4840    ] 0x400018f4: "eors r0, r1" r0=0xc8 r1=0x64 => r0=0xac
[14:35:06 837][libnative-lib.so 0x018f7] [7047    ] 0x400018f6: "bx lr" lr=0x4000199f
[14:35:06 837][libnative-lib.so 0x0199f] [0a99    ] 0x4000199e: "ldr r1, [sp, #0x28]" sp=0xbffff530 => r1=0x4000191f
[14:35:06 837][libnative-lib.so 0x019a1] [0790    ] 0x400019a0: "str r0, [sp, #0x1c]" r0=0xac sp=0xbffff530
[14:35:06 837][libnative-lib.so 0x019a3] [4046    ] 0x400019a2: "mov r0, r8" r8=0x44 => r0=0x44
[14:35:06 837][libnative-lib.so 0x019a5] [0296    ] 0x400019a4: "str r6, [sp, #8]" r6=0x400018d5 sp=0xbffff530
[14:35:06 837][libnative-lib.so 0x019a7] [d4f80ca0] 0x400019a6: "ldr.w sl, [r4, #0xc]" r4=0xbffff5a0 => sl=0x44
[14:35:06 837][libnative-lib.so 0x019ab] [8847    ] 0x400019aa: "blx r1" r1=0x4000191f
[14:35:06 837][libnative-lib.so 0x0191f] [b0b5    ] 0x4000191e: "push {r4, r5, r7, lr}" sp=0xbffff530 r4=0xbffff5a0 r5=0x43 r7=0xbffff578 lr=0x400019ad => sp=0xbffff520
[14:35:06 837][libnative-lib.so 0x01921] [02af    ] 0x40001920: "add r7, sp, #8" sp=0xbffff520 => r7=0xbffff528
[14:35:06 837][libnative-lib.so 0x01923] [0446    ] 0x40001922: "mov r4, r0" r0=0x44 => r4=0x44
[14:35:06 838][libnative-lib.so 0x01925] [0006    ] 0x40001924: "lsls r0, r0, #0x18" r0=0x44 => r0=0x44000000
[14:35:06 838][libnative-lib.so 0x01927] [4fea4400] 0x40001926: "lsl.w r0, r4, #1" r4=0x44 => r0=0x88
[14:35:06 838][libnative-lib.so 0x0192b] [c0b2    ] 0x4000192a: "uxtb r0, r0" r0=0x88 => r0=0x88
[14:35:06 838][libnative-lib.so 0x0192d] [80f01b00] 0x4000192c: "eor r0, r0, #0x1b" r0=0x88 => r0=0x93
[14:35:06 838][libnative-lib.so 0x01931] [58bf    ] 0x40001930: "it pl"
[14:35:06 838][libnative-lib.so 0x01933] [6000    ] 0x40001932: "lsls r0, r4, #1" r4=0x44 => r0=0x88
[14:35:06 838][libnative-lib.so 0x01935] [80ea0405] 0x40001934: "eor.w r5, r0, r4" r0=0x88 r4=0x44 => r5=0xcc
[14:35:06 838][libnative-lib.so 0x01939] [2046    ] 0x40001938: "mov r0, r4" r4=0x44 => r0=0x44
[14:35:06 838][libnative-lib.so 0x0193b] [fff7ddff] 0x4000193a: "bl #0x400018f8"
[14:35:06 838][libnative-lib.so 0x018f9] [0106    ] 0x400018f8: "lsls r1, r0, #0x18" r0=0x44 => r1=0x44000000
[14:35:06 838][libnative-lib.so 0x018fb] [4fea4001] 0x400018fa: "lsl.w r1, r0, #1" r0=0x44 => r1=0x88
[14:35:06 838][libnative-lib.so 0x018ff] [c9b2    ] 0x400018fe: "uxtb r1, r1" r1=0x88 => r1=0x88
[14:35:06 838][libnative-lib.so 0x01901] [81f01b01] 0x40001900: "eor r1, r1, #0x1b" r1=0x88 => r1=0x93
[14:35:06 838][libnative-lib.so 0x01905] [58bf    ] 0x40001904: "it pl"
[14:35:06 838][libnative-lib.so 0x01907] [4100    ] 0x40001906: "lsls r1, r0, #1" r0=0x44 => r1=0x88
[14:35:06 838][libnative-lib.so 0x01909] [0806    ] 0x40001908: "lsls r0, r1, #0x18" r1=0x88 => r0=0x88000000
[14:35:06 838][libnative-lib.so 0x0190b] [4fea4100] 0x4000190a: "lsl.w r0, r1, #1" r1=0x88 => r0=0x110
[14:35:06 838][libnative-lib.so 0x0190f] [c0b2    ] 0x4000190e: "uxtb r0, r0" r0=0x110 => r0=0x10
[14:35:06 838][libnative-lib.so 0x01911] [80f01b00] 0x40001910: "eor r0, r0, #0x1b" r0=0x10 => r0=0xb
[14:35:06 838][libnative-lib.so 0x01915] [58bf    ] 0x40001914: "it pl"
[14:35:06 838][libnative-lib.so 0x01919] [4840    ] 0x40001918: "eors r0, r1" r0=0xb r1=0x88 => r0=0x83
[14:35:06 838][libnative-lib.so 0x0191b] [fff7dbbf] 0x4000191a: "b.w #0x400018d4"
[14:35:06 838][libnative-lib.so 0x018d5] [0106    ] 0x400018d4: "lsls r1, r0, #0x18" r0=0x83 => r1=0x83000000
[14:35:06 838][libnative-lib.so 0x018d7] [4fea4001] 0x400018d6: "lsl.w r1, r0, #1" r0=0x83 => r1=0x106
[14:35:06 838][libnative-lib.so 0x018db] [c9b2    ] 0x400018da: "uxtb r1, r1" r1=0x106 => r1=0x6
[14:35:06 838][libnative-lib.so 0x018dd] [81f01b01] 0x400018dc: "eor r1, r1, #0x1b" r1=0x6 => r1=0x1d
[14:35:06 838][libnative-lib.so 0x018e1] [58bf    ] 0x400018e0: "it pl"
[14:35:06 838][libnative-lib.so 0x018e5] [0806    ] 0x400018e4: "lsls r0, r1, #0x18" r1=0x1d => r0=0x1d000000
[14:35:06 838][libnative-lib.so 0x018e7] [4fea4100] 0x400018e6: "lsl.w r0, r1, #1" r1=0x1d => r0=0x3a
[14:35:06 838][libnative-lib.so 0x018eb] [c0b2    ] 0x400018ea: "uxtb r0, r0" r0=0x3a => r0=0x3a
[14:35:06 838][libnative-lib.so 0x018ed] [80f01b00] 0x400018ec: "eor r0, r0, #0x1b" r0=0x3a => r0=0x21
[14:35:06 838][libnative-lib.so 0x018f1] [58bf    ] 0x400018f0: "it pl"
[14:35:06 838][libnative-lib.so 0x018f3] [4800    ] 0x400018f2: "lsls r0, r1, #1" r1=0x1d => r0=0x3a
[14:35:06 838][libnative-lib.so 0x018f5] [4840    ] 0x400018f4: "eors r0, r1" r0=0x3a r1=0x1d => r0=0x27
[14:35:06 839][libnative-lib.so 0x018f7] [7047    ] 0x400018f6: "bx lr" lr=0x4000193f
[14:35:06 839][libnative-lib.so 0x0193f] [4540    ] 0x4000193e: "eors r5, r0" r5=0xcc r0=0x27 => r5=0xeb
[14:35:06 839][libnative-lib.so 0x01941] [2046    ] 0x40001940: "mov r0, r4" r4=0x44 => r0=0x44
[14:35:06 839][libnative-lib.so 0x01943] [fff7c7ff] 0x40001942: "bl #0x400018d4"
[14:35:06 839][libnative-lib.so 0x018d5] [0106    ] 0x400018d4: "lsls r1, r0, #0x18" r0=0x44 => r1=0x44000000
[14:35:06 839][libnative-lib.so 0x018d7] [4fea4001] 0x400018d6: "lsl.w r1, r0, #1" r0=0x44 => r1=0x88
[14:35:06 839][libnative-lib.so 0x018db] [c9b2    ] 0x400018da: "uxtb r1, r1" r1=0x88 => r1=0x88
[14:35:06 839][libnative-lib.so 0x018dd] [81f01b01] 0x400018dc: "eor r1, r1, #0x1b" r1=0x88 => r1=0x93
[14:35:06 839][libnative-lib.so 0x018e1] [58bf    ] 0x400018e0: "it pl"
[14:35:06 839][libnative-lib.so 0x018e3] [4100    ] 0x400018e2: "lsls r1, r0, #1" r0=0x44 => r1=0x88
[14:35:06 839][libnative-lib.so 0x018e5] [0806    ] 0x400018e4: "lsls r0, r1, #0x18" r1=0x88 => r0=0x88000000
[14:35:06 839][libnative-lib.so 0x018e7] [4fea4100] 0x400018e6: "lsl.w r0, r1, #1" r1=0x88 => r0=0x110
[14:35:06 839][libnative-lib.so 0x018eb] [c0b2    ] 0x400018ea: "uxtb r0, r0" r0=0x110 => r0=0x10
[14:35:06 839][libnative-lib.so 0x018ed] [80f01b00] 0x400018ec: "eor r0, r0, #0x1b" r0=0x10 => r0=0xb
[14:35:06 839][libnative-lib.so 0x018f1] [58bf    ] 0x400018f0: "it pl"
[14:35:06 839][libnative-lib.so 0x018f5] [4840    ] 0x400018f4: "eors r0, r1" r0=0xb r1=0x88 => r0=0x83
[14:35:06 839][libnative-lib.so 0x018f7] [7047    ] 0x400018f6: "bx lr" lr=0x40001947
[14:35:06 839][libnative-lib.so 0x01947] [6840    ] 0x40001946: "eors r0, r5" r0=0x83 r5=0xeb => r0=0x68
[14:35:06 839][libnative-lib.so 0x01949] [b0bd    ] 0x40001948: "pop {r4, r5, r7, pc}" sp=0xbffff520
[14:35:06 839][libnative-lib.so 0x019ad] [0690    ] 0x400019ac: "str r0, [sp, #0x18]" r0=0x68 sp=0xbffff530
[14:35:06 839][libnative-lib.so 0x019af] [5846    ] 0x400019ae: "mov r0, fp" fp=0x32 => r0=0x32
[14:35:06 839][libnative-lib.so 0x019b1] [c847    ] 0x400019b0: "blx sb" sb=0x400018f9
[14:35:06 839][libnative-lib.so 0x018f9] [0106    ] 0x400018f8: "lsls r1, r0, #0x18" r0=0x32 => r1=0x32000000
[14:35:06 839][libnative-lib.so 0x018fb] [4fea4001] 0x400018fa: "lsl.w r1, r0, #1" r0=0x32 => r1=0x64
[14:35:06 839][libnative-lib.so 0x018ff] [c9b2    ] 0x400018fe: "uxtb r1, r1" r1=0x64 => r1=0x64
[14:35:06 839][libnative-lib.so 0x01901] [81f01b01] 0x40001900: "eor r1, r1, #0x1b" r1=0x64 => r1=0x7f
[14:35:06 839][libnative-lib.so 0x01905] [58bf    ] 0x40001904: "it pl"
[14:35:06 839][libnative-lib.so 0x01907] [4100    ] 0x40001906: "lsls r1, r0, #1" r0=0x32 => r1=0x64
[14:35:06 839][libnative-lib.so 0x01909] [0806    ] 0x40001908: "lsls r0, r1, #0x18" r1=0x64 => r0=0x64000000
[14:35:06 839][libnative-lib.so 0x0190b] [4fea4100] 0x4000190a: "lsl.w r0, r1, #1" r1=0x64 => r0=0xc8
[14:35:06 839][libnative-lib.so 0x0190f] [c0b2    ] 0x4000190e: "uxtb r0, r0" r0=0xc8 => r0=0xc8
[14:35:06 840][libnative-lib.so 0x01911] [80f01b00] 0x40001910: "eor r0, r0, #0x1b" r0=0xc8 => r0=0xd3
[14:35:06 840][libnative-lib.so 0x01915] [58bf    ] 0x40001914: "it pl"
[14:35:06 840][libnative-lib.so 0x01917] [4800    ] 0x40001916: "lsls r0, r1, #1" r1=0x64 => r0=0xc8
[14:35:06 840][libnative-lib.so 0x01919] [4840    ] 0x40001918: "eors r0, r1" r0=0xc8 r1=0x64 => r0=0xac
[14:35:06 840][libnative-lib.so 0x0191b] [fff7dbbf] 0x4000191a: "b.w #0x400018d4"
[14:35:06 840][libnative-lib.so 0x018d5] [0106    ] 0x400018d4: "lsls r1, r0, #0x18" r0=0xac => r1=0xac000000
[14:35:06 840][libnative-lib.so 0x018d7] [4fea4001] 0x400018d6: "lsl.w r1, r0, #1" r0=0xac => r1=0x158
[14:35:06 840][libnative-lib.so 0x018db] [c9b2    ] 0x400018da: "uxtb r1, r1" r1=0x158 => r1=0x58
[14:35:06 840][libnative-lib.so 0x018dd] [81f01b01] 0x400018dc: "eor r1, r1, #0x1b" r1=0x58 => r1=0x43
[14:35:06 840][libnative-lib.so 0x018e1] [58bf    ] 0x400018e0: "it pl"
[14:35:06 840][libnative-lib.so 0x018e5] [0806    ] 0x400018e4: "lsls r0, r1, #0x18" r1=0x43 => r0=0x43000000
[14:35:06 840][libnative-lib.so 0x018e7] [4fea4100] 0x400018e6: "lsl.w r0, r1, #1" r1=0x43 => r0=0x86
[14:35:06 840][libnative-lib.so 0x018eb] [c0b2    ] 0x400018ea: "uxtb r0, r0" r0=0x86 => r0=0x86
[14:35:06 840][libnative-lib.so 0x018ed] [80f01b00] 0x400018ec: "eor r0, r0, #0x1b" r0=0x86 => r0=0x9d
[14:35:06 840][libnative-lib.so 0x018f1] [58bf    ] 0x400018f0: "it pl"
[14:35:06 840][libnative-lib.so 0x018f3] [4800    ] 0x400018f2: "lsls r0, r1, #1" r1=0x43 => r0=0x86
[14:35:06 840][libnative-lib.so 0x018f5] [4840    ] 0x400018f4: "eors r0, r1" r0=0x86 r1=0x43 => r0=0xc5
[14:35:06 840][libnative-lib.so 0x018f7] [7047    ] 0x400018f6: "bx lr" lr=0x400019b3
[14:35:06 840][libnative-lib.so 0x019b3] [0590    ] 0x400019b2: "str r0, [sp, #0x14]" r0=0xc5 sp=0xbffff530
[14:35:06 840][libnative-lib.so 0x019b5] [5046    ] 0x400019b4: "mov r0, sl" sl=0x44 => r0=0x44
[14:35:06 840][libnative-lib.so 0x019b7] [b047    ] 0x400019b6: "blx r6" r6=0x400018d5
[14:35:06 840][libnative-lib.so 0x018d5] [0106    ] 0x400018d4: "lsls r1, r0, #0x18" r0=0x44 => r1=0x44000000
[14:35:06 840][libnative-lib.so 0x018d7] [4fea4001] 0x400018d6: "lsl.w r1, r0, #1" r0=0x44 => r1=0x88
[14:35:06 840][libnative-lib.so 0x018db] [c9b2    ] 0x400018da: "uxtb r1, r1" r1=0x88 => r1=0x88
[14:35:06 840][libnative-lib.so 0x018dd] [81f01b01] 0x400018dc: "eor r1, r1, #0x1b" r1=0x88 => r1=0x93
[14:35:06 840][libnative-lib.so 0x018e1] [58bf    ] 0x400018e0: "it pl"
[14:35:06 840][libnative-lib.so 0x018e3] [4100    ] 0x400018e2: "lsls r1, r0, #1" r0=0x44 => r1=0x88
[14:35:06 840][libnative-lib.so 0x018e5] [0806    ] 0x400018e4: "lsls r0, r1, #0x18" r1=0x88 => r0=0x88000000
[14:35:06 840][libnative-lib.so 0x018e7] [4fea4100] 0x400018e6: "lsl.w r0, r1, #1" r1=0x88 => r0=0x110
[14:35:06 840][libnative-lib.so 0x018eb] [c0b2    ] 0x400018ea: "uxtb r0, r0" r0=0x110 => r0=0x10
[14:35:06 840][libnative-lib.so 0x018ed] [80f01b00] 0x400018ec: "eor r0, r0, #0x1b" r0=0x10 => r0=0xb
[14:35:06 840][libnative-lib.so 0x018f1] [58bf    ] 0x400018f0: "it pl"
[14:35:06 841][libnative-lib.so 0x018f5] [4840    ] 0x400018f4: "eors r0, r1" r0=0xb r1=0x88 => r0=0x83
[14:35:06 841][libnative-lib.so 0x018f7] [7047    ] 0x400018f6: "bx lr" lr=0x400019b9
[14:35:06 841][libnative-lib.so 0x019b9] [0490    ] 0x400019b8: "str r0, [sp, #0x10]" r0=0x83 sp=0xbffff530
[14:35:06 841][libnative-lib.so 0x019bb] [2846    ] 0x400019ba: "mov r0, r5" r5=0x43 => r0=0x43
[14:35:06 841][libnative-lib.so 0x019bd] [b047    ] 0x400019bc: "blx r6" r6=0x400018d5
[14:35:06 841][libnative-lib.so 0x018d5] [0106    ] 0x400018d4: "lsls r1, r0, #0x18" r0=0x43 => r1=0x43000000
[14:35:06 841][libnative-lib.so 0x018d7] [4fea4001] 0x400018d6: "lsl.w r1, r0, #1" r0=0x43 => r1=0x86
[14:35:06 841][libnative-lib.so 0x018db] [c9b2    ] 0x400018da: "uxtb r1, r1" r1=0x86 => r1=0x86
[14:35:06 841][libnative-lib.so 0x018dd] [81f01b01] 0x400018dc: "eor r1, r1, #0x1b" r1=0x86 => r1=0x9d
[14:35:06 841][libnative-lib.so 0x018e1] [58bf    ] 0x400018e0: "it pl"
[14:35:06 841][libnative-lib.so 0x018e3] [4100    ] 0x400018e2: "lsls r1, r0, #1" r0=0x43 => r1=0x86
[14:35:06 841][libnative-lib.so 0x018e5] [0806    ] 0x400018e4: "lsls r0, r1, #0x18" r1=0x86 => r0=0x86000000
[14:35:06 841][libnative-lib.so 0x018e7] [4fea4100] 0x400018e6: "lsl.w r0, r1, #1" r1=0x86 => r0=0x10c
[14:35:06 841][libnative-lib.so 0x018eb] [c0b2    ] 0x400018ea: "uxtb r0, r0" r0=0x10c => r0=0xc
[14:35:06 841][libnative-lib.so 0x018ed] [80f01b00] 0x400018ec: "eor r0, r0, #0x1b" r0=0xc => r0=0x17
[14:35:06 841][libnative-lib.so 0x018f1] [58bf    ] 0x400018f0: "it pl"
[14:35:06 841][libnative-lib.so 0x018f5] [4840    ] 0x400018f4: "eors r0, r1" r0=0x17 r1=0x86 => r0=0x91
[14:35:06 841][libnative-lib.so 0x018f7] [7047    ] 0x400018f6: "bx lr" lr=0x400019bf
[14:35:06 841][libnative-lib.so 0x019bf] [0399    ] 0x400019be: "ldr r1, [sp, #0xc]" sp=0xbffff530 => r1=0xcc
[14:35:06 841][libnative-lib.so 0x019c1] [81ea0009] 0x400019c0: "eor.w sb, r1, r0" r1=0xcc r0=0x91 => sb=0x5d
[14:35:06 841][libnative-lib.so 0x019c5] [0a99    ] 0x400019c4: "ldr r1, [sp, #0x28]" sp=0xbffff530 => r1=0x4000191f
[14:35:06 841][libnative-lib.so 0x019c7] [5846    ] 0x400019c6: "mov r0, fp" fp=0x32 => r0=0x32
[14:35:06 841][libnative-lib.so 0x019c9] [8847    ] 0x400019c8: "blx r1" r1=0x4000191f
[14:35:06 842][libnative-lib.so 0x0191f] [b0b5    ] 0x4000191e: "push {r4, r5, r7, lr}" sp=0xbffff530 r4=0xbffff5a0 r5=0x43 r7=0xbffff578 lr=0x400019cb => sp=0xbffff520
[14:35:06 842][libnative-lib.so 0x01921] [02af    ] 0x40001920: "add r7, sp, #8" sp=0xbffff520 => r7=0xbffff528
[14:35:06 842][libnative-lib.so 0x01923] [0446    ] 0x40001922: "mov r4, r0" r0=0x32 => r4=0x32
[14:35:06 842][libnative-lib.so 0x01925] [0006    ] 0x40001924: "lsls r0, r0, #0x18" r0=0x32 => r0=0x32000000
[14:35:06 842][libnative-lib.so 0x01927] [4fea4400] 0x40001926: "lsl.w r0, r4, #1" r4=0x32 => r0=0x64
[14:35:06 842][libnative-lib.so 0x0192b] [c0b2    ] 0x4000192a: "uxtb r0, r0" r0=0x64 => r0=0x64
[14:35:06 842][libnative-lib.so 0x0192d] [80f01b00] 0x4000192c: "eor r0, r0, #0x1b" r0=0x64 => r0=0x7f
[14:35:06 842][libnative-lib.so 0x01931] [58bf    ] 0x40001930: "it pl"
[14:35:06 842][libnative-lib.so 0x01933] [6000    ] 0x40001932: "lsls r0, r4, #1" r4=0x32 => r0=0x64
[14:35:06 842][libnative-lib.so 0x01935] [80ea0405] 0x40001934: "eor.w r5, r0, r4" r0=0x64 r4=0x32 => r5=0x56
[14:35:06 842][libnative-lib.so 0x01939] [2046    ] 0x40001938: "mov r0, r4" r4=0x32 => r0=0x32
[14:35:06 842][libnative-lib.so 0x0193b] [fff7ddff] 0x4000193a: "bl #0x400018f8"
[14:35:06 842][libnative-lib.so 0x018f9] [0106    ] 0x400018f8: "lsls r1, r0, #0x18" r0=0x32 => r1=0x32000000
[14:35:06 842][libnative-lib.so 0x018fb] [4fea4001] 0x400018fa: "lsl.w r1, r0, #1" r0=0x32 => r1=0x64
[14:35:06 843][libnative-lib.so 0x018ff] [c9b2    ] 0x400018fe: "uxtb r1, r1" r1=0x64 => r1=0x64
[14:35:06 843][libnative-lib.so 0x01901] [81f01b01] 0x40001900: "eor r1, r1, #0x1b" r1=0x64 => r1=0x7f
[14:35:06 843][libnative-lib.so 0x01905] [58bf    ] 0x40001904: "it pl"
[14:35:06 843][libnative-lib.so 0x01907] [4100    ] 0x40001906: "lsls r1, r0, #1" r0=0x32 => r1=0x64
[14:35:06 843][libnative-lib.so 0x01909] [0806    ] 0x40001908: "lsls r0, r1, #0x18" r1=0x64 => r0=0x64000000
[14:35:06 843][libnative-lib.so 0x0190b] [4fea4100] 0x4000190a: "lsl.w r0, r1, #1" r1=0x64 => r0=0xc8
[14:35:06 843][libnative-lib.so 0x0190f] [c0b2    ] 0x4000190e: "uxtb r0, r0" r0=0xc8 => r0=0xc8
[14:35:06 843][libnative-lib.so 0x01911] [80f01b00] 0x40001910: "eor r0, r0, #0x1b" r0=0xc8 => r0=0xd3
[14:35:06 843][libnative-lib.so 0x01915] [58bf    ] 0x40001914: "it pl"
[14:35:06 843][libnative-lib.so 0x01917] [4800    ] 0x40001916: "lsls r0, r1, #1" r1=0x64 => r0=0xc8
[14:35:06 843][libnative-lib.so 0x01919] [4840    ] 0x40001918: "eors r0, r1" r0=0xc8 r1=0x64 => r0=0xac
[14:35:06 843][libnative-lib.so 0x0191b] [fff7dbbf] 0x4000191a: "b.w #0x400018d4"
[14:35:06 843][libnative-lib.so 0x018d5] [0106    ] 0x400018d4: "lsls r1, r0, #0x18" r0=0xac => r1=0xac000000
[14:35:06 843][libnative-lib.so 0x018d7] [4fea4001] 0x400018d6: "lsl.w r1, r0, #1" r0=0xac => r1=0x158
[14:35:06 843][libnative-lib.so 0x018db] [c9b2    ] 0x400018da: "uxtb r1, r1" r1=0x158 => r1=0x58
[14:35:06 843][libnative-lib.so 0x018dd] [81f01b01] 0x400018dc: "eor r1, r1, #0x1b" r1=0x58 => r1=0x43
[14:35:06 843][libnative-lib.so 0x018e1] [58bf    ] 0x400018e0: "it pl"
[14:35:06 844][libnative-lib.so 0x018e5] [0806    ] 0x400018e4: "lsls r0, r1, #0x18" r1=0x43 => r0=0x43000000
[14:35:06 844][libnative-lib.so 0x018e7] [4fea4100] 0x400018e6: "lsl.w r0, r1, #1" r1=0x43 => r0=0x86
[14:35:06 844][libnative-lib.so 0x018eb] [c0b2    ] 0x400018ea: "uxtb r0, r0" r0=0x86 => r0=0x86
[14:35:06 844][libnative-lib.so 0x018ed] [80f01b00] 0x400018ec: "eor r0, r0, #0x1b" r0=0x86 => r0=0x9d
[14:35:06 844][libnative-lib.so 0x018f1] [58bf    ] 0x400018f0: "it pl"
[14:35:06 844][libnative-lib.so 0x018f3] [4800    ] 0x400018f2: "lsls r0, r1, #1" r1=0x43 => r0=0x86
[14:35:06 844][libnative-lib.so 0x018f5] [4840    ] 0x400018f4: "eors r0, r1" r0=0x86 r1=0x43 => r0=0xc5
[14:35:06 844][libnative-lib.so 0x018f7] [7047    ] 0x400018f6: "bx lr" lr=0x4000193f
[14:35:06 844][libnative-lib.so 0x0193f] [4540    ] 0x4000193e: "eors r5, r0" r5=0x56 r0=0xc5 => r5=0x93
[14:35:06 844][libnative-lib.so 0x01941] [2046    ] 0x40001940: "mov r0, r4" r4=0x32 => r0=0x32
[14:35:06 844][libnative-lib.so 0x01943] [fff7c7ff] 0x40001942: "bl #0x400018d4"
[14:35:06 844][libnative-lib.so 0x018d5] [0106    ] 0x400018d4: "lsls r1, r0, #0x18" r0=0x32 => r1=0x32000000
[14:35:06 844][libnative-lib.so 0x018d7] [4fea4001] 0x400018d6: "lsl.w r1, r0, #1" r0=0x32 => r1=0x64
[14:35:06 844][libnative-lib.so 0x018db] [c9b2    ] 0x400018da: "uxtb r1, r1" r1=0x64 => r1=0x64
[14:35:06 844][libnative-lib.so 0x018dd] [81f01b01] 0x400018dc: "eor r1, r1, #0x1b" r1=0x64 => r1=0x7f
[14:35:06 844][libnative-lib.so 0x018e1] [58bf    ] 0x400018e0: "it pl"
[14:35:06 844][libnative-lib.so 0x018e3] [4100    ] 0x400018e2: "lsls r1, r0, #1" r0=0x32 => r1=0x64
[14:35:06 844][libnative-lib.so 0x018e5] [0806    ] 0x400018e4: "lsls r0, r1, #0x18" r1=0x64 => r0=0x64000000
[14:35:06 844][libnative-lib.so 0x018e7] [4fea4100] 0x400018e6: "lsl.w r0, r1, #1" r1=0x64 => r0=0xc8
[14:35:06 844][libnative-lib.so 0x018eb] [c0b2    ] 0x400018ea: "uxtb r0, r0" r0=0xc8 => r0=0xc8
[14:35:06 844][libnative-lib.so 0x018ed] [80f01b00] 0x400018ec: "eor r0, r0, #0x1b" r0=0xc8 => r0=0xd3
[14:35:06 844][libnative-lib.so 0x018f1] [58bf    ] 0x400018f0: "it pl"
[14:35:06 844][libnative-lib.so 0x018f3] [4800    ] 0x400018f2: "lsls r0, r1, #1" r1=0x64 => r0=0xc8
[14:35:06 844][libnative-lib.so 0x018f5] [4840    ] 0x400018f4: "eors r0, r1" r0=0xc8 r1=0x64 => r0=0xac
[14:35:06 845][libnative-lib.so 0x018f7] [7047    ] 0x400018f6: "bx lr" lr=0x40001947
[14:35:06 845][libnative-lib.so 0x01947] [6840    ] 0x40001946: "eors r0, r5" r0=0xac r5=0x93 => r0=0x3f
[14:35:06 845][libnative-lib.so 0x01949] [b0bd    ] 0x40001948: "pop {r4, r5, r7, pc}" sp=0xbffff520
[14:35:06 845][libnative-lib.so 0x019cb] [89ea0006] 0x400019ca: "eor.w r6, sb, r0" sb=0x5d r0=0x3f => r6=0x62
[14:35:06 845][libnative-lib.so 0x019cf] [ddf80490] 0x400019ce: "ldr.w sb, [sp, #4]" sp=0xbffff530 => sb=0x400018f9
[14:35:06 845][libnative-lib.so 0x019d3] [5046    ] 0x400019d2: "mov r0, sl" sl=0x44 => r0=0x44
[14:35:06 845][libnative-lib.so 0x019d5] [c847    ] 0x400019d4: "blx sb" sb=0x400018f9
[14:35:06 845][libnative-lib.so 0x018f9] [0106    ] 0x400018f8: "lsls r1, r0, #0x18" r0=0x44 => r1=0x44000000
[14:35:06 845][libnative-lib.so 0x018fb] [4fea4001] 0x400018fa: "lsl.w r1, r0, #1" r0=0x44 => r1=0x88
[14:35:06 845][libnative-lib.so 0x018ff] [c9b2    ] 0x400018fe: "uxtb r1, r1" r1=0x88 => r1=0x88
[14:35:06 845][libnative-lib.so 0x01901] [81f01b01] 0x40001900: "eor r1, r1, #0x1b" r1=0x88 => r1=0x93
[14:35:06 845][libnative-lib.so 0x01905] [58bf    ] 0x40001904: "it pl"
[14:35:06 845][libnative-lib.so 0x01907] [4100    ] 0x40001906: "lsls r1, r0, #1" r0=0x44 => r1=0x88
[14:35:06 845][libnative-lib.so 0x01909] [0806    ] 0x40001908: "lsls r0, r1, #0x18" r1=0x88 => r0=0x88000000
[14:35:06 845][libnative-lib.so 0x0190b] [4fea4100] 0x4000190a: "lsl.w r0, r1, #1" r1=0x88 => r0=0x110
[14:35:06 845][libnative-lib.so 0x0190f] [c0b2    ] 0x4000190e: "uxtb r0, r0" r0=0x110 => r0=0x10
[14:35:06 845][libnative-lib.so 0x01911] [80f01b00] 0x40001910: "eor r0, r0, #0x1b" r0=0x10 => r0=0xb
[14:35:06 845][libnative-lib.so 0x01915] [58bf    ] 0x40001914: "it pl"
[14:35:06 845][libnative-lib.so 0x01919] [4840    ] 0x40001918: "eors r0, r1" r0=0xb r1=0x88 => r0=0x83
[14:35:06 845][libnative-lib.so 0x0191b] [fff7dbbf] 0x4000191a: "b.w #0x400018d4"
[14:35:06 845][libnative-lib.so 0x018d5] [0106    ] 0x400018d4: "lsls r1, r0, #0x18" r0=0x83 => r1=0x83000000
[14:35:06 845][libnative-lib.so 0x018d7] [4fea4001] 0x400018d6: "lsl.w r1, r0, #1" r0=0x83 => r1=0x106
[14:35:06 845][libnative-lib.so 0x018db] [c9b2    ] 0x400018da: "uxtb r1, r1" r1=0x106 => r1=0x6
[14:35:06 845][libnative-lib.so 0x018dd] [81f01b01] 0x400018dc: "eor r1, r1, #0x1b" r1=0x6 => r1=0x1d
[14:35:06 845][libnative-lib.so 0x018e1] [58bf    ] 0x400018e0: "it pl"
[14:35:06 845][libnative-lib.so 0x018e5] [0806    ] 0x400018e4: "lsls r0, r1, #0x18" r1=0x1d => r0=0x1d000000
[14:35:06 845][libnative-lib.so 0x018e7] [4fea4100] 0x400018e6: "lsl.w r0, r1, #1" r1=0x1d => r0=0x3a
[14:35:06 845][libnative-lib.so 0x018eb] [c0b2    ] 0x400018ea: "uxtb r0, r0" r0=0x3a => r0=0x3a
[14:35:06 845][libnative-lib.so 0x018ed] [80f01b00] 0x400018ec: "eor r0, r0, #0x1b" r0=0x3a => r0=0x21
[14:35:06 845][libnative-lib.so 0x018f1] [58bf    ] 0x400018f0: "it pl"
[14:35:06 846][libnative-lib.so 0x018f3] [4800    ] 0x400018f2: "lsls r0, r1, #1" r1=0x1d => r0=0x3a
[14:35:06 846][libnative-lib.so 0x018f5] [4840    ] 0x400018f4: "eors r0, r1" r0=0x3a r1=0x1d => r0=0x27
[14:35:06 846][libnative-lib.so 0x018f7] [7047    ] 0x400018f6: "bx lr" lr=0x400019d7
[14:35:06 846][libnative-lib.so 0x019d7] [4640    ] 0x400019d6: "eors r6, r0" r6=0x62 r0=0x27 => r6=0x45
[14:35:06 846][libnative-lib.so 0x019d9] [2846    ] 0x400019d8: "mov r0, r5" r5=0x43 => r0=0x43
[14:35:06 846][libnative-lib.so 0x019db] [c847    ] 0x400019da: "blx sb" sb=0x400018f9
[14:35:06 846][libnative-lib.so 0x018f9] [0106    ] 0x400018f8: "lsls r1, r0, #0x18" r0=0x43 => r1=0x43000000
[14:35:06 846][libnative-lib.so 0x018fb] [4fea4001] 0x400018fa: "lsl.w r1, r0, #1" r0=0x43 => r1=0x86
[14:35:06 846][libnative-lib.so 0x018ff] [c9b2    ] 0x400018fe: "uxtb r1, r1" r1=0x86 => r1=0x86
[14:35:06 846][libnative-lib.so 0x01901] [81f01b01] 0x40001900: "eor r1, r1, #0x1b" r1=0x86 => r1=0x9d
[14:35:06 846][libnative-lib.so 0x01905] [58bf    ] 0x40001904: "it pl"
[14:35:06 846][libnative-lib.so 0x01907] [4100    ] 0x40001906: "lsls r1, r0, #1" r0=0x43 => r1=0x86
[14:35:06 846][libnative-lib.so 0x01909] [0806    ] 0x40001908: "lsls r0, r1, #0x18" r1=0x86 => r0=0x86000000
[14:35:06 846][libnative-lib.so 0x0190b] [4fea4100] 0x4000190a: "lsl.w r0, r1, #1" r1=0x86 => r0=0x10c
[14:35:06 846][libnative-lib.so 0x0190f] [c0b2    ] 0x4000190e: "uxtb r0, r0" r0=0x10c => r0=0xc
[14:35:06 846][libnative-lib.so 0x01911] [80f01b00] 0x40001910: "eor r0, r0, #0x1b" r0=0xc => r0=0x17
[14:35:06 846][libnative-lib.so 0x01915] [58bf    ] 0x40001914: "it pl"
[14:35:06 846][libnative-lib.so 0x01919] [4840    ] 0x40001918: "eors r0, r1" r0=0x17 r1=0x86 => r0=0x91
[14:35:06 846][libnative-lib.so 0x0191b] [fff7dbbf] 0x4000191a: "b.w #0x400018d4"
[14:35:06 846][libnative-lib.so 0x018d5] [0106    ] 0x400018d4: "lsls r1, r0, #0x18" r0=0x91 => r1=0x91000000
[14:35:06 846][libnative-lib.so 0x018d7] [4fea4001] 0x400018d6: "lsl.w r1, r0, #1" r0=0x91 => r1=0x122
[14:35:06 846][libnative-lib.so 0x018db] [c9b2    ] 0x400018da: "uxtb r1, r1" r1=0x122 => r1=0x22
[14:35:06 846][libnative-lib.so 0x018dd] [81f01b01] 0x400018dc: "eor r1, r1, #0x1b" r1=0x22 => r1=0x39
[14:35:06 846][libnative-lib.so 0x018e1] [58bf    ] 0x400018e0: "it pl"
[14:35:06 846][libnative-lib.so 0x018e5] [0806    ] 0x400018e4: "lsls r0, r1, #0x18" r1=0x39 => r0=0x39000000
[14:35:06 846][libnative-lib.so 0x018e7] [4fea4100] 0x400018e6: "lsl.w r0, r1, #1" r1=0x39 => r0=0x72
[14:35:06 846][libnative-lib.so 0x018eb] [c0b2    ] 0x400018ea: "uxtb r0, r0" r0=0x72 => r0=0x72
[14:35:06 846][libnative-lib.so 0x018ed] [80f01b00] 0x400018ec: "eor r0, r0, #0x1b" r0=0x72 => r0=0x69
[14:35:06 846][libnative-lib.so 0x018f1] [58bf    ] 0x400018f0: "it pl"
[14:35:06 846][libnative-lib.so 0x018f3] [4800    ] 0x400018f2: "lsls r0, r1, #1" r1=0x39 => r0=0x72
[14:35:06 846][libnative-lib.so 0x018f5] [4840    ] 0x400018f4: "eors r0, r1" r0=0x72 r1=0x39 => r0=0x4b
[14:35:06 846][libnative-lib.so 0x018f7] [7047    ] 0x400018f6: "bx lr" lr=0x400019dd
[14:35:06 847][libnative-lib.so 0x019dd] [0299    ] 0x400019dc: "ldr r1, [sp, #8]" sp=0xbffff530 => r1=0x400018d5
[14:35:06 847][libnative-lib.so 0x019df] [8146    ] 0x400019de: "mov sb, r0" r0=0x4b => sb=0x4b
[14:35:06 847][libnative-lib.so 0x019e1] [4046    ] 0x400019e0: "mov r0, r8" r8=0x44 => r0=0x44
[14:35:06 847][libnative-lib.so 0x019e3] [8847    ] 0x400019e2: "blx r1" r1=0x400018d5
[14:35:06 847][libnative-lib.so 0x018d5] [0106    ] 0x400018d4: "lsls r1, r0, #0x18" r0=0x44 => r1=0x44000000
[14:35:06 847][libnative-lib.so 0x018d7] [4fea4001] 0x400018d6: "lsl.w r1, r0, #1" r0=0x44 => r1=0x88
[14:35:06 847][libnative-lib.so 0x018db] [c9b2    ] 0x400018da: "uxtb r1, r1" r1=0x88 => r1=0x88
[14:35:06 847][libnative-lib.so 0x018dd] [81f01b01] 0x400018dc: "eor r1, r1, #0x1b" r1=0x88 => r1=0x93
[14:35:06 847][libnative-lib.so 0x018e1] [58bf    ] 0x400018e0: "it pl"
[14:35:06 847][libnative-lib.so 0x018e3] [4100    ] 0x400018e2: "lsls r1, r0, #1" r0=0x44 => r1=0x88
[14:35:06 847][libnative-lib.so 0x018e5] [0806    ] 0x400018e4: "lsls r0, r1, #0x18" r1=0x88 => r0=0x88000000
[14:35:06 847][libnative-lib.so 0x018e7] [4fea4100] 0x400018e6: "lsl.w r0, r1, #1" r1=0x88 => r0=0x110
[14:35:06 847][libnative-lib.so 0x018eb] [c0b2    ] 0x400018ea: "uxtb r0, r0" r0=0x110 => r0=0x10
[14:35:06 847][libnative-lib.so 0x018ed] [80f01b00] 0x400018ec: "eor r0, r0, #0x1b" r0=0x10 => r0=0xb
[14:35:06 847][libnative-lib.so 0x018f1] [58bf    ] 0x400018f0: "it pl"
[14:35:06 847][libnative-lib.so 0x018f5] [4840    ] 0x400018f4: "eors r0, r1" r0=0xb r1=0x88 => r0=0x83
[14:35:06 847][libnative-lib.so 0x018f7] [7047    ] 0x400018f6: "bx lr" lr=0x400019e5
[14:35:06 847][libnative-lib.so 0x019e5] [0a99    ] 0x400019e4: "ldr r1, [sp, #0x28]" sp=0xbffff530 => r1=0x4000191f
[14:35:06 847][libnative-lib.so 0x019e7] [8046    ] 0x400019e6: "mov r8, r0" r0=0x83 => r8=0x83
[14:35:06 847][libnative-lib.so 0x019e9] [5046    ] 0x400019e8: "mov r0, sl" sl=0x44 => r0=0x44
[14:35:06 847][libnative-lib.so 0x019eb] [8847    ] 0x400019ea: "blx r1" r1=0x4000191f
[14:35:06 847][libnative-lib.so 0x0191f] [b0b5    ] 0x4000191e: "push {r4, r5, r7, lr}" sp=0xbffff530 r4=0xbffff5a0 r5=0x43 r7=0xbffff578 lr=0x400019ed => sp=0xbffff520
[14:35:06 847][libnative-lib.so 0x01921] [02af    ] 0x40001920: "add r7, sp, #8" sp=0xbffff520 => r7=0xbffff528
[14:35:06 847][libnative-lib.so 0x01923] [0446    ] 0x40001922: "mov r4, r0" r0=0x44 => r4=0x44
[14:35:06 847][libnative-lib.so 0x01925] [0006    ] 0x40001924: "lsls r0, r0, #0x18" r0=0x44 => r0=0x44000000
[14:35:06 847][libnative-lib.so 0x01927] [4fea4400] 0x40001926: "lsl.w r0, r4, #1" r4=0x44 => r0=0x88
[14:35:06 847][libnative-lib.so 0x0192b] [c0b2    ] 0x4000192a: "uxtb r0, r0" r0=0x88 => r0=0x88
[14:35:06 847][libnative-lib.so 0x0192d] [80f01b00] 0x4000192c: "eor r0, r0, #0x1b" r0=0x88 => r0=0x93
[14:35:06 847][libnative-lib.so 0x01931] [58bf    ] 0x40001930: "it pl"
[14:35:06 847][libnative-lib.so 0x01933] [6000    ] 0x40001932: "lsls r0, r4, #1" r4=0x44 => r0=0x88
[14:35:06 848][libnative-lib.so 0x01935] [80ea0405] 0x40001934: "eor.w r5, r0, r4" r0=0x88 r4=0x44 => r5=0xcc
[14:35:06 848][libnative-lib.so 0x01939] [2046    ] 0x40001938: "mov r0, r4" r4=0x44 => r0=0x44
[14:35:06 848][libnative-lib.so 0x0193b] [fff7ddff] 0x4000193a: "bl #0x400018f8"
[14:35:06 848][libnative-lib.so 0x018f9] [0106    ] 0x400018f8: "lsls r1, r0, #0x18" r0=0x44 => r1=0x44000000
[14:35:06 848][libnative-lib.so 0x018fb] [4fea4001] 0x400018fa: "lsl.w r1, r0, #1" r0=0x44 => r1=0x88
[14:35:06 848][libnative-lib.so 0x018ff] [c9b2    ] 0x400018fe: "uxtb r1, r1" r1=0x88 => r1=0x88
[14:35:06 848][libnative-lib.so 0x01901] [81f01b01] 0x40001900: "eor r1, r1, #0x1b" r1=0x88 => r1=0x93
[14:35:06 848][libnative-lib.so 0x01905] [58bf    ] 0x40001904: "it pl"
[14:35:06 848][libnative-lib.so 0x01907] [4100    ] 0x40001906: "lsls r1, r0, #1" r0=0x44 => r1=0x88
[14:35:06 848][libnative-lib.so 0x01909] [0806    ] 0x40001908: "lsls r0, r1, #0x18" r1=0x88 => r0=0x88000000
[14:35:06 848][libnative-lib.so 0x0190b] [4fea4100] 0x4000190a: "lsl.w r0, r1, #1" r1=0x88 => r0=0x110
[14:35:06 848][libnative-lib.so 0x0190f] [c0b2    ] 0x4000190e: "uxtb r0, r0" r0=0x110 => r0=0x10
[14:35:06 848][libnative-lib.so 0x01911] [80f01b00] 0x40001910: "eor r0, r0, #0x1b" r0=0x10 => r0=0xb
[14:35:06 848][libnative-lib.so 0x01915] [58bf    ] 0x40001914: "it pl"
[14:35:06 848][libnative-lib.so 0x01919] [4840    ] 0x40001918: "eors r0, r1" r0=0xb r1=0x88 => r0=0x83
[14:35:06 848][libnative-lib.so 0x0191b] [fff7dbbf] 0x4000191a: "b.w #0x400018d4"
[14:35:06 848][libnative-lib.so 0x018d5] [0106    ] 0x400018d4: "lsls r1, r0, #0x18" r0=0x83 => r1=0x83000000
[14:35:06 848][libnative-lib.so 0x018d7] [4fea4001] 0x400018d6: "lsl.w r1, r0, #1" r0=0x83 => r1=0x106
[14:35:06 848][libnative-lib.so 0x018db] [c9b2    ] 0x400018da: "uxtb r1, r1" r1=0x106 => r1=0x6
[14:35:06 848][libnative-lib.so 0x018dd] [81f01b01] 0x400018dc: "eor r1, r1, #0x1b" r1=0x6 => r1=0x1d
[14:35:06 848][libnative-lib.so 0x018e1] [58bf    ] 0x400018e0: "it pl"
[14:35:06 848][libnative-lib.so 0x018e5] [0806    ] 0x400018e4: "lsls r0, r1, #0x18" r1=0x1d => r0=0x1d000000
[14:35:06 848][libnative-lib.so 0x018e7] [4fea4100] 0x400018e6: "lsl.w r0, r1, #1" r1=0x1d => r0=0x3a
[14:35:06 848][libnative-lib.so 0x018eb] [c0b2    ] 0x400018ea: "uxtb r0, r0" r0=0x3a => r0=0x3a
[14:35:06 848][libnative-lib.so 0x018ed] [80f01b00] 0x400018ec: "eor r0, r0, #0x1b" r0=0x3a => r0=0x21
[14:35:06 848][libnative-lib.so 0x018f1] [58bf    ] 0x400018f0: "it pl"
[14:35:06 848][libnative-lib.so 0x018f3] [4800    ] 0x400018f2: "lsls r0, r1, #1" r1=0x1d => r0=0x3a
[14:35:06 848][libnative-lib.so 0x018f5] [4840    ] 0x400018f4: "eors r0, r1" r0=0x3a r1=0x1d => r0=0x27
[14:35:06 848][libnative-lib.so 0x018f7] [7047    ] 0x400018f6: "bx lr" lr=0x4000193f
[14:35:06 848][libnative-lib.so 0x0193f] [4540    ] 0x4000193e: "eors r5, r0" r5=0xcc r0=0x27 => r5=0xeb
[14:35:06 848][libnative-lib.so 0x01941] [2046    ] 0x40001940: "mov r0, r4" r4=0x44 => r0=0x44
[14:35:06 849][libnative-lib.so 0x01943] [fff7c7ff] 0x40001942: "bl #0x400018d4"
[14:35:06 849][libnative-lib.so 0x018d5] [0106    ] 0x400018d4: "lsls r1, r0, #0x18" r0=0x44 => r1=0x44000000
[14:35:06 849][libnative-lib.so 0x018d7] [4fea4001] 0x400018d6: "lsl.w r1, r0, #1" r0=0x44 => r1=0x88
[14:35:06 849][libnative-lib.so 0x018db] [c9b2    ] 0x400018da: "uxtb r1, r1" r1=0x88 => r1=0x88
[14:35:06 849][libnative-lib.so 0x018dd] [81f01b01] 0x400018dc: "eor r1, r1, #0x1b" r1=0x88 => r1=0x93
[14:35:06 849][libnative-lib.so 0x018e1] [58bf    ] 0x400018e0: "it pl"
[14:35:06 849][libnative-lib.so 0x018e3] [4100    ] 0x400018e2: "lsls r1, r0, #1" r0=0x44 => r1=0x88
[14:35:06 849][libnative-lib.so 0x018e5] [0806    ] 0x400018e4: "lsls r0, r1, #0x18" r1=0x88 => r0=0x88000000
[14:35:06 849][libnative-lib.so 0x018e7] [4fea4100] 0x400018e6: "lsl.w r0, r1, #1" r1=0x88 => r0=0x110
[14:35:06 849][libnative-lib.so 0x018eb] [c0b2    ] 0x400018ea: "uxtb r0, r0" r0=0x110 => r0=0x10
[14:35:06 849][libnative-lib.so 0x018ed] [80f01b00] 0x400018ec: "eor r0, r0, #0x1b" r0=0x10 => r0=0xb
[14:35:06 849][libnative-lib.so 0x018f1] [58bf    ] 0x400018f0: "it pl"
[14:35:06 849][libnative-lib.so 0x018f5] [4840    ] 0x400018f4: "eors r0, r1" r0=0xb r1=0x88 => r0=0x83
[14:35:06 849][libnative-lib.so 0x018f7] [7047    ] 0x400018f6: "bx lr" lr=0x40001947
[14:35:06 849][libnative-lib.so 0x01947] [6840    ] 0x40001946: "eors r0, r5" r0=0x83 r5=0xeb => r0=0x68
[14:35:06 849][libnative-lib.so 0x01949] [b0bd    ] 0x40001948: "pop {r4, r5, r7, pc}" sp=0xbffff520
[14:35:06 849][libnative-lib.so 0x019ed] [2906    ] 0x400019ec: "lsls r1, r5, #0x18" r5=0x43 => r1=0x43000000
[14:35:06 849][libnative-lib.so 0x019ef] [a660    ] 0x400019ee: "str r6, [r4, #8]" r6=0x45 r4=0xbffff5a0
[14:35:06 850][libnative-lib.so 0x019f1] [4fea4501] 0x400019f0: "lsl.w r1, r5, #1" r5=0x43 => r1=0x86
[14:35:06 850][libnative-lib.so 0x019f5] [c9b2    ] 0x400019f4: "uxtb r1, r1" r1=0x86 => r1=0x86
[14:35:06 850][libnative-lib.so 0x019f7] [81f01b01] 0x400019f6: "eor r1, r1, #0x1b" r1=0x86 => r1=0x9d
[14:35:06 850][libnative-lib.so 0x019fb] [58bf    ] 0x400019fa: "it pl"
[14:35:06 850][libnative-lib.so 0x019fd] [6900    ] 0x400019fc: "lsls r1, r5, #1" r5=0x43 => r1=0x86
[14:35:06 850][libnative-lib.so 0x019ff] [069a    ] 0x400019fe: "ldr r2, [sp, #0x18]" sp=0xbffff530 => r2=0x68
[14:35:06 850][libnative-lib.so 0x01a01] [6940    ] 0x40001a00: "eors r1, r5" r1=0x86 r5=0x43 => r1=0xc5
[14:35:06 850][libnative-lib.so 0x01a03] [5140    ] 0x40001a02: "eors r1, r2" r1=0xc5 r2=0x68 => r1=0xad
[14:35:06 850][libnative-lib.so 0x01a05] [059a    ] 0x40001a04: "ldr r2, [sp, #0x14]" sp=0xbffff530 => r2=0xc5
[14:35:06 850][libnative-lib.so 0x01a07] [5140    ] 0x40001a06: "eors r1, r2" r1=0xad r2=0xc5 => r1=0x68
[14:35:06 850][libnative-lib.so 0x01a09] [049a    ] 0x40001a08: "ldr r2, [sp, #0x10]" sp=0xbffff530 => r2=0x83
[14:35:06 850][libnative-lib.so 0x01a0b] [5140    ] 0x40001a0a: "eors r1, r2" r1=0x68 r2=0x83 => r1=0xeb
[14:35:06 850][libnative-lib.so 0x01a0d] [6160    ] 0x40001a0c: "str r1, [r4, #4]" r1=0xeb r4=0xbffff5a0
[14:35:06 850][libnative-lib.so 0x01a0f] [5fea0a61] 0x40001a0e: "lsls.w r1, sl, #0x18" sl=0x44 => r1=0x44000000
[14:35:06 850][libnative-lib.so 0x01a13] [4fea4a01] 0x40001a12: "lsl.w r1, sl, #1" sl=0x44 => r1=0x88
[14:35:06 850][libnative-lib.so 0x01a17] [c9b2    ] 0x40001a16: "uxtb r1, r1" r1=0x88 => r1=0x88
[14:35:06 850][libnative-lib.so 0x01a19] [81f01b01] 0x40001a18: "eor r1, r1, #0x1b" r1=0x88 => r1=0x93
[14:35:06 850][libnative-lib.so 0x01a1d] [58bf    ] 0x40001a1c: "it pl"
[14:35:06 850][libnative-lib.so 0x01a1f] [4fea4a01] 0x40001a1e: "lsl.w r1, sl, #1" sl=0x44 => r1=0x88
[14:35:06 850][libnative-lib.so 0x01a23] [dde90832] 0x40001a22: "ldrd r3, r2, [sp, #0x20]" sp=0xbffff530 => r3=0x27 r2=0x1f
[14:35:06 850][libnative-lib.so 0x01a27] [5a40    ] 0x40001a26: "eors r2, r3" r2=0x1f r3=0x27 => r2=0x38
[14:35:06 850][libnative-lib.so 0x01a29] [079b    ] 0x40001a28: "ldr r3, [sp, #0x1c]" sp=0xbffff530 => r3=0xac
[14:35:06 850][libnative-lib.so 0x01a2b] [5a40    ] 0x40001a2a: "eors r2, r3" r2=0x38 r3=0xac => r2=0x94
[14:35:06 850][libnative-lib.so 0x01a2d] [82ea0a02] 0x40001a2c: "eor.w r2, r2, sl" r2=0x94 sl=0x44 => r2=0xd0
[14:35:06 851][libnative-lib.so 0x01a31] [5140    ] 0x40001a30: "eors r1, r2" r1=0x88 r2=0xd0 => r1=0x58
[14:35:06 851][libnative-lib.so 0x01a33] [2160    ] 0x40001a32: "str r1, [r4]" r1=0x58 r4=0xbffff5a0
[14:35:06 851][libnative-lib.so 0x01a35] [5fea0b61] 0x40001a34: "lsls.w r1, fp, #0x18" fp=0x32 => r1=0x32000000
[14:35:06 851][libnative-lib.so 0x01a39] [4fea4b01] 0x40001a38: "lsl.w r1, fp, #1" fp=0x32 => r1=0x64
[14:35:06 851][libnative-lib.so 0x01a3d] [c9b2    ] 0x40001a3c: "uxtb r1, r1" r1=0x64 => r1=0x64
[14:35:06 851][libnative-lib.so 0x01a3f] [81f01b01] 0x40001a3e: "eor r1, r1, #0x1b" r1=0x64 => r1=0x7f
[14:35:06 851][libnative-lib.so 0x01a43] [58bf    ] 0x40001a42: "it pl"
[14:35:06 851][libnative-lib.so 0x01a45] [4fea4b01] 0x40001a44: "lsl.w r1, fp, #1" fp=0x32 => r1=0x64
[14:35:06 851][libnative-lib.so 0x01a49] [81ea0b01] 0x40001a48: "eor.w r1, r1, fp" r1=0x64 fp=0x32 => r1=0x56
[14:35:06 851][libnative-lib.so 0x01a4d] [81ea0901] 0x40001a4c: "eor.w r1, r1, sb" r1=0x56 sb=0x4b => r1=0x1d
[14:35:06 851][libnative-lib.so 0x01a51] [81ea0801] 0x40001a50: "eor.w r1, r1, r8" r1=0x1d r8=0x83 => r1=0x9e
[14:35:06 851][libnative-lib.so 0x01a55] [4840    ] 0x40001a54: "eors r0, r1" r0=0x68 r1=0x9e => r0=0xf6
[14:35:06 851][libnative-lib.so 0x01a57] [e060    ] 0x40001a56: "str r0, [r4, #0xc]" r0=0xf6 r4=0xbffff5a0
[14:35:06 851][libnative-lib.so 0x01a59] [2046    ] 0x40001a58: "mov r0, r4" r4=0xbffff5a0 => r0=0xbffff5a0
[14:35:06 851][libnative-lib.so 0x01a5b] [0bb0    ] 0x40001a5a: "add sp, #0x2c" sp=0xbffff530 => sp=0xbffff55c
[14:35:06 851][libnative-lib.so 0x01a5d] [bde8000f] 0x40001a5c: "pop.w {r8, sb, sl, fp}" sp=0xbffff55c => sp=0xbffff56c r8=0xfffe12a0 sb=0x5 sl=0xbffff5b8 fp=0xbffff5c5
[14:35:06 851][libnative-lib.so 0x01a61] [f0bd    ] 0x40001a60: "pop {r4, r5, r6, r7, pc}" sp=0xbffff56c
[14:35:06 851][libnative-lib.so 0x03d0d] [069e    ] 0x40003d0c: "ldr r6, [sp, #0x18]" sp=0xbffff580 => r6=0x5b1d2887
[14:35:06 851][libnative-lib.so 0x03d0f] [0021    ] 0x40003d0e: "movs r1, #0" => r1=0x0
[14:35:06 851][libnative-lib.so 0x03d11] [ddf81090] 0x40003d10: "ldr.w sb, [sp, #0x10]" sp=0xbffff580 => sb=0x46f5f779
[14:35:06 852][libnative-lib.so 0x03d15] [0022    ] 0x40003d14: "movs r2, #0" => r2=0x0
[14:35:06 852][libnative-lib.so 0x03d17] [029c    ] 0x40003d16: "ldr r4, [sp, #8]" sp=0xbffff580 => r4=0x4016e000
[14:35:06 852][libnative-lib.so 0x03d19] [042a    ] 0x40003d18: "cmp r2, #4" r2=0x0 => cpsr: N=1, Z=0, C=0, V=0
[14:35:06 852][libnative-lib.so 0x03d1b] [04d0    ] 0x40003d1a: "beq #0x40003d26"
[14:35:06 852][libnative-lib.so 0x03d1d] [50f82230] 0x40003d1c: "ldr.w r3, [r0, r2, lsl #2]" r0=0xbffff5a0 r2=0x0 => r3=0x58
[14:35:06 852][libnative-lib.so 0x03d21] [0132    ] 0x40003d20: "adds r2, #1" r2=0x0 => r2=0x1
[14:35:06 852][libnative-lib.so 0x03d23] [1944    ] 0x40003d22: "add r1, r3" r1=0x0 r3=0x58 => r1=0x58
[14:35:06 852][libnative-lib.so 0x03d25] [f8e7    ] 0x40003d24: "b #0x40003d18"
[14:35:06 852][libnative-lib.so 0x03d19] [042a    ] 0x40003d18: "cmp r2, #4" r2=0x1 => cpsr: N=1, Z=0, C=0, V=0
[14:35:06 852][libnative-lib.so 0x03d1b] [04d0    ] 0x40003d1a: "beq #0x40003d26"
[14:35:06 852][libnative-lib.so 0x03d1d] [50f82230] 0x40003d1c: "ldr.w r3, [r0, r2, lsl #2]" r0=0xbffff5a0 r2=0x1 => r3=0xeb
[14:35:06 852][libnative-lib.so 0x03d21] [0132    ] 0x40003d20: "adds r2, #1" r2=0x1 => r2=0x2
[14:35:06 852][libnative-lib.so 0x03d23] [1944    ] 0x40003d22: "add r1, r3" r1=0x58 r3=0xeb => r1=0x143
[14:35:06 852][libnative-lib.so 0x03d25] [f8e7    ] 0x40003d24: "b #0x40003d18"
[14:35:06 852][libnative-lib.so 0x03d19] [042a    ] 0x40003d18: "cmp r2, #4" r2=0x2 => cpsr: N=1, Z=0, C=0, V=0
[14:35:06 852][libnative-lib.so 0x03d1b] [04d0    ] 0x40003d1a: "beq #0x40003d26"
[14:35:06 852][libnative-lib.so 0x03d1d] [50f82230] 0x40003d1c: "ldr.w r3, [r0, r2, lsl #2]" r0=0xbffff5a0 r2=0x2 => r3=0x45
[14:35:06 852][libnative-lib.so 0x03d21] [0132    ] 0x40003d20: "adds r2, #1" r2=0x2 => r2=0x3
[14:35:06 852][libnative-lib.so 0x03d23] [1944    ] 0x40003d22: "add r1, r3" r1=0x143 r3=0x45 => r1=0x188
[14:35:06 852][libnative-lib.so 0x03d25] [f8e7    ] 0x40003d24: "b #0x40003d18"
[14:35:06 852][libnative-lib.so 0x03d19] [042a    ] 0x40003d18: "cmp r2, #4" r2=0x3 => cpsr: N=1, Z=0, C=0, V=0
[14:35:06 852][libnative-lib.so 0x03d1b] [04d0    ] 0x40003d1a: "beq #0x40003d26"
[14:35:06 852][libnative-lib.so 0x03d1d] [50f82230] 0x40003d1c: "ldr.w r3, [r0, r2, lsl #2]" r0=0xbffff5a0 r2=0x3 => r3=0xf6
[14:35:06 852][libnative-lib.so 0x03d21] [0132    ] 0x40003d20: "adds r2, #1" r2=0x3 => r2=0x4
[14:35:06 852][libnative-lib.so 0x03d23] [1944    ] 0x40003d22: "add r1, r3" r1=0x188 r3=0xf6 => r1=0x27e
[14:35:06 852][libnative-lib.so 0x03d25] [f8e7    ] 0x40003d24: "b #0x40003d18"
[14:35:06 852][libnative-lib.so 0x03d19] [042a    ] 0x40003d18: "cmp r2, #4" r2=0x4 => cpsr: N=0, Z=1, C=1, V=0
[14:35:06 852][libnative-lib.so 0x03d1b] [04d0    ] 0x40003d1a: "beq #0x40003d26"
[14:35:06 852][libnative-lib.so 0x03d27] [0846    ] 0x40003d26: "mov r0, r1" r1=0x27e => r0=0x27e
[14:35:06 853][libnative-lib.so 0x03d29] [6421    ] 0x40003d28: "movs r1, #0x64" => r1=0x64
[14:35:06 853][libnative-lib.so 0x03d2b] [fff79bfd] 0x40003d2a: "bl #0x40003864"
[14:35:06 853][libnative-lib.so 0x03865] [0029    ] 0x40003864: "cmp r1, #0" r1=0x64 => cpsr: N=0, Z=0, C=1, V=0
[14:35:06 853][libnative-lib.so 0x03867] [f4d0    ] 0x40003866: "beq #0x40003852"
[14:35:06 853][libnative-lib.so 0x03869] [2de90340] 0x40003868: "push.w {r0, r1, lr}" sp=0xbffff580 r0=0x27e r1=0x64 lr=0x40003d2f => sp=0xbffff574 r0=0x27e r1=0x64 lr=0x40003d2f
[14:35:06 853][libnative-lib.so 0x0386d] [fff79aff] 0x4000386c: "bl #0x400037a4"
[14:35:06 853][libnative-lib.so 0x037a5] [80ea010c] 0x400037a4: "eor.w ip, r0, r1" r0=0x27e r1=0x64 => ip=0x21a
[14:35:06 853][libnative-lib.so 0x037a9] [48bf    ] 0x400037a8: "it mi"
[14:35:06 853][libnative-lib.so 0x037ad] [4a1e    ] 0x400037ac: "subs r2, r1, #1" r1=0x64 => r2=0x63
[14:35:06 853][libnative-lib.so 0x037af] [38d0    ] 0x400037ae: "beq #0x40003822"
[14:35:06 853][libnative-lib.so 0x037b1] [0300    ] 0x400037b0: "movs r3, r0" r0=0x27e => cpsr: N=0, Z=0, C=1, V=0 r3=0x27e
[14:35:06 853][libnative-lib.so 0x037b3] [48bf    ] 0x400037b2: "it mi"
[14:35:06 853][libnative-lib.so 0x037b7] [8b42    ] 0x400037b6: "cmp r3, r1" r3=0x27e r1=0x64 => cpsr: N=0, Z=0, C=1, V=0
[14:35:06 853][libnative-lib.so 0x037b9] [38d9    ] 0x400037b8: "bls #0x4000382c"
[14:35:06 853][libnative-lib.so 0x037bb] [1142    ] 0x400037ba: "tst r1, r2" r1=0x64 r2=0x63 => cpsr: N=0, Z=0, C=1, V=0
[14:35:06 853][libnative-lib.so 0x037bd] [3ed0    ] 0x400037bc: "beq #0x4000383c"
[14:35:06 853][libnative-lib.so 0x037bf] [b1fa81f2] 0x400037be: "clz r2, r1" r1=0x64 => r2=0x19
[14:35:06 853][libnative-lib.so 0x037c3] [b3fa83f0] 0x400037c2: "clz r0, r3" r3=0x27e => r0=0x16
[14:35:06 853][libnative-lib.so 0x037c7] [a2eb0000] 0x400037c6: "sub.w r0, r2, r0" r2=0x19 r0=0x16 => r0=0x3
[14:35:06 853][libnative-lib.so 0x037cb] [4ff00102] 0x400037ca: "mov.w r2, #1" => r2=0x1
[14:35:06 853][libnative-lib.so 0x037cf] [01fa00f1] 0x400037ce: "lsl.w r1, r1, r0" r1=0x64 r0=0x3 => r1=0x320
[14:35:06 853][libnative-lib.so 0x037d3] [02fa00f2] 0x400037d2: "lsl.w r2, r2, r0" r2=0x1 r0=0x3 => r2=0x8
[14:35:06 853][libnative-lib.so 0x037d7] [4ff00000] 0x400037d6: "mov.w r0, #0" => r0=0x0
[14:35:06 853][libnative-lib.so 0x037db] [8b42    ] 0x400037da: "cmp r3, r1" r3=0x27e r1=0x320 => cpsr: N=1, Z=0, C=0, V=0
[14:35:06 853][libnative-lib.so 0x037dd] [24bf    ] 0x400037dc: "itt hs"
[14:35:06 853][libnative-lib.so 0x037e3] [b3eb510f] 0x400037e2: "cmp.w r3, r1, lsr #1" r3=0x27e r1=0x320 => cpsr: N=0, Z=0, C=1, V=0
[14:35:06 854][libnative-lib.so 0x037e7] [24bf    ] 0x400037e6: "itt hs"
[14:35:06 854][libnative-lib.so 0x037e9] [a3eb5103] 0x400037e8: "sub.w r3, r3, r1, lsr #1" r3=0x27e r1=0x320 => r3=0xee
[14:35:06 854][libnative-lib.so 0x037ed] [40ea5200] 0x400037ec: "orr.w r0, r0, r2, lsr #1" r0=0x0 r2=0x8 => r0=0x4
[14:35:06 854][libnative-lib.so 0x037f1] [b3eb910f] 0x400037f0: "cmp.w r3, r1, lsr #2" r3=0xee r1=0x320 => cpsr: N=0, Z=0, C=1, V=0
[14:35:06 854][libnative-lib.so 0x037f5] [24bf    ] 0x400037f4: "itt hs"
[14:35:06 854][libnative-lib.so 0x037f7] [a3eb9103] 0x400037f6: "sub.w r3, r3, r1, lsr #2" r3=0xee r1=0x320 => r3=0x26
[14:35:06 854][libnative-lib.so 0x037fb] [40ea9200] 0x400037fa: "orr.w r0, r0, r2, lsr #2" r0=0x4 r2=0x8 => r0=0x6
[14:35:06 854][libnative-lib.so 0x037ff] [b3ebd10f] 0x400037fe: "cmp.w r3, r1, lsr #3" r3=0x26 r1=0x320 => cpsr: N=1, Z=0, C=0, V=0
[14:35:06 854][libnative-lib.so 0x03803] [24bf    ] 0x40003802: "itt hs"
[14:35:06 854][libnative-lib.so 0x0380d] [002b    ] 0x4000380c: "cmp r3, #0" r3=0x26 => cpsr: N=0, Z=0, C=1, V=0
[14:35:06 854][libnative-lib.so 0x0380f] [1cbf    ] 0x4000380e: "itt ne"
[14:35:06 854][libnative-lib.so 0x03811] [5fea1212] 0x40003810: "lsrs.w r2, r2, #4" r2=0x8
[14:35:06 854][libnative-lib.so 0x03817] [e0d1    ] 0x40003816: "bne #0x400037da"
[14:35:06 854][libnative-lib.so 0x03819] [bcf1000f] 0x40003818: "cmp.w ip, #0" ip=0x21a => cpsr: N=0, Z=0, C=1, V=0
[14:35:06 854][libnative-lib.so 0x0381d] [48bf    ] 0x4000381c: "it mi"
[14:35:06 854][libnative-lib.so 0x03821] [7047    ] 0x40003820: "bx lr" lr=0x40003871
[14:35:06 854][libnative-lib.so 0x03871] [bde80640] 0x40003870: "pop.w {r1, r2, lr}" sp=0xbffff574 => sp=0xbffff580 r1=0x27e r2=0x64 lr=0x40003d2f
[14:35:06 854][libnative-lib.so 0x03875] [02fb00f3] 0x40003874: "mul r3, r2, r0" r2=0x64 r0=0x6 => r3=0x258
[14:35:06 854][libnative-lib.so 0x03879] [a1eb0301] 0x40003878: "sub.w r1, r1, r3" r1=0x27e r3=0x258 => r1=0x26
[14:35:06 854][libnative-lib.so 0x0387d] [7047    ] 0x4000387c: "bx lr" lr=0x40003d2f
[14:35:06 854][libnative-lib.so 0x03d2f] [0d46    ] 0x40003d2e: "mov r5, r1" r1=0x26 => r5=0x26
[14:35:06 855][libnative-lib.so 0x03d31] [2f49    ] 0x40003d30: "ldr r1, [pc, #0xbc]" => r1=0x893
[14:35:06 855][libnative-lib.so 0x03d33] [0df14300] 0x40003d32: "add.w r0, sp, #0x43" sp=0xbffff580 => r0=0xbffff5c3
[14:35:06 855][libnative-lib.so 0x03d37] [2a46    ] 0x40003d36: "mov r2, r5" r5=0x26 => r2=0x26
[14:35:06 855][libnative-lib.so 0x03d39] [7944    ] 0x40003d38: "add r1, pc" r1=0x893 => r1=0x400045cf
[14:35:06 855][libnative-lib.so 0x03d3b] [fcf798ee] 0x40003d3a: "blx #0x40000a6c"
[14:35:06 855][libnative-lib.so 0x00a6c] [00c68fe2] 0x40000a6c: "add ip, pc, #0, #12" => ip=0x40000a74
[14:35:06 855][libnative-lib.so 0x00a70] [05ca8ce2] 0x40000a70: "add ip, ip, #0x5000" ip=0x40000a74 => ip=0x40005a74
[14:35:06 855][libnative-lib.so 0x00a74] [28f5bce5] 0x40000a74: "ldr pc, [ip, #0x528]!" ip=0x40005a74
[14:35:06 858][libnative-lib.so 0x03d3f] [9df84300] 0x40003d3e: "ldrb.w r0, [sp, #0x43]" sp=0xbffff580 => r0=0x33
[14:35:06 858][libnative-lib.so 0x03d43] [0a2d    ] 0x40003d42: "cmp r5, #0xa" r5=0x26 => cpsr: N=0, Z=0, C=1, V=0
[14:35:06 858][libnative-lib.so 0x03d45] [9df84410] 0x40003d44: "ldrb.w r1, [sp, #0x44]" sp=0xbffff580 => r1=0x38
[14:35:06 858][libnative-lib.so 0x03d49] [2246    ] 0x40003d48: "mov r2, r4" r4=0x4016e000 => r2=0x4016e000
[14:35:06 858][libnative-lib.so 0x03d4b] [b8bf    ] 0x40003d4a: "it lt"
[14:35:06 858][libnative-lib.so 0x03d4f] [8df83e10] 0x40003d4e: "strb.w r1, [sp, #0x3e]" r1=0x38 sp=0xbffff580
[14:35:06 858][libnative-lib.so 0x03d53] [b8bf    ] 0x40003d52: "it lt"
[14:35:06 858][libnative-lib.so 0x03d57] [8df83d00] 0x40003d56: "strb.w r0, [sp, #0x3d]" r0=0x33 sp=0xbffff580
[14:35:06 858][libnative-lib.so 0x03d5b] [d8f80000] 0x40003d5a: "ldr.w r0, [r8]" r8=0xfffe12a0 => r0=0xfffe0ef0
[14:35:06 858][libnative-lib.so 0x03d5f] [3146    ] 0x40003d5e: "mov r1, r6" r6=0x5b1d2887 => r1=0x5b1d2887
[14:35:06 858][libnative-lib.so 0x03d61] [d0f8a832] 0x40003d60: "ldr.w r3, [r0, #0x2a8]" r0=0xfffe0ef0 => r3=0xfffe0aa0
[14:35:06 858][libnative-lib.so 0x03d65] [4046    ] 0x40003d64: "mov r0, r8" r8=0xfffe12a0 => r0=0xfffe12a0
[14:35:06 858][libnative-lib.so 0x03d67] [9847    ] 0x40003d66: "blx r3" r3=0xfffe0aa0 => lr=0x40003d69
[14:35:06 859][libnative-lib.so 0x03d69] [d8f80000] 0x40003d68: "ldr.w r0, [r8]" r8=0xfffe12a0 => r0=0xfffe0ef0
[14:35:06 859][libnative-lib.so 0x03d6d] [4946    ] 0x40003d6c: "mov r1, sb" sb=0x46f5f779 => r1=0x46f5f779
[14:35:06 859][libnative-lib.so 0x03d6f] [039a    ] 0x40003d6e: "ldr r2, [sp, #0xc]" sp=0xbffff580 => r2=0x4016f000
[14:35:06 859][libnative-lib.so 0x03d71] [d0f8a832] 0x40003d70: "ldr.w r3, [r0, #0x2a8]" r0=0xfffe0ef0 => r3=0xfffe0aa0
[14:35:06 859][libnative-lib.so 0x03d75] [4046    ] 0x40003d74: "mov r0, r8" r8=0xfffe12a0 => r0=0xfffe12a0
[14:35:06 859][libnative-lib.so 0x03d77] [9847    ] 0x40003d76: "blx r3" r3=0xfffe0aa0 => lr=0x40003d79
[14:35:06 860][libnative-lib.so 0x03d79] [0ea9    ] 0x40003d78: "add r1, sp, #0x38" sp=0xbffff580 => r1=0xbffff5b8
[14:35:06 860][libnative-lib.so 0x03d7b] [4046    ] 0x40003d7a: "mov r0, r8" r8=0xfffe12a0 => r0=0xfffe12a0
[14:35:06 860][libnative-lib.so 0x03d7d] [fdf73afd] 0x40003d7c: "bl #0x400017f4"
[14:35:06 860][libnative-lib.so 0x017f5] [f0b5    ] 0x400017f4: "push {r4, r5, r6, r7, lr}" sp=0xbffff580 r4=0x4016e000 r5=0x26 r6=0x5b1d2887 r7=0xbffff710 lr=0x40003d81 => sp=0xbffff56c
[14:35:06 860][libnative-lib.so 0x017f7] [03af    ] 0x400017f6: "add r7, sp, #0xc" sp=0xbffff56c => r7=0xbffff578
[14:35:06 860][libnative-lib.so 0x017f9] [2de9e00f] 0x400017f8: "push.w {r5, r6, r7, r8, sb, sl, fp}" sp=0xbffff56c r5=0x26 r6=0x5b1d2887 r7=0xbffff578 r8=0xfffe12a0 sb=0x46f5f779 sl=0xbffff5b8 fp=0xbffff5c5 => sp=0xbffff550 r5=0x26 r6=0x5b1d2887 r7=0xbffff578 r8=0xfffe12a0 sb=0x46f5f779 sl=0xbffff5b8 fp=0xbffff5c5
[14:35:06 860][libnative-lib.so 0x017fd] [0446    ] 0x400017fc: "mov r4, r0" r0=0xfffe12a0 => r4=0xfffe12a0
[14:35:06 860][libnative-lib.so 0x017ff] [d0f80090] 0x400017fe: "ldr.w sb, [r0]" r0=0xfffe12a0 => sb=0xfffe0ef0
[14:35:06 860][libnative-lib.so 0x01803] [0846    ] 0x40001802: "mov r0, r1" r1=0xbffff5b8 => r0=0xbffff5b8
[14:35:06 860][libnative-lib.so 0x01805] [8846    ] 0x40001804: "mov r8, r1" r1=0xbffff5b8 => r8=0xbffff5b8
[14:35:06 860][libnative-lib.so 0x01807] [fff72ce9] 0x40001806: "blx #0x40000a60"
[14:35:06 861][libnative-lib.so 0x00a60] [00c68fe2] 0x40000a60: "add ip, pc, #0, #12" => ip=0x40000a68
[14:35:06 861][libnative-lib.so 0x00a64] [05ca8ce2] 0x40000a64: "add ip, ip, #0x5000" ip=0x40000a68 => ip=0x40005a68
[14:35:06 861][libnative-lib.so 0x00a68] [30f5bce5] 0x40000a68: "ldr pc, [ip, #0x530]!" ip=0x40005a68
[14:35:06 861][libnative-lib.so 0x0180b] [d9f81820] 0x4000180a: "ldr.w r2, [sb, #0x18]" sb=0xfffe0ef0 => r2=0xfffe00b0
[14:35:06 861][libnative-lib.so 0x0180f] [8246    ] 0x4000180e: "mov sl, r0" r0=0x7 => sl=0x7
[14:35:06 861][libnative-lib.so 0x01811] [1849    ] 0x40001810: "ldr r1, [pc, #0x60]" => r1=0x2d69
[14:35:06 861][libnative-lib.so 0x01813] [2046    ] 0x40001812: "mov r0, r4" r4=0xfffe12a0 => r0=0xfffe12a0
[14:35:06 861][libnative-lib.so 0x01815] [7944    ] 0x40001814: "add r1, pc" r1=0x2d69 => r1=0x40004581
[14:35:06 861][libnative-lib.so 0x01817] [9047    ] 0x40001816: "blx r2" r2=0xfffe00b0 => lr=0x40001819
[14:35:06 861][libnative-lib.so 0x01819] [d9f89c22] 0x40001818: "ldr.w r2, [sb, #0x29c]" sb=0xfffe0ef0 => r2=0xfffe0c30
[14:35:06 861][libnative-lib.so 0x0181d] [8346    ] 0x4000181c: "mov fp, r0" r0=0x83d61724 => fp=0x83d61724
[14:35:06 861][libnative-lib.so 0x0181f] [1649    ] 0x4000181e: "ldr r1, [pc, #0x58]" => r1=0x2d6c
[14:35:06 861][libnative-lib.so 0x01821] [2046    ] 0x40001820: "mov r0, r4" r4=0xfffe12a0 => r0=0xfffe12a0
[14:35:06 861][libnative-lib.so 0x01823] [7944    ] 0x40001822: "add r1, pc" r1=0x2d6c => r1=0x40004592
[14:35:06 861][libnative-lib.so 0x01825] [9047    ] 0x40001824: "blx r2" r2=0xfffe0c30 => lr=0x40001827
[14:35:06 862][libnative-lib.so 0x01827] [0290    ] 0x40001826: "str r0, [sp, #8]" r0=0x32d992b2 sp=0xbffff550
[14:35:06 862][libnative-lib.so 0x01829] [2046    ] 0x40001828: "mov r0, r4" r4=0xfffe12a0 => r0=0xfffe12a0
[14:35:06 862][libnative-lib.so 0x0182b] [d9f88450] 0x4000182a: "ldr.w r5, [sb, #0x84]" sb=0xfffe0ef0 => r5=0xfffe0260
[14:35:06 862][libnative-lib.so 0x0182f] [5946    ] 0x4000182e: "mov r1, fp" fp=0x83d61724 => r1=0x83d61724
[14:35:06 862][libnative-lib.so 0x01831] [124a    ] 0x40001830: "ldr r2, [pc, #0x48]" => r2=0x2d60
[14:35:06 862][libnative-lib.so 0x01833] [134b    ] 0x40001832: "ldr r3, [pc, #0x4c]" => r3=0x2d65
[14:35:06 862][libnative-lib.so 0x01835] [7a44    ] 0x40001834: "add r2, pc" r2=0x2d60 => r2=0x40004598
[14:35:06 862][libnative-lib.so 0x01837] [7b44    ] 0x40001836: "add r3, pc" r3=0x2d65 => r3=0x4000459f
[14:35:06 862][libnative-lib.so 0x01839] [a847    ] 0x40001838: "blx r5" r5=0xfffe0260 => lr=0x4000183b
[14:35:06 862][libnative-lib.so 0x0183b] [d9f8c022] 0x4000183a: "ldr.w r2, [sb, #0x2c0]" sb=0xfffe0ef0 => r2=0xfffe0b50
[14:35:06 862][libnative-lib.so 0x0183f] [5146    ] 0x4000183e: "mov r1, sl" sl=0x7 => r1=0x7
[14:35:06 862][libnative-lib.so 0x01841] [0190    ] 0x40001840: "str r0, [sp, #4]" r0=0x782c535e sp=0xbffff550
[14:35:06 862][libnative-lib.so 0x01843] [2046    ] 0x40001842: "mov r0, r4" r4=0xfffe12a0 => r0=0xfffe12a0
[14:35:06 862][libnative-lib.so 0x01845] [9047    ] 0x40001844: "blx r2" r2=0xfffe0b50 => lr=0x40001847
[14:35:06 863][libnative-lib.so 0x01847] [d9f84063] 0x40001846: "ldr.w r6, [sb, #0x340]" sb=0xfffe0ef0 => r6=0xfffe0d50
[14:35:06 863][libnative-lib.so 0x0184b] [0546    ] 0x4000184a: "mov r5, r0" r0=0x215be6bb => r5=0x215be6bb
[14:35:06 863][libnative-lib.so 0x0184d] [2046    ] 0x4000184c: "mov r0, r4" r4=0xfffe12a0 => r0=0xfffe12a0
[14:35:06 863][libnative-lib.so 0x0184f] [2946    ] 0x4000184e: "mov r1, r5" r5=0x215be6bb => r1=0x215be6bb
[14:35:06 863][libnative-lib.so 0x01851] [0022    ] 0x40001850: "movs r2, #0" => r2=0x0
[14:35:06 863][libnative-lib.so 0x01853] [5346    ] 0x40001852: "mov r3, sl" sl=0x7 => r3=0x7
[14:35:06 863][libnative-lib.so 0x01855] [cdf80080] 0x40001854: "str.w r8, [sp]" r8=0xbffff5b8 sp=0xbffff550
[14:35:06 863][libnative-lib.so 0x01859] [b047    ] 0x40001858: "blx r6" r6=0xfffe0d50 => lr=0x4000185b
[14:35:06 863][libnative-lib.so 0x0185b] [d9f87060] 0x4000185a: "ldr.w r6, [sb, #0x70]" sb=0xfffe0ef0 => r6=0xfffe0210
[14:35:06 863][libnative-lib.so 0x0185f] [5946    ] 0x4000185e: "mov r1, fp" fp=0x83d61724 => r1=0x83d61724
[14:35:06 863][libnative-lib.so 0x01861] [019a    ] 0x40001860: "ldr r2, [sp, #4]" sp=0xbffff550 => r2=0x782c535e
[14:35:06 863][libnative-lib.so 0x01863] [2b46    ] 0x40001862: "mov r3, r5" r5=0x215be6bb => r3=0x215be6bb
[14:35:06 864][libnative-lib.so 0x01865] [0298    ] 0x40001864: "ldr r0, [sp, #8]" sp=0xbffff550 => r0=0x32d992b2
[14:35:06 864][libnative-lib.so 0x01867] [0090    ] 0x40001866: "str r0, [sp]" r0=0x32d992b2 sp=0xbffff550
[14:35:06 864][libnative-lib.so 0x01869] [2046    ] 0x40001868: "mov r0, r4" r4=0xfffe12a0 => r0=0xfffe12a0
[14:35:06 864][libnative-lib.so 0x0186b] [b047    ] 0x4000186a: "blx r6" r6=0xfffe0210 => lr=0x4000186d
[14:35:06 864][libnative-lib.so 0x0186d] [bde80e0f] 0x4000186c: "pop.w {r1, r2, r3, r8, sb, sl, fp}" sp=0xbffff550 => sp=0xbffff56c r1=0x32d992b2 r2=0x782c535e r3=0x32d992b2 r8=0xfffe12a0 sb=0x46f5f779 sl=0xbffff5b8 fp=0xbffff5c5
[14:35:06 864][libnative-lib.so 0x01871] [f0bd    ] 0x40001870: "pop {r4, r5, r6, r7, pc}" sp=0xbffff56c
[14:35:06 864][libnative-lib.so 0x03d81] [059d    ] 0x40003d80: "ldr r5, [sp, #0x14]" sp=0xbffff580 => r5=0x40120ec0
[14:35:06 864][libnative-lib.so 0x03d83] [8146    ] 0x40003d82: "mov sb, r0" r0=0x5dfcfece => sb=0x5dfcfece
[14:35:06 864][libnative-lib.so 0x03d85] [2868    ] 0x40003d84: "ldr r0, [r5]" r5=0x40120ec0 => r0=0x0
[14:35:06 864][libnative-lib.so 0x03d87] [5a99    ] 0x40003d86: "ldr r1, [sp, #0x168]" sp=0xbffff580 => r1=0x0
[14:35:06 865][libnative-lib.so 0x03d89] [401a    ] 0x40003d88: "subs r0, r0, r1" r0=0x0 r1=0x0 => r0=0x0
[14:35:06 865][libnative-lib.so 0x03d8b] [01bf    ] 0x40003d8a: "itttt eq"
[14:35:06 865][libnative-lib.so 0x03d8d] [4846    ] 0x40003d8c: "mov r0, sb" sb=0x5dfcfece => r0=0x5dfcfece
[14:35:06 865][libnative-lib.so 0x03d8f] [a7f11c04] 0x40003d8e: "sub.w r4, r7, #0x1c" r7=0xbffff710 => r4=0xbffff6f4
[14:35:06 865][libnative-lib.so 0x03d93] [a546    ] 0x40003d92: "mov sp, r4" r4=0xbffff6f4 => sp=0xbffff6f4
[14:35:06 865][libnative-lib.so 0x03d95] [bde8000f] 0x40003d94: "pop.w {r8, sb, sl, fp}" sp=0xbffff6f4 => sp=0xbffff704 r8=0x0 sb=0x0 sl=0x0 fp=0x0
[14:35:06 865][libnative-lib.so 0x03d99] [08bf    ] 0x40003d98: "it eq"
[14:35:06 865][libnative-lib.so 0x03d9b] [f0bd    ] 0x40003d9a: "pop {r4, r5, r6, r7, pc}" sp=0xbffff704